2023-08-26 11:42:13.678 [info] Added views:workbench.panel.markers.view in workbench.panel.markers
2023-08-26 11:42:13.678 [info] Added views:workbench.panel.output in workbench.panel.output
2023-08-26 11:42:13.678 [info] Added views:terminal in terminal
2023-08-26 11:42:13.678 [info] Added views:outline in workbench.view.explorer
2023-08-26 11:42:13.678 [info] Added views:workbench.scm in workbench.view.scm
2023-08-26 11:42:13.678 [info] Added views:workbench.view.search in workbench.view.search
2023-08-26 11:42:13.678 [info] Added views:timeline in workbench.view.explorer
2023-08-26 11:42:13.678 [info] Added views:workbench.explorer.fileView in workbench.view.explorer
2023-08-26 11:42:14.081 [info] Added views:workbench.debug.variablesView,workbench.debug.watchExpressionsView,workbench.debug.callStackView,workbench.debug.breakPointsView in workbench.view.debug
2023-08-26 11:42:14.092 [info] Added views:workbench.panel.repl.view in workbench.panel.repl
2023-08-26 11:42:14.094 [info] Removed views:workbench.debug.breakPointsView,workbench.debug.callStackView,workbench.debug.watchExpressionsView,workbench.debug.variablesView from workbench.view.debug
2023-08-26 11:42:14.094 [info] Added views:workbench.debug.welcome in workbench.view.debug
2023-08-26 11:42:27.983 [info] Added views:workbench.panel.markers.view in workbench.panel.markers
2023-08-26 11:42:27.983 [info] Added views:workbench.panel.output in workbench.panel.output
2023-08-26 11:42:27.983 [info] Added views:terminal in terminal
2023-08-26 11:42:27.983 [info] Added views:outline in workbench.view.explorer
2023-08-26 11:42:27.983 [info] Added views:workbench.scm in workbench.view.scm
2023-08-26 11:42:27.983 [info] Added views:workbench.view.search in workbench.view.search
2023-08-26 11:42:27.983 [info] Added views:timeline in workbench.view.explorer
2023-08-26 11:42:27.983 [info] Added views:workbench.explorer.fileView in workbench.view.explorer
2023-08-26 11:42:28.276 [info] Added views:workbench.debug.variablesView,workbench.debug.watchExpressionsView,workbench.debug.callStackView,workbench.debug.breakPointsView in workbench.view.debug
2023-08-26 11:42:28.297 [info] Added views:workbench.panel.repl.view in workbench.panel.repl
2023-08-26 11:42:28.298 [info] Removed views:workbench.debug.breakPointsView,workbench.debug.callStackView,workbench.debug.watchExpressionsView,workbench.debug.variablesView from workbench.view.debug
2023-08-26 11:42:28.298 [info] Added views:workbench.debug.welcome in workbench.view.debug
