2023-08-24 11:32:14.337 [info] Reading sessions from keychain...
2023-08-24 11:32:14.337 [info] Getting sessions for all scopes...
2023-08-24 11:32:14.337 [info] Getting sessions for user:email...
2023-08-24 11:32:14.347 [info] Got stored sessions!
2023-08-24 11:32:14.347 [info] Got 1 verified sessions.
2023-08-24 11:32:14.347 [info] Got 1 sessions for ...
2023-08-24 11:32:14.347 [info] Got 1 sessions for user:email...
2023-08-24 11:32:14.363 [info] Getting sessions for read:user...
2023-08-24 11:32:14.363 [info] Got 0 sessions for read:user...
2023-08-24 11:32:14.463 [info] Getting sessions for user:email...
2023-08-24 11:32:14.463 [info] Got 1 sessions for user:email...
2023-08-24 11:32:14.468 [info] Getting sessions for all scopes...
2023-08-24 11:32:14.468 [info] Got 1 sessions for ...
2023-08-24 11:32:14.517 [info] Getting sessions for all scopes...
2023-08-24 11:32:14.518 [info] Got 1 sessions for ...
2023-08-24 11:32:22.425 [info] Getting sessions for read:user,repo,user:email,workflow...
2023-08-24 11:32:22.425 [info] Got 0 sessions for read:user,repo,user:email,workflow...
2023-08-24 11:38:18.235 [info] Reading sessions from keychain...
2023-08-24 11:38:18.235 [info] Getting sessions for all scopes...
2023-08-24 11:38:18.235 [info] Getting sessions for user:email...
2023-08-24 11:38:18.235 [info] Got stored sessions!
2023-08-24 11:38:18.235 [info] Got 1 verified sessions.
2023-08-24 11:38:18.235 [info] Got 1 sessions for ...
2023-08-24 11:38:18.235 [info] Got 1 sessions for user:email...
2023-08-24 11:38:18.248 [info] Getting sessions for read:user,repo,user:email,workflow...
2023-08-24 11:38:18.248 [info] Got 0 sessions for read:user,repo,user:email,workflow...
2023-08-24 11:38:18.270 [info] Getting sessions for read:user...
2023-08-24 11:38:18.270 [info] Got 0 sessions for read:user...
2023-08-24 11:38:18.311 [info] Getting sessions for user:email...
2023-08-24 11:38:18.311 [info] Got 1 sessions for user:email...
2023-08-24 11:38:18.313 [info] Getting sessions for all scopes...
2023-08-24 11:38:18.313 [info] Got 1 sessions for ...
2023-08-24 11:38:18.362 [info] Getting sessions for all scopes...
2023-08-24 11:38:18.362 [info] Got 1 sessions for ...
2023-08-24 11:38:34.418 [info] Reading sessions from keychain...
2023-08-24 11:38:34.418 [info] Getting sessions for all scopes...
2023-08-24 11:38:34.418 [info] Getting sessions for user:email...
2023-08-24 11:38:34.418 [info] Got stored sessions!
2023-08-24 11:38:34.418 [info] Got 1 verified sessions.
2023-08-24 11:38:34.418 [info] Got 1 sessions for ...
2023-08-24 11:38:34.418 [info] Got 1 sessions for user:email...
2023-08-24 11:38:34.418 [info] Getting sessions for all scopes...
2023-08-24 11:38:34.418 [info] Got 1 sessions for ...
2023-08-24 11:38:34.658 [info] Getting sessions for read:user...
2023-08-24 11:38:34.658 [info] Got 0 sessions for read:user...
2023-08-24 11:38:34.838 [info] Getting sessions for user:email...
2023-08-24 11:38:34.838 [info] Got 1 sessions for user:email...
2023-08-24 11:38:34.855 [info] Getting sessions for all scopes...
2023-08-24 11:38:34.855 [info] Got 1 sessions for ...
2023-08-24 12:03:35.206 [info] Getting sessions for read:user...
2023-08-24 12:03:35.206 [info] Got 0 sessions for read:user...
2023-08-24 12:03:35.209 [info] Getting sessions for user:email...
2023-08-24 12:03:35.209 [info] Got 1 sessions for user:email...
2023-08-24 12:28:35.604 [info] Getting sessions for read:user...
2023-08-24 12:28:35.605 [info] Got 0 sessions for read:user...
2023-08-24 12:28:35.607 [info] Getting sessions for user:email...
2023-08-24 12:28:35.607 [info] Got 1 sessions for user:email...
