2023-08-26 19:35:11.445 [info] Reading sessions from keychain...
2023-08-26 19:35:11.445 [info] Getting sessions for all scopes...
2023-08-26 19:35:11.445 [info] Getting sessions for user:email...
2023-08-26 19:35:11.446 [info] Got stored sessions!
2023-08-26 19:35:11.446 [info] Got 1 verified sessions.
2023-08-26 19:35:11.446 [info] Got 1 sessions for ...
2023-08-26 19:35:11.446 [info] Got 1 sessions for user:email...
2023-08-26 19:35:11.465 [info] Getting sessions for read:user,repo,user:email,workflow...
2023-08-26 19:35:11.465 [info] Got 0 sessions for read:user,repo,user:email,workflow...
2023-08-26 19:35:11.497 [info] Getting sessions for read:user...
2023-08-26 19:35:11.497 [info] Got 0 sessions for read:user...
2023-08-26 19:35:11.500 [info] Getting sessions for all scopes...
2023-08-26 19:35:11.500 [info] Got 1 sessions for ...
2023-08-26 19:35:11.507 [info] Getting sessions for user:email...
2023-08-26 19:35:11.507 [info] Got 1 sessions for user:email...
2023-08-26 19:35:11.528 [info] Getting sessions for all scopes...
2023-08-26 19:35:11.528 [info] Got 1 sessions for ...
2023-08-26 20:00:11.930 [info] Getting sessions for read:user...
2023-08-26 20:00:11.930 [info] Got 0 sessions for read:user...
2023-08-26 20:00:11.931 [info] Getting sessions for user:email...
2023-08-26 20:00:11.931 [info] Got 1 sessions for user:email...
2023-08-26 20:30:54.244 [info] Getting sessions for read:user...
2023-08-26 20:30:54.244 [info] Got 0 sessions for read:user...
2023-08-26 20:30:54.247 [info] Getting sessions for user:email...
2023-08-26 20:30:54.247 [info] Got 1 sessions for user:email...
2023-08-26 20:55:54.548 [info] Getting sessions for read:user...
2023-08-26 20:55:54.548 [info] Got 0 sessions for read:user...
2023-08-26 20:55:54.548 [info] Getting sessions for user:email...
2023-08-26 20:55:54.548 [info] Got 1 sessions for user:email...
2023-08-26 21:40:22.035 [info] Getting sessions for read:user...
2023-08-26 21:40:22.035 [info] Got 0 sessions for read:user...
2023-08-26 21:40:22.038 [info] Getting sessions for user:email...
2023-08-26 21:40:22.038 [info] Got 1 sessions for user:email...
2023-08-26 21:40:22.180 [info] Getting sessions for read:user...
2023-08-26 21:40:22.181 [info] Got 0 sessions for read:user...
2023-08-26 21:40:22.183 [info] Getting sessions for user:email...
2023-08-26 21:40:22.183 [info] Got 1 sessions for user:email...
2023-08-26 21:40:22.413 [info] Getting sessions for read:user...
2023-08-26 21:40:22.413 [info] Got 0 sessions for read:user...
2023-08-26 21:40:22.415 [info] Getting sessions for user:email...
2023-08-26 21:40:22.416 [info] Got 1 sessions for user:email...
2023-08-26 21:49:07.399 [info] Getting sessions for read:user...
2023-08-26 21:49:07.399 [info] Got 0 sessions for read:user...
2023-08-26 21:49:07.400 [info] Getting sessions for user:email...
2023-08-26 21:49:07.400 [info] Got 1 sessions for user:email...
2023-08-26 22:14:07.674 [info] Getting sessions for read:user...
2023-08-26 22:14:07.674 [info] Got 0 sessions for read:user...
2023-08-26 22:14:07.675 [info] Getting sessions for user:email...
2023-08-26 22:14:07.675 [info] Got 1 sessions for user:email...
2023-08-26 22:39:08.091 [info] Getting sessions for read:user...
2023-08-26 22:39:08.091 [info] Got 0 sessions for read:user...
2023-08-26 22:39:08.094 [info] Getting sessions for user:email...
2023-08-26 22:39:08.095 [info] Got 1 sessions for user:email...
