2023-08-26 11:42:14.216 [info] Log level: Info
2023-08-26 11:42:14.216 [info] Validating found git in: "git"
2023-08-26 11:42:14.216 [info] Using git "2.42.0" from "git"
2023-08-26 11:42:14.216 [info] > git rev-parse --show-toplevel [6ms]
2023-08-26 11:42:14.216 [info] > git rev-parse --show-toplevel [9ms]
2023-08-26 11:42:14.216 [info] > git rev-parse --show-toplevel [1ms]
2023-08-26 11:42:14.220 [info] > git rev-parse --show-toplevel [1ms]
2023-08-26 11:42:14.225 [info] > git rev-parse --show-toplevel [0ms]
2023-08-26 11:42:14.832 [info] > git rev-parse --show-toplevel [9ms]
2023-08-26 11:42:14.840 [info] > git rev-parse --show-toplevel [4ms]
2023-08-26 11:42:14.845 [info] > git rev-parse --show-toplevel [1ms]
2023-08-26 11:42:28.435 [info] Log level: Info
2023-08-26 11:42:28.435 [info] Validating found git in: "git"
2023-08-26 11:42:28.435 [info] Using git "2.42.0" from "git"
2023-08-26 11:42:28.435 [info] > git rev-parse --show-toplevel [1ms]
2023-08-26 11:42:28.441 [info] > git rev-parse --git-dir --git-common-dir [2ms]
2023-08-26 11:42:28.453 [info] Open repository: /home/joshuacrotts/files/college/iu/fall-2023/p424/ljcrotts-P424-Fall2023
2023-08-26 11:42:28.486 [info] > git config --get commit.template [21ms]
2023-08-26 11:42:28.609 [info] > git rev-parse --show-toplevel [124ms]
2023-08-26 11:42:29.088 [info] > git for-each-ref --format=%(refname)%00%(upstream:short)%00%(objectname)%00%(upstream:track)%00%(upstream:remotename)%00%(upstream:remoteref) refs/heads/main refs/remotes/main [14ms]
2023-08-26 11:42:29.095 [info] > git status -z -uall [2ms]
2023-08-26 11:42:29.111 [info] > git config --get commit.template [3ms]
2023-08-26 11:42:29.118 [info] > git for-each-ref --format=%(refname)%00%(upstream:short)%00%(objectname)%00%(upstream:track)%00%(upstream:remotename)%00%(upstream:remoteref) refs/heads/main refs/remotes/main [1ms]
2023-08-26 11:42:29.130 [info] > git status -z -uall [7ms]
2023-08-26 11:42:29.588 [info] > git check-ignore -v -z --stdin [1ms]
2023-08-26 11:42:30.336 [info] > git check-ignore -v -z --stdin [2ms]
2023-08-26 11:42:30.718 [info] > git show --textconv :A1/src/A1.hs [8ms]
2023-08-26 11:42:30.719 [info] > git ls-files --stage -- /home/joshuacrotts/files/college/iu/fall-2023/p424/ljcrotts-P424-Fall2023/A1/src/A1.hs [2ms]
2023-08-26 11:42:52.945 [info] > git config --get commit.template [2ms]
2023-08-26 11:42:52.956 [info] > git for-each-ref --format=%(refname)%00%(upstream:short)%00%(objectname)%00%(upstream:track)%00%(upstream:remotename)%00%(upstream:remoteref) refs/heads/main refs/remotes/main [2ms]
2023-08-26 11:42:52.964 [info] > git status -z -uall [1ms]
2023-08-26 11:43:04.460 [info] > git config --get commit.template [4ms]
2023-08-26 11:43:04.470 [info] > git for-each-ref --format=%(refname)%00%(upstream:short)%00%(objectname)%00%(upstream:track)%00%(upstream:remotename)%00%(upstream:remoteref) refs/heads/main refs/remotes/main [2ms]
2023-08-26 11:43:04.482 [info] > git status -z -uall [2ms]
2023-08-26 11:43:15.868 [info] > git config --get commit.template [14ms]
2023-08-26 11:43:15.869 [info] > git for-each-ref --format=%(refname)%00%(upstream:short)%00%(objectname)%00%(upstream:track)%00%(upstream:remotename)%00%(upstream:remoteref) refs/heads/main refs/remotes/main [3ms]
2023-08-26 11:43:15.879 [info] > git status -z -uall [1ms]
2023-08-26 11:43:31.982 [info] > git config --get commit.template [2ms]
2023-08-26 11:43:31.995 [info] > git for-each-ref --format=%(refname)%00%(upstream:short)%00%(objectname)%00%(upstream:track)%00%(upstream:remotename)%00%(upstream:remoteref) refs/heads/main refs/remotes/main [2ms]
2023-08-26 11:43:32.005 [info] > git status -z -uall [1ms]
2023-08-26 11:44:02.526 [info] > git config --get commit.template [14ms]
2023-08-26 11:44:02.526 [info] > git for-each-ref --format=%(refname)%00%(upstream:short)%00%(objectname)%00%(upstream:track)%00%(upstream:remotename)%00%(upstream:remoteref) refs/heads/main refs/remotes/main [3ms]
2023-08-26 11:44:02.536 [info] > git status -z -uall [1ms]
2023-08-26 11:44:12.320 [info] > git config --get commit.template [12ms]
2023-08-26 11:44:12.320 [info] > git for-each-ref --format=%(refname)%00%(upstream:short)%00%(objectname)%00%(upstream:track)%00%(upstream:remotename)%00%(upstream:remoteref) refs/heads/main refs/remotes/main [2ms]
2023-08-26 11:44:12.330 [info] > git status -z -uall [2ms]
2023-08-26 11:44:14.940 [info] > git check-ignore -v -z --stdin [2ms]
2023-08-26 11:44:15.213 [info] > git show --textconv :A1/test/Spec.hs [13ms]
2023-08-26 11:44:15.215 [info] > git ls-files --stage -- /home/joshuacrotts/files/college/iu/fall-2023/p424/ljcrotts-P424-Fall2023/A1/test/Spec.hs [3ms]
2023-08-26 11:44:26.970 [info] > git config --get commit.template [13ms]
2023-08-26 11:44:26.971 [info] > git for-each-ref --format=%(refname)%00%(upstream:short)%00%(objectname)%00%(upstream:track)%00%(upstream:remotename)%00%(upstream:remoteref) refs/heads/main refs/remotes/main [0ms]
2023-08-26 11:44:26.979 [info] > git status -z -uall [1ms]
2023-08-26 11:44:46.332 [info] > git config --get commit.template [13ms]
2023-08-26 11:44:46.333 [info] > git for-each-ref --format=%(refname)%00%(upstream:short)%00%(objectname)%00%(upstream:track)%00%(upstream:remotename)%00%(upstream:remoteref) refs/heads/main refs/remotes/main [2ms]
2023-08-26 11:44:46.343 [info] > git status -z -uall [1ms]
2023-08-26 11:45:49.673 [info] > git config --get commit.template [14ms]
2023-08-26 11:45:49.675 [info] > git for-each-ref --format=%(refname)%00%(upstream:short)%00%(objectname)%00%(upstream:track)%00%(upstream:remotename)%00%(upstream:remoteref) refs/heads/main refs/remotes/main [3ms]
2023-08-26 11:45:49.685 [info] > git status -z -uall [1ms]
2023-08-26 11:46:08.868 [info] > git config --get commit.template [8ms]
2023-08-26 11:46:08.869 [info] > git for-each-ref --format=%(refname)%00%(upstream:short)%00%(objectname)%00%(upstream:track)%00%(upstream:remotename)%00%(upstream:remoteref) refs/heads/main refs/remotes/main [1ms]
2023-08-26 11:46:08.878 [info] > git status -z -uall [1ms]
2023-08-26 11:46:36.774 [info] > git config --get commit.template [8ms]
2023-08-26 11:46:36.775 [info] > git for-each-ref --format=%(refname)%00%(upstream:short)%00%(objectname)%00%(upstream:track)%00%(upstream:remotename)%00%(upstream:remoteref) refs/heads/main refs/remotes/main [2ms]
2023-08-26 11:46:36.784 [info] > git status -z -uall [1ms]
2023-08-26 11:47:12.854 [info] > git config --get commit.template [3ms]
2023-08-26 11:47:12.866 [info] > git for-each-ref --format=%(refname)%00%(upstream:short)%00%(objectname)%00%(upstream:track)%00%(upstream:remotename)%00%(upstream:remoteref) refs/heads/main refs/remotes/main [1ms]
2023-08-26 11:47:12.874 [info] > git status -z -uall [1ms]
2023-08-26 11:47:47.884 [info] > git config --get commit.template [14ms]
2023-08-26 11:47:47.885 [info] > git for-each-ref --format=%(refname)%00%(upstream:short)%00%(objectname)%00%(upstream:track)%00%(upstream:remotename)%00%(upstream:remoteref) refs/heads/main refs/remotes/main [2ms]
2023-08-26 11:47:47.895 [info] > git status -z -uall [1ms]
2023-08-26 11:48:00.445 [info] > git config --get commit.template [15ms]
2023-08-26 11:48:00.446 [info] > git for-each-ref --format=%(refname)%00%(upstream:short)%00%(objectname)%00%(upstream:track)%00%(upstream:remotename)%00%(upstream:remoteref) refs/heads/main refs/remotes/main [2ms]
2023-08-26 11:48:00.460 [info] > git status -z -uall [3ms]
2023-08-26 11:48:51.689 [info] > git config --get commit.template [13ms]
2023-08-26 11:48:51.689 [info] > git for-each-ref --format=%(refname)%00%(upstream:short)%00%(objectname)%00%(upstream:track)%00%(upstream:remotename)%00%(upstream:remoteref) refs/heads/main refs/remotes/main [1ms]
2023-08-26 11:48:51.700 [info] > git status -z -uall [2ms]
2023-08-26 11:49:53.315 [info] > git config --get commit.template [10ms]
2023-08-26 11:49:53.316 [info] > git for-each-ref --format=%(refname)%00%(upstream:short)%00%(objectname)%00%(upstream:track)%00%(upstream:remotename)%00%(upstream:remoteref) refs/heads/main refs/remotes/main [1ms]
2023-08-26 11:49:53.324 [info] > git status -z -uall [1ms]
2023-08-26 11:51:03.179 [info] > git config --get commit.template [13ms]
2023-08-26 11:51:03.180 [info] > git for-each-ref --format=%(refname)%00%(upstream:short)%00%(objectname)%00%(upstream:track)%00%(upstream:remotename)%00%(upstream:remoteref) refs/heads/main refs/remotes/main [1ms]
2023-08-26 11:51:03.190 [info] > git status -z -uall [2ms]
2023-08-26 11:51:24.006 [info] > git config --get commit.template [6ms]
2023-08-26 11:51:24.007 [info] > git for-each-ref --format=%(refname)%00%(upstream:short)%00%(objectname)%00%(upstream:track)%00%(upstream:remotename)%00%(upstream:remoteref) refs/heads/main refs/remotes/main [1ms]
2023-08-26 11:51:24.014 [info] > git status -z -uall [1ms]
2023-08-26 11:51:36.678 [info] > git config --get commit.template [7ms]
2023-08-26 11:51:36.679 [info] > git for-each-ref --format=%(refname)%00%(upstream:short)%00%(objectname)%00%(upstream:track)%00%(upstream:remotename)%00%(upstream:remoteref) refs/heads/main refs/remotes/main [1ms]
2023-08-26 11:51:36.685 [info] > git status -z -uall [1ms]
2023-08-26 11:52:03.810 [info] > git config --get commit.template [10ms]
2023-08-26 11:52:03.810 [info] > git for-each-ref --format=%(refname)%00%(upstream:short)%00%(objectname)%00%(upstream:track)%00%(upstream:remotename)%00%(upstream:remoteref) refs/heads/main refs/remotes/main [2ms]
2023-08-26 11:52:03.823 [info] > git status -z -uall [3ms]
2023-08-26 11:53:33.232 [info] > git config --get commit.template [15ms]
2023-08-26 11:53:33.232 [info] > git for-each-ref --format=%(refname)%00%(upstream:short)%00%(objectname)%00%(upstream:track)%00%(upstream:remotename)%00%(upstream:remoteref) refs/heads/main refs/remotes/main [2ms]
2023-08-26 11:53:33.243 [info] > git status -z -uall [1ms]
2023-08-26 11:54:06.691 [info] > git config --get commit.template [14ms]
2023-08-26 11:54:06.691 [info] > git for-each-ref --format=%(refname)%00%(upstream:short)%00%(objectname)%00%(upstream:track)%00%(upstream:remotename)%00%(upstream:remoteref) refs/heads/main refs/remotes/main [2ms]
2023-08-26 11:54:06.702 [info] > git status -z -uall [2ms]
2023-08-26 11:56:43.046 [info] > git config --get commit.template [13ms]
2023-08-26 11:56:43.046 [info] > git for-each-ref --format=%(refname)%00%(upstream:short)%00%(objectname)%00%(upstream:track)%00%(upstream:remotename)%00%(upstream:remoteref) refs/heads/main refs/remotes/main [2ms]
2023-08-26 11:56:43.056 [info] > git status -z -uall [1ms]
2023-08-26 11:56:48.705 [info] > git config --get commit.template [13ms]
2023-08-26 11:56:48.706 [info] > git for-each-ref --format=%(refname)%00%(upstream:short)%00%(objectname)%00%(upstream:track)%00%(upstream:remotename)%00%(upstream:remoteref) refs/heads/main refs/remotes/main [2ms]
2023-08-26 11:56:48.716 [info] > git status -z -uall [1ms]
2023-08-26 12:00:04.278 [info] > git config --get commit.template [1ms]
2023-08-26 12:00:04.288 [info] > git for-each-ref --format=%(refname)%00%(upstream:short)%00%(objectname)%00%(upstream:track)%00%(upstream:remotename)%00%(upstream:remoteref) refs/heads/main refs/remotes/main [2ms]
2023-08-26 12:00:04.300 [info] > git status -z -uall [1ms]
2023-08-26 12:00:46.051 [info] > git config --get commit.template [13ms]
2023-08-26 12:00:46.052 [info] > git for-each-ref --format=%(refname)%00%(upstream:short)%00%(objectname)%00%(upstream:track)%00%(upstream:remotename)%00%(upstream:remoteref) refs/heads/main refs/remotes/main [2ms]
2023-08-26 12:00:46.063 [info] > git status -z -uall [2ms]
2023-08-26 12:00:54.455 [info] > git config --get commit.template [13ms]
2023-08-26 12:00:54.456 [info] > git for-each-ref --format=%(refname)%00%(upstream:short)%00%(objectname)%00%(upstream:track)%00%(upstream:remotename)%00%(upstream:remoteref) refs/heads/main refs/remotes/main [2ms]
2023-08-26 12:00:54.467 [info] > git status -z -uall [2ms]
2023-08-26 12:01:24.396 [info] > git config --get commit.template [8ms]
2023-08-26 12:01:24.397 [info] > git for-each-ref --format=%(refname)%00%(upstream:short)%00%(objectname)%00%(upstream:track)%00%(upstream:remotename)%00%(upstream:remoteref) refs/heads/main refs/remotes/main [2ms]
2023-08-26 12:01:24.404 [info] > git status -z -uall [1ms]
2023-08-26 12:02:45.408 [info] > git config --get commit.template [11ms]
2023-08-26 12:02:45.408 [info] > git for-each-ref --format=%(refname)%00%(upstream:short)%00%(objectname)%00%(upstream:track)%00%(upstream:remotename)%00%(upstream:remoteref) refs/heads/main refs/remotes/main [1ms]
2023-08-26 12:02:45.419 [info] > git status -z -uall [1ms]
2023-08-26 12:03:38.653 [info] > git config --get commit.template [8ms]
2023-08-26 12:03:38.653 [info] > git for-each-ref --format=%(refname)%00%(upstream:short)%00%(objectname)%00%(upstream:track)%00%(upstream:remotename)%00%(upstream:remoteref) refs/heads/main refs/remotes/main [1ms]
2023-08-26 12:03:38.659 [info] > git status -z -uall [1ms]
2023-08-26 12:05:43.468 [info] > git config --get commit.template [2ms]
2023-08-26 12:05:43.475 [info] > git for-each-ref --format=%(refname)%00%(upstream:short)%00%(objectname)%00%(upstream:track)%00%(upstream:remotename)%00%(upstream:remoteref) refs/heads/main refs/remotes/main [0ms]
2023-08-26 12:05:43.482 [info] > git status -z -uall [1ms]
2023-08-26 12:06:37.374 [info] > git config --get commit.template [12ms]
2023-08-26 12:06:37.374 [info] > git for-each-ref --format=%(refname)%00%(upstream:short)%00%(objectname)%00%(upstream:track)%00%(upstream:remotename)%00%(upstream:remoteref) refs/heads/main refs/remotes/main [1ms]
2023-08-26 12:06:37.384 [info] > git status -z -uall [2ms]
2023-08-26 12:07:00.412 [info] > git config --get commit.template [13ms]
2023-08-26 12:07:00.412 [info] > git for-each-ref --format=%(refname)%00%(upstream:short)%00%(objectname)%00%(upstream:track)%00%(upstream:remotename)%00%(upstream:remoteref) refs/heads/main refs/remotes/main [2ms]
2023-08-26 12:07:00.423 [info] > git status -z -uall [2ms]
2023-08-26 12:08:56.152 [info] > git config --get commit.template [12ms]
2023-08-26 12:08:56.153 [info] > git for-each-ref --format=%(refname)%00%(upstream:short)%00%(objectname)%00%(upstream:track)%00%(upstream:remotename)%00%(upstream:remoteref) refs/heads/main refs/remotes/main [1ms]
2023-08-26 12:08:56.163 [info] > git status -z -uall [2ms]
2023-08-26 12:10:14.392 [info] > git config --get commit.template [10ms]
2023-08-26 12:10:14.392 [info] > git for-each-ref --format=%(refname)%00%(upstream:short)%00%(objectname)%00%(upstream:track)%00%(upstream:remotename)%00%(upstream:remoteref) refs/heads/main refs/remotes/main [1ms]
2023-08-26 12:10:14.402 [info] > git status -z -uall [1ms]
2023-08-26 12:10:19.422 [info] > git config --get commit.template [3ms]
2023-08-26 12:10:19.435 [info] > git for-each-ref --format=%(refname)%00%(upstream:short)%00%(objectname)%00%(upstream:track)%00%(upstream:remotename)%00%(upstream:remoteref) refs/heads/main refs/remotes/main [1ms]
2023-08-26 12:10:19.445 [info] > git status -z -uall [2ms]
2023-08-26 12:14:26.308 [info] > git config --get commit.template [14ms]
2023-08-26 12:14:26.308 [info] > git for-each-ref --format=%(refname)%00%(upstream:short)%00%(objectname)%00%(upstream:track)%00%(upstream:remotename)%00%(upstream:remoteref) refs/heads/main refs/remotes/main [2ms]
2023-08-26 12:14:26.321 [info] > git status -z -uall [2ms]
2023-08-26 12:17:52.968 [info] > git config --get commit.template [14ms]
2023-08-26 12:17:52.968 [info] > git for-each-ref --format=%(refname)%00%(upstream:short)%00%(objectname)%00%(upstream:track)%00%(upstream:remotename)%00%(upstream:remoteref) refs/heads/main refs/remotes/main [2ms]
2023-08-26 12:17:52.982 [info] > git status -z -uall [1ms]
2023-08-26 12:17:58.015 [info] > git config --get commit.template [14ms]
2023-08-26 12:17:58.015 [info] > git for-each-ref --format=%(refname)%00%(upstream:short)%00%(objectname)%00%(upstream:track)%00%(upstream:remotename)%00%(upstream:remoteref) refs/heads/main refs/remotes/main [2ms]
2023-08-26 12:17:58.028 [info] > git status -z -uall [2ms]
2023-08-26 12:18:03.054 [info] > git config --get commit.template [8ms]
2023-08-26 12:18:03.054 [info] > git for-each-ref --format=%(refname)%00%(upstream:short)%00%(objectname)%00%(upstream:track)%00%(upstream:remotename)%00%(upstream:remoteref) refs/heads/main refs/remotes/main [1ms]
2023-08-26 12:18:03.060 [info] > git status -z -uall [1ms]
2023-08-26 12:18:11.083 [info] > git config --get commit.template [11ms]
2023-08-26 12:18:11.083 [info] > git for-each-ref --format=%(refname)%00%(upstream:short)%00%(objectname)%00%(upstream:track)%00%(upstream:remotename)%00%(upstream:remoteref) refs/heads/main refs/remotes/main [1ms]
2023-08-26 12:18:11.094 [info] > git status -z -uall [1ms]
2023-08-26 12:18:16.125 [info] > git config --get commit.template [14ms]
2023-08-26 12:18:16.126 [info] > git for-each-ref --format=%(refname)%00%(upstream:short)%00%(objectname)%00%(upstream:track)%00%(upstream:remotename)%00%(upstream:remoteref) refs/heads/main refs/remotes/main [2ms]
2023-08-26 12:18:16.137 [info] > git status -z -uall [1ms]
2023-08-26 12:18:24.879 [info] > git config --get commit.template [15ms]
2023-08-26 12:18:24.880 [info] > git for-each-ref --format=%(refname)%00%(upstream:short)%00%(objectname)%00%(upstream:track)%00%(upstream:remotename)%00%(upstream:remoteref) refs/heads/main refs/remotes/main [2ms]
2023-08-26 12:18:24.891 [info] > git status -z -uall [1ms]
2023-08-26 12:18:37.986 [info] > git config --get commit.template [13ms]
2023-08-26 12:18:37.986 [info] > git for-each-ref --format=%(refname)%00%(upstream:short)%00%(objectname)%00%(upstream:track)%00%(upstream:remotename)%00%(upstream:remoteref) refs/heads/main refs/remotes/main [2ms]
2023-08-26 12:18:37.999 [info] > git status -z -uall [1ms]
2023-08-26 12:18:47.033 [info] > git config --get commit.template [13ms]
2023-08-26 12:18:47.033 [info] > git for-each-ref --format=%(refname)%00%(upstream:short)%00%(objectname)%00%(upstream:track)%00%(upstream:remotename)%00%(upstream:remoteref) refs/heads/main refs/remotes/main [1ms]
2023-08-26 12:18:47.040 [info] > git status -z -uall [1ms]
2023-08-26 12:18:55.838 [info] > git config --get commit.template [1ms]
2023-08-26 12:18:55.850 [info] > git for-each-ref --format=%(refname)%00%(upstream:short)%00%(objectname)%00%(upstream:track)%00%(upstream:remotename)%00%(upstream:remoteref) refs/heads/main refs/remotes/main [1ms]
2023-08-26 12:18:55.858 [info] > git status -z -uall [2ms]
2023-08-26 12:19:01.726 [info] > git config --get commit.template [15ms]
2023-08-26 12:19:01.726 [info] > git for-each-ref --format=%(refname)%00%(upstream:short)%00%(objectname)%00%(upstream:track)%00%(upstream:remotename)%00%(upstream:remoteref) refs/heads/main refs/remotes/main [1ms]
2023-08-26 12:19:01.738 [info] > git status -z -uall [2ms]
2023-08-26 12:20:41.556 [info] > git config --get commit.template [1ms]
2023-08-26 12:20:41.569 [info] > git for-each-ref --format=%(refname)%00%(upstream:short)%00%(objectname)%00%(upstream:track)%00%(upstream:remotename)%00%(upstream:remoteref) refs/heads/main refs/remotes/main [2ms]
2023-08-26 12:20:41.580 [info] > git status -z -uall [2ms]
2023-08-26 12:28:32.298 [info] > git config --get commit.template [12ms]
2023-08-26 12:28:32.299 [info] > git for-each-ref --format=%(refname)%00%(upstream:short)%00%(objectname)%00%(upstream:track)%00%(upstream:remotename)%00%(upstream:remoteref) refs/heads/main refs/remotes/main [2ms]
2023-08-26 12:28:32.308 [info] > git status -z -uall [1ms]
2023-08-26 12:33:29.183 [info] > git config --get commit.template [16ms]
2023-08-26 12:33:29.183 [info] > git for-each-ref --format=%(refname)%00%(upstream:short)%00%(objectname)%00%(upstream:track)%00%(upstream:remotename)%00%(upstream:remoteref) refs/heads/main refs/remotes/main [2ms]
2023-08-26 12:33:29.192 [info] > git status -z -uall [1ms]
2023-08-26 12:33:34.890 [info] > git config --get commit.template [14ms]
2023-08-26 12:33:34.890 [info] > git for-each-ref --format=%(refname)%00%(upstream:short)%00%(objectname)%00%(upstream:track)%00%(upstream:remotename)%00%(upstream:remoteref) refs/heads/main refs/remotes/main [2ms]
2023-08-26 12:33:34.902 [info] > git status -z -uall [2ms]
2023-08-26 12:33:39.934 [info] > git config --get commit.template [14ms]
2023-08-26 12:33:39.934 [info] > git for-each-ref --format=%(refname)%00%(upstream:short)%00%(objectname)%00%(upstream:track)%00%(upstream:remotename)%00%(upstream:remoteref) refs/heads/main refs/remotes/main [1ms]
2023-08-26 12:33:39.946 [info] > git status -z -uall [1ms]
2023-08-26 12:33:44.974 [info] > git config --get commit.template [10ms]
2023-08-26 12:33:44.974 [info] > git for-each-ref --format=%(refname)%00%(upstream:short)%00%(objectname)%00%(upstream:track)%00%(upstream:remotename)%00%(upstream:remoteref) refs/heads/main refs/remotes/main [1ms]
2023-08-26 12:33:44.985 [info] > git status -z -uall [2ms]
2023-08-26 12:34:11.078 [info] > git config --get commit.template [2ms]
2023-08-26 12:34:11.092 [info] > git for-each-ref --format=%(refname)%00%(upstream:short)%00%(objectname)%00%(upstream:track)%00%(upstream:remotename)%00%(upstream:remoteref) refs/heads/main refs/remotes/main [1ms]
2023-08-26 12:34:11.103 [info] > git status -z -uall [1ms]
2023-08-26 12:35:18.510 [info] > git config --get commit.template [7ms]
2023-08-26 12:35:18.511 [info] > git for-each-ref --format=%(refname)%00%(upstream:short)%00%(objectname)%00%(upstream:track)%00%(upstream:remotename)%00%(upstream:remoteref) refs/heads/main refs/remotes/main [1ms]
2023-08-26 12:35:18.522 [info] > git status -z -uall [2ms]
2023-08-26 12:35:37.225 [info] > git config --get commit.template [8ms]
2023-08-26 12:35:37.225 [info] > git for-each-ref --format=%(refname)%00%(upstream:short)%00%(objectname)%00%(upstream:track)%00%(upstream:remotename)%00%(upstream:remoteref) refs/heads/main refs/remotes/main [1ms]
2023-08-26 12:35:37.232 [info] > git status -z -uall [1ms]
2023-08-26 12:35:42.265 [info] > git config --get commit.template [14ms]
2023-08-26 12:35:42.266 [info] > git for-each-ref --format=%(refname)%00%(upstream:short)%00%(objectname)%00%(upstream:track)%00%(upstream:remotename)%00%(upstream:remoteref) refs/heads/main refs/remotes/main [2ms]
2023-08-26 12:35:42.277 [info] > git status -z -uall [1ms]
2023-08-26 12:35:55.559 [info] > git config --get commit.template [13ms]
2023-08-26 12:35:55.559 [info] > git for-each-ref --format=%(refname)%00%(upstream:short)%00%(objectname)%00%(upstream:track)%00%(upstream:remotename)%00%(upstream:remoteref) refs/heads/main refs/remotes/main [1ms]
2023-08-26 12:35:55.569 [info] > git status -z -uall [1ms]
2023-08-26 12:36:03.325 [info] > git config --get commit.template [1ms]
2023-08-26 12:36:03.334 [info] > git for-each-ref --format=%(refname)%00%(upstream:short)%00%(objectname)%00%(upstream:track)%00%(upstream:remotename)%00%(upstream:remoteref) refs/heads/main refs/remotes/main [1ms]
2023-08-26 12:36:03.340 [info] > git status -z -uall [0ms]
2023-08-26 12:36:08.393 [info] > git config --get commit.template [15ms]
2023-08-26 12:36:08.393 [info] > git for-each-ref --format=%(refname)%00%(upstream:short)%00%(objectname)%00%(upstream:track)%00%(upstream:remotename)%00%(upstream:remoteref) refs/heads/main refs/remotes/main [1ms]
2023-08-26 12:36:08.404 [info] > git status -z -uall [1ms]
2023-08-26 12:36:13.438 [info] > git for-each-ref --format=%(refname)%00%(upstream:short)%00%(objectname)%00%(upstream:track)%00%(upstream:remotename)%00%(upstream:remoteref) refs/heads/main refs/remotes/main [1ms]
2023-08-26 12:36:13.438 [info] > git config --get commit.template [15ms]
2023-08-26 12:36:13.447 [info] > git status -z -uall [1ms]
2023-08-26 12:36:50.156 [info] > git config --get commit.template [14ms]
2023-08-26 12:36:50.157 [info] > git for-each-ref --format=%(refname)%00%(upstream:short)%00%(objectname)%00%(upstream:track)%00%(upstream:remotename)%00%(upstream:remoteref) refs/heads/main refs/remotes/main [2ms]
2023-08-26 12:36:50.170 [info] > git status -z -uall [1ms]
2023-08-26 12:36:55.938 [info] > git config --get commit.template [13ms]
2023-08-26 12:36:55.939 [info] > git for-each-ref --format=%(refname)%00%(upstream:short)%00%(objectname)%00%(upstream:track)%00%(upstream:remotename)%00%(upstream:remoteref) refs/heads/main refs/remotes/main [2ms]
2023-08-26 12:36:55.950 [info] > git status -z -uall [1ms]
2023-08-26 12:37:02.774 [info] > git config --get commit.template [2ms]
2023-08-26 12:37:02.780 [info] > git for-each-ref --format=%(refname)%00%(upstream:short)%00%(objectname)%00%(upstream:track)%00%(upstream:remotename)%00%(upstream:remoteref) refs/heads/main refs/remotes/main [1ms]
2023-08-26 12:37:02.787 [info] > git status -z -uall [1ms]
2023-08-26 12:37:09.410 [info] > git config --get commit.template [14ms]
2023-08-26 12:37:09.411 [info] > git for-each-ref --format=%(refname)%00%(upstream:short)%00%(objectname)%00%(upstream:track)%00%(upstream:remotename)%00%(upstream:remoteref) refs/heads/main refs/remotes/main [2ms]
2023-08-26 12:37:09.426 [info] > git status -z -uall [3ms]
2023-08-26 12:37:15.144 [info] > git config --get commit.template [10ms]
2023-08-26 12:37:15.144 [info] > git for-each-ref --format=%(refname)%00%(upstream:short)%00%(objectname)%00%(upstream:track)%00%(upstream:remotename)%00%(upstream:remoteref) refs/heads/main refs/remotes/main [1ms]
2023-08-26 12:37:15.153 [info] > git status -z -uall [2ms]
2023-08-26 12:37:20.183 [info] > git config --get commit.template [14ms]
2023-08-26 12:37:20.184 [info] > git for-each-ref --format=%(refname)%00%(upstream:short)%00%(objectname)%00%(upstream:track)%00%(upstream:remotename)%00%(upstream:remoteref) refs/heads/main refs/remotes/main [2ms]
2023-08-26 12:37:20.196 [info] > git status -z -uall [2ms]
2023-08-26 12:37:53.153 [info] > git config --get commit.template [6ms]
2023-08-26 12:37:53.153 [info] > git for-each-ref --format=%(refname)%00%(upstream:short)%00%(objectname)%00%(upstream:track)%00%(upstream:remotename)%00%(upstream:remoteref) refs/heads/main refs/remotes/main [1ms]
2023-08-26 12:37:53.159 [info] > git status -z -uall [1ms]
2023-08-26 12:41:09.282 [info] > git config --get commit.template [14ms]
2023-08-26 12:41:09.283 [info] > git for-each-ref --format=%(refname)%00%(upstream:short)%00%(objectname)%00%(upstream:track)%00%(upstream:remotename)%00%(upstream:remoteref) refs/heads/main refs/remotes/main [3ms]
2023-08-26 12:41:09.294 [info] > git status -z -uall [1ms]
2023-08-26 12:44:27.792 [info] > git config --get commit.template [12ms]
2023-08-26 12:44:27.793 [info] > git for-each-ref --format=%(refname)%00%(upstream:short)%00%(objectname)%00%(upstream:track)%00%(upstream:remotename)%00%(upstream:remoteref) refs/heads/main refs/remotes/main [2ms]
2023-08-26 12:44:27.804 [info] > git status -z -uall [1ms]
2023-08-26 12:44:52.610 [info] > git config --get commit.template [14ms]
2023-08-26 12:44:52.610 [info] > git for-each-ref --format=%(refname)%00%(upstream:short)%00%(objectname)%00%(upstream:track)%00%(upstream:remotename)%00%(upstream:remoteref) refs/heads/main refs/remotes/main [1ms]
2023-08-26 12:44:52.622 [info] > git status -z -uall [2ms]
2023-08-26 12:45:33.269 [info] > git config --get commit.template [13ms]
2023-08-26 12:45:33.269 [info] > git for-each-ref --format=%(refname)%00%(upstream:short)%00%(objectname)%00%(upstream:track)%00%(upstream:remotename)%00%(upstream:remoteref) refs/heads/main refs/remotes/main [1ms]
2023-08-26 12:45:33.280 [info] > git status -z -uall [1ms]
2023-08-26 12:47:14.238 [info] > git config --get commit.template [2ms]
2023-08-26 12:47:14.252 [info] > git for-each-ref --format=%(refname)%00%(upstream:short)%00%(objectname)%00%(upstream:track)%00%(upstream:remotename)%00%(upstream:remoteref) refs/heads/main refs/remotes/main [2ms]
2023-08-26 12:47:14.267 [info] > git status -z -uall [2ms]
2023-08-26 12:51:05.577 [info] > git config --get commit.template [13ms]
2023-08-26 12:51:05.578 [info] > git for-each-ref --format=%(refname)%00%(upstream:short)%00%(objectname)%00%(upstream:track)%00%(upstream:remotename)%00%(upstream:remoteref) refs/heads/main refs/remotes/main [2ms]
2023-08-26 12:51:05.589 [info] > git status -z -uall [1ms]
2023-08-26 12:51:32.089 [info] > git config --get commit.template [14ms]
2023-08-26 12:51:32.090 [info] > git for-each-ref --format=%(refname)%00%(upstream:short)%00%(objectname)%00%(upstream:track)%00%(upstream:remotename)%00%(upstream:remoteref) refs/heads/main refs/remotes/main [2ms]
2023-08-26 12:51:32.102 [info] > git status -z -uall [2ms]
2023-08-26 12:53:00.757 [info] > git config --get commit.template [12ms]
2023-08-26 12:53:00.757 [info] > git for-each-ref --format=%(refname)%00%(upstream:short)%00%(objectname)%00%(upstream:track)%00%(upstream:remotename)%00%(upstream:remoteref) refs/heads/main refs/remotes/main [1ms]
2023-08-26 12:53:00.767 [info] > git status -z -uall [2ms]
2023-08-26 12:53:05.782 [info] > git config --get commit.template [2ms]
2023-08-26 12:53:05.794 [info] > git for-each-ref --format=%(refname)%00%(upstream:short)%00%(objectname)%00%(upstream:track)%00%(upstream:remotename)%00%(upstream:remoteref) refs/heads/main refs/remotes/main [1ms]
2023-08-26 12:53:05.801 [info] > git status -z -uall [1ms]
2023-08-26 12:53:13.076 [info] > git config --get commit.template [13ms]
2023-08-26 12:53:13.076 [info] > git for-each-ref --format=%(refname)%00%(upstream:short)%00%(objectname)%00%(upstream:track)%00%(upstream:remotename)%00%(upstream:remoteref) refs/heads/main refs/remotes/main [1ms]
2023-08-26 12:53:13.086 [info] > git status -z -uall [1ms]
2023-08-26 12:53:39.480 [info] > git config --get commit.template [8ms]
2023-08-26 12:53:39.480 [info] > git for-each-ref --format=%(refname)%00%(upstream:short)%00%(objectname)%00%(upstream:track)%00%(upstream:remotename)%00%(upstream:remoteref) refs/heads/main refs/remotes/main [1ms]
2023-08-26 12:53:39.488 [info] > git status -z -uall [1ms]
2023-08-26 12:54:38.995 [info] > git config --get commit.template [6ms]
2023-08-26 12:54:38.996 [info] > git for-each-ref --format=%(refname)%00%(upstream:short)%00%(objectname)%00%(upstream:track)%00%(upstream:remotename)%00%(upstream:remoteref) refs/heads/main refs/remotes/main [1ms]
2023-08-26 12:54:39.003 [info] > git status -z -uall [1ms]
2023-08-26 12:55:17.114 [info] > git config --get commit.template [14ms]
2023-08-26 12:55:17.114 [info] > git for-each-ref --format=%(refname)%00%(upstream:short)%00%(objectname)%00%(upstream:track)%00%(upstream:remotename)%00%(upstream:remoteref) refs/heads/main refs/remotes/main [1ms]
2023-08-26 12:55:17.122 [info] > git status -z -uall [1ms]
2023-08-26 12:56:18.329 [info] > git config --get commit.template [12ms]
2023-08-26 12:56:18.330 [info] > git for-each-ref --format=%(refname)%00%(upstream:short)%00%(objectname)%00%(upstream:track)%00%(upstream:remotename)%00%(upstream:remoteref) refs/heads/main refs/remotes/main [1ms]
2023-08-26 12:56:18.339 [info] > git status -z -uall [1ms]
2023-08-26 12:56:28.679 [info] > git config --get commit.template [13ms]
2023-08-26 12:56:28.679 [info] > git for-each-ref --format=%(refname)%00%(upstream:short)%00%(objectname)%00%(upstream:track)%00%(upstream:remotename)%00%(upstream:remoteref) refs/heads/main refs/remotes/main [2ms]
2023-08-26 12:56:28.692 [info] > git status -z -uall [2ms]
2023-08-26 12:56:36.253 [info] > git config --get commit.template [14ms]
2023-08-26 12:56:36.253 [info] > git for-each-ref --format=%(refname)%00%(upstream:short)%00%(objectname)%00%(upstream:track)%00%(upstream:remotename)%00%(upstream:remoteref) refs/heads/main refs/remotes/main [1ms]
2023-08-26 12:56:36.264 [info] > git status -z -uall [1ms]
2023-08-26 13:03:11.315 [info] > git config --get commit.template [11ms]
2023-08-26 13:03:11.315 [info] > git for-each-ref --format=%(refname)%00%(upstream:short)%00%(objectname)%00%(upstream:track)%00%(upstream:remotename)%00%(upstream:remoteref) refs/heads/main refs/remotes/main [1ms]
2023-08-26 13:03:11.323 [info] > git status -z -uall [1ms]
2023-08-26 13:04:39.211 [info] > git config --get commit.template [13ms]
2023-08-26 13:04:39.211 [info] > git for-each-ref --format=%(refname)%00%(upstream:short)%00%(objectname)%00%(upstream:track)%00%(upstream:remotename)%00%(upstream:remoteref) refs/heads/main refs/remotes/main [1ms]
2023-08-26 13:04:39.222 [info] > git status -z -uall [2ms]
2023-08-26 13:05:15.546 [info] > git config --get commit.template [7ms]
2023-08-26 13:05:15.546 [info] > git for-each-ref --format=%(refname)%00%(upstream:short)%00%(objectname)%00%(upstream:track)%00%(upstream:remotename)%00%(upstream:remoteref) refs/heads/main refs/remotes/main [0ms]
2023-08-26 13:05:15.554 [info] > git status -z -uall [1ms]
2023-08-26 13:05:29.040 [info] > git config --get commit.template [8ms]
2023-08-26 13:05:29.041 [info] > git for-each-ref --format=%(refname)%00%(upstream:short)%00%(objectname)%00%(upstream:track)%00%(upstream:remotename)%00%(upstream:remoteref) refs/heads/main refs/remotes/main [2ms]
2023-08-26 13:05:29.052 [info] > git status -z -uall [2ms]
2023-08-26 13:05:34.084 [info] > git config --get commit.template [13ms]
2023-08-26 13:05:34.085 [info] > git for-each-ref --format=%(refname)%00%(upstream:short)%00%(objectname)%00%(upstream:track)%00%(upstream:remotename)%00%(upstream:remoteref) refs/heads/main refs/remotes/main [2ms]
2023-08-26 13:05:34.097 [info] > git status -z -uall [2ms]
2023-08-26 13:05:41.332 [info] > git config --get commit.template [15ms]
2023-08-26 13:05:41.333 [info] > git for-each-ref --format=%(refname)%00%(upstream:short)%00%(objectname)%00%(upstream:track)%00%(upstream:remotename)%00%(upstream:remoteref) refs/heads/main refs/remotes/main [1ms]
2023-08-26 13:05:41.344 [info] > git status -z -uall [2ms]
2023-08-26 13:05:58.529 [info] > git config --get commit.template [14ms]
2023-08-26 13:05:58.529 [info] > git for-each-ref --format=%(refname)%00%(upstream:short)%00%(objectname)%00%(upstream:track)%00%(upstream:remotename)%00%(upstream:remoteref) refs/heads/main refs/remotes/main [1ms]
2023-08-26 13:05:58.540 [info] > git status -z -uall [1ms]
2023-08-26 13:06:06.475 [info] > git config --get commit.template [13ms]
2023-08-26 13:06:06.476 [info] > git for-each-ref --format=%(refname)%00%(upstream:short)%00%(objectname)%00%(upstream:track)%00%(upstream:remotename)%00%(upstream:remoteref) refs/heads/main refs/remotes/main [1ms]
2023-08-26 13:06:06.487 [info] > git status -z -uall [2ms]
2023-08-26 13:32:14.239 [info] > git config --get commit.template [13ms]
2023-08-26 13:32:14.240 [info] > git for-each-ref --format=%(refname)%00%(upstream:short)%00%(objectname)%00%(upstream:track)%00%(upstream:remotename)%00%(upstream:remoteref) refs/heads/main refs/remotes/main [2ms]
2023-08-26 13:32:14.251 [info] > git status -z -uall [1ms]
2023-08-26 13:32:30.945 [info] > git config --get commit.template [8ms]
2023-08-26 13:32:30.945 [info] > git for-each-ref --format=%(refname)%00%(upstream:short)%00%(objectname)%00%(upstream:track)%00%(upstream:remotename)%00%(upstream:remoteref) refs/heads/main refs/remotes/main [1ms]
2023-08-26 13:32:30.952 [info] > git status -z -uall [1ms]
2023-08-26 13:33:46.501 [info] > git config --get commit.template [0ms]
2023-08-26 13:33:46.508 [info] > git for-each-ref --format=%(refname)%00%(upstream:short)%00%(objectname)%00%(upstream:track)%00%(upstream:remotename)%00%(upstream:remoteref) refs/heads/main refs/remotes/main [1ms]
2023-08-26 13:33:46.516 [info] > git status -z -uall [1ms]
2023-08-26 13:34:00.700 [info] > git config --get commit.template [7ms]
2023-08-26 13:34:00.700 [info] > git for-each-ref --format=%(refname)%00%(upstream:short)%00%(objectname)%00%(upstream:track)%00%(upstream:remotename)%00%(upstream:remoteref) refs/heads/main refs/remotes/main [1ms]
2023-08-26 13:34:00.707 [info] > git status -z -uall [1ms]
2023-08-26 13:39:33.989 [info] > git config --get commit.template [9ms]
2023-08-26 13:39:33.989 [info] > git for-each-ref --format=%(refname)%00%(upstream:short)%00%(objectname)%00%(upstream:track)%00%(upstream:remotename)%00%(upstream:remoteref) refs/heads/main refs/remotes/main [1ms]
2023-08-26 13:39:33.995 [info] > git status -z -uall [1ms]
2023-08-26 13:39:41.193 [info] > git config --get commit.template [1ms]
2023-08-26 13:39:41.205 [info] > git for-each-ref --format=%(refname)%00%(upstream:short)%00%(objectname)%00%(upstream:track)%00%(upstream:remotename)%00%(upstream:remoteref) refs/heads/main refs/remotes/main [2ms]
2023-08-26 13:39:41.218 [info] > git status -z -uall [2ms]
2023-08-26 13:39:46.254 [info] > git config --get commit.template [16ms]
2023-08-26 13:39:46.255 [info] > git for-each-ref --format=%(refname)%00%(upstream:short)%00%(objectname)%00%(upstream:track)%00%(upstream:remotename)%00%(upstream:remoteref) refs/heads/main refs/remotes/main [2ms]
2023-08-26 13:39:46.267 [info] > git status -z -uall [1ms]
2023-08-26 13:45:17.007 [info] > git config --get commit.template [7ms]
2023-08-26 13:45:17.008 [info] > git for-each-ref --format=%(refname)%00%(upstream:short)%00%(objectname)%00%(upstream:track)%00%(upstream:remotename)%00%(upstream:remoteref) refs/heads/main refs/remotes/main [1ms]
2023-08-26 13:45:17.015 [info] > git status -z -uall [1ms]
2023-08-26 13:45:39.391 [info] > git config --get commit.template [7ms]
2023-08-26 13:45:39.391 [info] > git for-each-ref --format=%(refname)%00%(upstream:short)%00%(objectname)%00%(upstream:track)%00%(upstream:remotename)%00%(upstream:remoteref) refs/heads/main refs/remotes/main [1ms]
2023-08-26 13:45:39.398 [info] > git status -z -uall [1ms]
2023-08-26 13:45:39.493 [info] > git ls-files --stage -- /home/joshuacrotts/files/college/iu/fall-2023/p424/ljcrotts-P424-Fall2023/A1/src/A1.hs [8ms]
2023-08-26 13:45:39.504 [info] > git cat-file -s 7030f255c8229728384fddb43269d3613628922c [3ms]
2023-08-26 13:45:39.505 [info] > git ls-files --stage -- /home/joshuacrotts/files/college/iu/fall-2023/p424/ljcrotts-P424-Fall2023/A1/test/Spec.hs [13ms]
2023-08-26 13:45:39.519 [info] > git cat-file -s cd4753fc9c10722ad5c3ec4fd34de99972243b6c [7ms]
2023-08-26 13:45:39.519 [info] > git show --textconv :A1/src/A1.hs [1ms]
2023-08-26 13:45:39.528 [info] > git show --textconv :A1/test/Spec.hs [1ms]
2023-08-26 13:45:44.436 [info] > git config --get commit.template [6ms]
2023-08-26 13:45:44.436 [info] > git for-each-ref --format=%(refname)%00%(upstream:short)%00%(objectname)%00%(upstream:track)%00%(upstream:remotename)%00%(upstream:remoteref) refs/heads/main refs/remotes/main [0ms]
2023-08-26 13:45:44.446 [info] > git status -z -uall [1ms]
2023-08-26 13:45:44.543 [info] > git ls-files --stage -- /home/joshuacrotts/files/college/iu/fall-2023/p424/ljcrotts-P424-Fall2023/A1/src/A1.hs [8ms]
2023-08-26 13:45:44.551 [info] > git ls-files --stage -- /home/joshuacrotts/files/college/iu/fall-2023/p424/ljcrotts-P424-Fall2023/A1/test/Spec.hs [7ms]
2023-08-26 13:45:44.558 [info] > git cat-file -s 7030f255c8229728384fddb43269d3613628922c [8ms]
2023-08-26 13:45:44.559 [info] > git cat-file -s cd4753fc9c10722ad5c3ec4fd34de99972243b6c [1ms]
2023-08-26 13:45:44.573 [info] > git show --textconv :A1/src/A1.hs [7ms]
2023-08-26 13:45:44.573 [info] > git show --textconv :A1/test/Spec.hs [1ms]
2023-08-26 14:00:34.747 [info] > git config --get commit.template [7ms]
2023-08-26 14:00:34.747 [info] > git for-each-ref --format=%(refname)%00%(upstream:short)%00%(objectname)%00%(upstream:track)%00%(upstream:remotename)%00%(upstream:remoteref) refs/heads/main refs/remotes/main [0ms]
2023-08-26 14:00:34.754 [info] > git status -z -uall [1ms]
2023-08-26 14:03:09.158 [info] > git config --get commit.template [12ms]
2023-08-26 14:03:09.159 [info] > git for-each-ref --format=%(refname)%00%(upstream:short)%00%(objectname)%00%(upstream:track)%00%(upstream:remotename)%00%(upstream:remoteref) refs/heads/main refs/remotes/main [1ms]
2023-08-26 14:03:09.169 [info] > git status -z -uall [2ms]
2023-08-26 14:03:14.201 [info] > git config --get commit.template [13ms]
2023-08-26 14:03:14.201 [info] > git for-each-ref --format=%(refname)%00%(upstream:short)%00%(objectname)%00%(upstream:track)%00%(upstream:remotename)%00%(upstream:remoteref) refs/heads/main refs/remotes/main [1ms]
2023-08-26 14:03:14.211 [info] > git status -z -uall [1ms]
2023-08-26 14:05:01.719 [info] > git config --get commit.template [7ms]
2023-08-26 14:05:01.719 [info] > git for-each-ref --format=%(refname)%00%(upstream:short)%00%(objectname)%00%(upstream:track)%00%(upstream:remotename)%00%(upstream:remoteref) refs/heads/main refs/remotes/main [1ms]
2023-08-26 14:05:01.726 [info] > git status -z -uall [1ms]
2023-08-26 14:09:53.212 [info] > git config --get commit.template [11ms]
2023-08-26 14:09:53.213 [info] > git for-each-ref --format=%(refname)%00%(upstream:short)%00%(objectname)%00%(upstream:track)%00%(upstream:remotename)%00%(upstream:remoteref) refs/heads/main refs/remotes/main [2ms]
2023-08-26 14:09:53.221 [info] > git status -z -uall [1ms]
2023-08-26 14:09:58.254 [info] > git config --get commit.template [15ms]
2023-08-26 14:09:58.255 [info] > git for-each-ref --format=%(refname)%00%(upstream:short)%00%(objectname)%00%(upstream:track)%00%(upstream:remotename)%00%(upstream:remoteref) refs/heads/main refs/remotes/main [2ms]
2023-08-26 14:09:58.268 [info] > git status -z -uall [3ms]
2023-08-26 14:17:38.543 [info] > git config --get commit.template [8ms]
2023-08-26 14:17:38.543 [info] > git for-each-ref --format=%(refname)%00%(upstream:short)%00%(objectname)%00%(upstream:track)%00%(upstream:remotename)%00%(upstream:remoteref) refs/heads/main refs/remotes/main [1ms]
2023-08-26 14:17:38.551 [info] > git status -z -uall [1ms]
2023-08-26 14:17:38.577 [info] > git ls-files --stage -- /home/joshuacrotts/files/college/iu/fall-2023/p424/ljcrotts-P424-Fall2023/A1/src/A1.hs [7ms]
2023-08-26 14:17:38.587 [info] > git ls-files --stage -- /home/joshuacrotts/files/college/iu/fall-2023/p424/ljcrotts-P424-Fall2023/A1/test/Spec.hs [10ms]
2023-08-26 14:17:38.594 [info] > git cat-file -s 61a33d2d3749ae2eb265eeab69ea93b35e5452a1 [8ms]
2023-08-26 14:17:38.594 [info] > git cat-file -s cd4753fc9c10722ad5c3ec4fd34de99972243b6c [1ms]
2023-08-26 14:17:38.608 [info] > git show --textconv :A1/src/A1.hs [7ms]
2023-08-26 14:17:38.608 [info] > git show --textconv :A1/test/Spec.hs [1ms]
2023-08-26 14:17:43.581 [info] > git config --get commit.template [14ms]
2023-08-26 14:17:43.582 [info] > git for-each-ref --format=%(refname)%00%(upstream:short)%00%(objectname)%00%(upstream:track)%00%(upstream:remotename)%00%(upstream:remoteref) refs/heads/main refs/remotes/main [2ms]
2023-08-26 14:17:43.594 [info] > git status -z -uall [2ms]
