2023-08-24 11:32:13.673 [info] Log level: Info
2023-08-24 11:32:13.673 [info] Validating found git in: "git"
2023-08-24 11:32:13.673 [info] Using git "2.41.0" from "git"
2023-08-24 11:32:13.673 [info] > git rev-parse --show-toplevel [1ms]
2023-08-24 11:32:13.673 [info] > git rev-parse --show-toplevel [6ms]
2023-08-24 11:32:13.673 [info] > git rev-parse --show-toplevel [2ms]
2023-08-24 11:32:13.674 [info] > git rev-parse --show-toplevel [1ms]
2023-08-24 11:32:14.299 [info] > git rev-parse --show-toplevel [19ms]
2023-08-24 11:32:14.321 [info] > git rev-parse --show-toplevel [1ms]
2023-08-24 11:32:14.329 [info] > git rev-parse --show-toplevel [1ms]
2023-08-24 11:32:14.337 [info] > git rev-parse --show-toplevel [1ms]
2023-08-24 11:32:20.561 [info] > git rev-parse --show-toplevel [1ms]
2023-08-24 11:32:22.326 [info] > git rev-parse --show-toplevel [1ms]
2023-08-24 11:32:22.333 [info] > git rev-parse --git-dir --git-common-dir [1ms]
2023-08-24 11:32:22.340 [info] Open repository: /home/joshuacrotts/files/college/iu/fall-2023/p424/lectures
2023-08-24 11:32:22.353 [info] > git config --get commit.template [7ms]
2023-08-24 11:32:22.353 [info] > git for-each-ref --format=%(refname)%00%(upstream:short)%00%(objectname)%00%(upstream:track)%00%(upstream:remotename)%00%(upstream:remoteref) refs/heads/main refs/remotes/main [1ms]
2023-08-24 11:32:22.361 [info] > git status -z -uall [1ms]
2023-08-24 11:32:22.377 [info] > git config --get commit.template [7ms]
2023-08-24 11:32:22.378 [info] > git for-each-ref --format=%(refname)%00%(upstream:short)%00%(objectname)%00%(upstream:track)%00%(upstream:remotename)%00%(upstream:remoteref) refs/heads/main refs/remotes/main [2ms]
2023-08-24 11:32:22.384 [info] > git status -z -uall [1ms]
2023-08-24 11:32:22.705 [info] > git show --textconv :Lec1/src/Lib.hs [6ms]
2023-08-24 11:32:22.706 [info] > git ls-files --stage -- /home/joshuacrotts/files/college/iu/fall-2023/p424/lectures/Lec1/src/Lib.hs [1ms]
2023-08-24 11:32:22.714 [info] > git cat-file -s 4092518219d0d1b9cd8e108fcc916b2747630892 [1ms]
2023-08-24 11:32:22.932 [info] > git check-ignore -v -z --stdin [1ms]
2023-08-24 11:32:24.945 [info] > git config --get commit.template [6ms]
2023-08-24 11:32:24.945 [info] > git for-each-ref --format=%(refname)%00%(upstream:short)%00%(objectname)%00%(upstream:track)%00%(upstream:remotename)%00%(upstream:remoteref) refs/heads/main refs/remotes/main [1ms]
2023-08-24 11:32:24.951 [info] > git status -z -uall [1ms]
2023-08-24 11:32:31.209 [info] > git config --get commit.template [2ms]
2023-08-24 11:32:31.221 [info] > git for-each-ref --format=%(refname)%00%(upstream:short)%00%(objectname)%00%(upstream:track)%00%(upstream:remotename)%00%(upstream:remoteref) refs/heads/main refs/remotes/main [2ms]
2023-08-24 11:32:31.230 [info] > git status -z -uall [2ms]
2023-08-24 11:32:37.872 [info] > git config --get commit.template [1ms]
2023-08-24 11:32:37.878 [info] > git for-each-ref --format=%(refname)%00%(upstream:short)%00%(objectname)%00%(upstream:track)%00%(upstream:remotename)%00%(upstream:remoteref) refs/heads/main refs/remotes/main [1ms]
2023-08-24 11:32:37.884 [info] > git status -z -uall [1ms]
2023-08-24 11:32:46.610 [info] > git config --get commit.template [4ms]
2023-08-24 11:32:46.611 [info] > git for-each-ref --format=%(refname)%00%(upstream:short)%00%(objectname)%00%(upstream:track)%00%(upstream:remotename)%00%(upstream:remoteref) refs/heads/main refs/remotes/main [1ms]
2023-08-24 11:32:46.616 [info] > git status -z -uall [1ms]
2023-08-24 11:33:00.170 [info] > git config --get commit.template [2ms]
2023-08-24 11:33:00.181 [info] > git for-each-ref --format=%(refname)%00%(upstream:short)%00%(objectname)%00%(upstream:track)%00%(upstream:remotename)%00%(upstream:remoteref) refs/heads/main refs/remotes/main [2ms]
2023-08-24 11:33:00.190 [info] > git status -z -uall [2ms]
2023-08-24 11:38:17.521 [info] Log level: Info
2023-08-24 11:38:17.521 [info] Validating found git in: "git"
2023-08-24 11:38:17.521 [info] Using git "2.41.0" from "git"
2023-08-24 11:38:17.521 [info] > git rev-parse --show-toplevel [4ms]
2023-08-24 11:38:17.528 [info] > git rev-parse --git-dir --git-common-dir [2ms]
2023-08-24 11:38:17.538 [info] Open repository: /home/joshuacrotts/files/college/iu/fall-2023/p424/lectures
2023-08-24 11:38:17.712 [info] > git config --get commit.template [163ms]
2023-08-24 11:38:18.163 [info] > git rev-parse --show-toplevel [451ms]
2023-08-24 11:38:18.193 [info] > git for-each-ref --format=%(refname)%00%(upstream:short)%00%(objectname)%00%(upstream:track)%00%(upstream:remotename)%00%(upstream:remoteref) refs/heads/main refs/remotes/main [13ms]
2023-08-24 11:38:18.213 [info] > git status -z -uall [13ms]
2023-08-24 11:38:18.213 [info] > git check-ignore -v -z --stdin [1ms]
2023-08-24 11:38:18.225 [info] > git config --get commit.template [1ms]
2023-08-24 11:38:18.235 [info] > git for-each-ref --format=%(refname)%00%(upstream:short)%00%(objectname)%00%(upstream:track)%00%(upstream:remotename)%00%(upstream:remoteref) refs/heads/main refs/remotes/main [1ms]
2023-08-24 11:38:18.242 [info] > git status -z -uall [1ms]
2023-08-24 11:38:19.785 [info] > git check-ignore -v -z --stdin [1ms]
2023-08-24 11:38:33.769 [info] Log level: Info
2023-08-24 11:38:33.769 [info] Validating found git in: "git"
2023-08-24 11:38:33.769 [info] Using git "2.41.0" from "git"
2023-08-24 11:38:33.773 [info] > git rev-parse --show-toplevel [2ms]
2023-08-24 11:38:33.773 [info] fatal: not a git repository (or any of the parent directories): .git
2023-08-24 11:38:34.417 [info] > git rev-parse --show-toplevel [6ms]
2023-08-24 11:38:34.417 [info] fatal: not a git repository (or any of the parent directories): .git
2023-08-24 11:38:34.425 [info] > git rev-parse --show-toplevel [2ms]
2023-08-24 11:38:34.425 [info] fatal: not a git repository (or any of the parent directories): .git
2023-08-24 11:38:34.433 [info] > git rev-parse --show-toplevel [0ms]
2023-08-24 11:38:34.433 [info] fatal: not a git repository (or any of the parent directories): .git
