2023-08-25 20:07:59.243 [info] Log level: Info
2023-08-25 20:07:59.244 [info] Validating found git in: "git"
2023-08-25 20:07:59.244 [info] Using git "2.42.0" from "git"
2023-08-25 20:07:59.244 [info] > git rev-parse --show-toplevel [2ms]
2023-08-25 20:07:59.244 [info] fatal: not a git repository (or any of the parent directories): .git
2023-08-25 20:07:59.244 [info] > git rev-parse --show-toplevel [1ms]
2023-08-25 20:07:59.244 [info] fatal: not a git repository (or any of the parent directories): .git
2023-08-25 20:07:59.244 [info] > git rev-parse --show-toplevel [2ms]
2023-08-25 20:07:59.244 [info] fatal: not a git repository (or any of the parent directories): .git
2023-08-25 20:07:59.251 [info] > git rev-parse --show-toplevel [2ms]
2023-08-25 20:07:59.251 [info] fatal: not a git repository (or any of the parent directories): .git
2023-08-25 20:07:59.259 [info] > git rev-parse --show-toplevel [2ms]
2023-08-25 20:07:59.259 [info] fatal: not a git repository (or any of the parent directories): .git
2023-08-25 20:07:59.263 [info] > git rev-parse --show-toplevel [1ms]
2023-08-25 20:07:59.263 [info] fatal: not a git repository (or any of the parent directories): .git
2023-08-25 20:07:59.269 [info] > git rev-parse --show-toplevel [1ms]
2023-08-25 20:07:59.275 [info] > git rev-parse --git-dir --git-common-dir [1ms]
2023-08-25 20:07:59.284 [info] Open repository: /home/joshuacrotts/files/college/iu/fall-2023/p424/homework-template
2023-08-25 20:07:59.293 [info] > git config --get commit.template [5ms]
2023-08-25 20:07:59.298 [info] > git rev-parse --show-toplevel [6ms]
2023-08-25 20:07:59.433 [info] > git for-each-ref --format=%(refname)%00%(upstream:short)%00%(objectname)%00%(upstream:track)%00%(upstream:remotename)%00%(upstream:remoteref) refs/heads/master refs/remotes/master [137ms]
2023-08-25 20:07:59.866 [info] > git status -z -uall [427ms]
2023-08-25 20:07:59.895 [info] > git rev-parse --git-dir --git-common-dir [32ms]
2023-08-25 20:07:59.897 [info] Open repository: /home/joshuacrotts/files/college/iu/fall-2023/p424/lectures
2023-08-25 20:07:59.914 [info] > git config --get commit.template [20ms]
2023-08-25 20:07:59.929 [info] > git config --get commit.template [15ms]
2023-08-25 20:07:59.947 [info] > git for-each-ref --format=%(refname)%00%(upstream:short)%00%(objectname)%00%(upstream:track)%00%(upstream:remotename)%00%(upstream:remoteref) refs/heads/master refs/remotes/master [9ms]
2023-08-25 20:07:59.953 [info] > git status -z -uall [2ms]
2023-08-25 20:07:59.955 [info] > git for-each-ref --format=%(refname)%00%(upstream:short)%00%(objectname)%00%(upstream:track)%00%(upstream:remotename)%00%(upstream:remoteref) refs/heads/main refs/remotes/main [9ms]
2023-08-25 20:07:59.959 [info] > git rev-parse --show-toplevel [16ms]
2023-08-25 20:07:59.959 [info] fatal: not a git repository (or any of the parent directories): .git
2023-08-25 20:07:59.961 [info] > git status -z -uall [2ms]
2023-08-25 20:07:59.985 [info] > git config --get commit.template [10ms]
2023-08-25 20:07:59.985 [info] > git rev-parse --show-toplevel [15ms]
2023-08-25 20:07:59.985 [info] fatal: not a git repository (or any of the parent directories): .git
2023-08-25 20:07:59.998 [info] > git for-each-ref --format=%(refname)%00%(upstream:short)%00%(objectname)%00%(upstream:track)%00%(upstream:remotename)%00%(upstream:remoteref) refs/heads/main refs/remotes/main [5ms]
2023-08-25 20:08:00.005 [info] > git status -z -uall [2ms]
2023-08-25 20:08:00.006 [info] > git rev-parse --show-toplevel [8ms]
2023-08-25 20:08:00.006 [info] fatal: not a git repository (or any of the parent directories): .git
2023-08-25 20:08:00.016 [info] > git rev-parse --show-toplevel [2ms]
2023-08-25 20:08:00.016 [info] fatal: not a git repository (or any of the parent directories): .git
2023-08-25 20:08:00.103 [info] > git rev-parse --show-toplevel [82ms]
2023-08-25 20:08:00.103 [info] fatal: not a git repository (or any of the parent directories): .git
2023-08-25 20:08:00.256 [info] > git rev-parse --show-toplevel [1ms]
2023-08-25 20:08:00.256 [info] fatal: not a git repository (or any of the parent directories): .git
2023-08-25 20:08:00.441 [info] > git check-ignore -v -z --stdin [6ms]
2023-08-25 20:08:00.442 [info] > git check-ignore -v -z --stdin [2ms]
2023-08-25 20:08:10.145 [info] Log level: Info
2023-08-25 20:08:10.145 [info] Validating found git in: "git"
2023-08-25 20:08:10.145 [info] Using git "2.42.0" from "git"
2023-08-25 20:08:10.148 [info] > git rev-parse --show-toplevel [2ms]
2023-08-25 20:08:10.154 [info] > git rev-parse --show-toplevel [1ms]
2023-08-25 20:08:10.159 [info] > git rev-parse --show-toplevel [1ms]
2023-08-25 20:08:10.825 [info] > git rev-parse --show-toplevel [1ms]
2023-08-25 20:08:10.864 [info] > git rev-parse --show-toplevel [12ms]
2023-08-25 20:08:21.358 [info] > git rev-parse --show-toplevel [14ms]
2023-08-25 20:08:34.451 [info] > git rev-parse --show-toplevel [1ms]
2023-08-25 20:08:57.444 [info] > git rev-parse --show-toplevel [2ms]
2023-08-25 20:08:57.451 [info] > git rev-parse --show-toplevel [0ms]
2023-08-25 20:08:58.374 [info] > git rev-parse --show-toplevel [1ms]
2023-08-25 20:11:29.980 [info] > git rev-parse --show-toplevel [1ms]
2023-08-25 20:11:35.138 [info] > git rev-parse --show-toplevel [1ms]
2023-08-25 20:11:45.516 [info] > git rev-parse --show-toplevel [1ms]
2023-08-25 20:11:46.756 [info] > git rev-parse --show-toplevel [1ms]
2023-08-25 20:11:48.794 [info] > git rev-parse --show-toplevel [1ms]
2023-08-25 20:12:01.121 [info] > git rev-parse --show-toplevel [1ms]
2023-08-25 20:12:12.230 [info] > git rev-parse --show-toplevel [1ms]
2023-08-25 20:16:25.562 [info] > git rev-parse --show-toplevel [1ms]
2023-08-25 20:16:28.693 [info] > git rev-parse --show-toplevel [1ms]
2023-08-25 20:16:52.127 [info] > git rev-parse --show-toplevel [1ms]
2023-08-25 20:19:16.162 [info] > git rev-parse --show-toplevel [1ms]
2023-08-25 20:19:21.653 [info] > git rev-parse --show-toplevel [1ms]
2023-08-25 20:19:49.850 [info] > git rev-parse --show-toplevel [2ms]
2023-08-25 20:20:37.246 [info] > git rev-parse --show-toplevel [1ms]
2023-08-25 20:20:43.895 [info] > git rev-parse --show-toplevel [1ms]
2023-08-25 20:20:48.737 [info] > git rev-parse --show-toplevel [1ms]
2023-08-25 20:22:16.915 [info] > git rev-parse --show-toplevel [2ms]
2023-08-25 20:23:33.352 [info] > git rev-parse --show-toplevel [1ms]
2023-08-25 20:23:40.659 [info] > git rev-parse --show-toplevel [1ms]
2023-08-25 20:23:42.854 [info] > git rev-parse --show-toplevel [1ms]
2023-08-25 20:23:44.812 [info] > git rev-parse --show-toplevel [1ms]
2023-08-25 20:23:46.503 [info] > git rev-parse --show-toplevel [1ms]
2023-08-25 20:23:48.173 [info] > git rev-parse --show-toplevel [2ms]
2023-08-25 20:23:57.154 [info] > git rev-parse --show-toplevel [1ms]
2023-08-25 20:24:01.349 [info] > git rev-parse --show-toplevel [1ms]
2023-08-25 20:24:06.782 [info] > git rev-parse --show-toplevel [1ms]
2023-08-25 20:25:08.963 [info] > git rev-parse --show-toplevel [1ms]
2023-08-25 20:25:09.652 [info] > git rev-parse --show-toplevel [1ms]
2023-08-25 20:32:08.644 [info] > git rev-parse --show-toplevel [1ms]
2023-08-25 20:32:13.086 [info] > git rev-parse --show-toplevel [1ms]
2023-08-25 20:32:13.463 [info] > git rev-parse --show-toplevel [1ms]
2023-08-25 20:32:14.054 [info] > git rev-parse --show-toplevel [1ms]
2023-08-25 20:38:31.470 [info] > git rev-parse --show-toplevel [2ms]
2023-08-25 20:38:32.168 [info] > git rev-parse --show-toplevel [2ms]
2023-08-25 20:42:39.303 [info] > git rev-parse --show-toplevel [1ms]
2023-08-25 20:45:23.703 [info] > git rev-parse --show-toplevel [1ms]
2023-08-25 20:45:46.545 [info] > git rev-parse --show-toplevel [1ms]
2023-08-25 20:45:47.319 [info] > git rev-parse --show-toplevel [1ms]
2023-08-25 20:48:54.266 [info] > git rev-parse --show-toplevel [2ms]
2023-08-25 20:48:54.855 [info] > git rev-parse --show-toplevel [1ms]
2023-08-25 20:48:55.759 [info] > git rev-parse --show-toplevel [1ms]
2023-08-25 20:49:33.989 [info] > git rev-parse --show-toplevel [1ms]
2023-08-25 20:49:35.544 [info] > git rev-parse --show-toplevel [1ms]
2023-08-25 20:49:36.779 [info] > git rev-parse --show-toplevel [1ms]
2023-08-25 20:49:37.868 [info] > git rev-parse --show-toplevel [1ms]
2023-08-25 20:55:44.850 [info] > git rev-parse --show-toplevel [1ms]
2023-08-25 20:55:47.656 [info] > git rev-parse --show-toplevel [1ms]
2023-08-25 20:55:48.937 [info] > git rev-parse --show-toplevel [1ms]
2023-08-25 20:55:49.561 [info] > git rev-parse --show-toplevel [1ms]
2023-08-25 20:55:51.771 [info] > git rev-parse --show-toplevel [1ms]
2023-08-25 20:55:53.085 [info] > git rev-parse --show-toplevel [1ms]
2023-08-25 20:55:57.149 [info] > git rev-parse --show-toplevel [1ms]
2023-08-25 20:55:58.034 [info] > git rev-parse --show-toplevel [0ms]
2023-08-25 20:55:58.844 [info] > git rev-parse --show-toplevel [1ms]
2023-08-25 20:55:59.649 [info] > git rev-parse --show-toplevel [1ms]
2023-08-25 20:56:00.269 [info] > git rev-parse --show-toplevel [0ms]
2023-08-25 20:56:00.919 [info] > git rev-parse --show-toplevel [1ms]
