2023-08-25 20:07:59.989 [info] Reading sessions from keychain...
2023-08-25 20:07:59.989 [info] Getting sessions for all scopes...
2023-08-25 20:07:59.989 [info] Got stored sessions!
2023-08-25 20:07:59.989 [info] Got 1 verified sessions.
2023-08-25 20:07:59.989 [info] Got 1 sessions for ...
2023-08-25 20:07:59.989 [info] Getting sessions for user:email...
2023-08-25 20:07:59.989 [info] Got 1 sessions for user:email...
2023-08-25 20:07:59.989 [info] Getting sessions for all scopes...
2023-08-25 20:07:59.989 [info] Got 1 sessions for ...
2023-08-25 20:07:59.989 [info] Getting sessions for read:user,repo,user:email,workflow...
2023-08-25 20:07:59.989 [info] Got 0 sessions for read:user,repo,user:email,workflow...
2023-08-25 20:07:59.989 [info] Getting sessions for read:user...
2023-08-25 20:07:59.989 [info] Got 0 sessions for read:user...
2023-08-25 20:07:59.989 [info] Getting sessions for user:email...
2023-08-25 20:07:59.989 [info] Got 1 sessions for user:email...
2023-08-25 20:08:00.007 [info] Getting sessions for all scopes...
2023-08-25 20:08:00.007 [info] Got 1 sessions for ...
2023-08-25 20:08:10.863 [info] Reading sessions from keychain...
2023-08-25 20:08:10.863 [info] Getting sessions for all scopes...
2023-08-25 20:08:10.863 [info] Getting sessions for user:email...
2023-08-25 20:08:10.863 [info] Got stored sessions!
2023-08-25 20:08:10.863 [info] Got 1 verified sessions.
2023-08-25 20:08:10.863 [info] Got 1 sessions for ...
2023-08-25 20:08:10.863 [info] Got 1 sessions for user:email...
2023-08-25 20:08:10.863 [info] Getting sessions for all scopes...
2023-08-25 20:08:10.863 [info] Got 1 sessions for ...
2023-08-25 20:08:10.873 [info] Getting sessions for read:user...
2023-08-25 20:08:10.874 [info] Got 0 sessions for read:user...
2023-08-25 20:08:10.890 [info] Getting sessions for all scopes...
2023-08-25 20:08:10.890 [info] Got 1 sessions for ...
2023-08-25 20:08:10.890 [info] Getting sessions for user:email...
2023-08-25 20:08:10.890 [info] Got 1 sessions for user:email...
2023-08-25 20:33:11.288 [info] Getting sessions for read:user...
2023-08-25 20:33:11.288 [info] Got 0 sessions for read:user...
2023-08-25 20:33:11.291 [info] Getting sessions for user:email...
2023-08-25 20:33:11.291 [info] Got 1 sessions for user:email...
2023-08-25 20:58:11.589 [info] Getting sessions for read:user...
2023-08-25 20:58:11.590 [info] Got 0 sessions for read:user...
2023-08-25 20:58:11.592 [info] Getting sessions for user:email...
2023-08-25 20:58:11.592 [info] Got 1 sessions for user:email...
