2023-08-26 14:51:04.870 [info] Log level: Info
2023-08-26 14:51:04.870 [info] Validating found git in: "git"
2023-08-26 14:51:04.870 [info] Using git "2.42.0" from "git"
2023-08-26 14:51:04.870 [info] > git rev-parse --show-toplevel [1ms]
2023-08-26 14:51:04.871 [info] > git rev-parse --git-dir --git-common-dir [2ms]
2023-08-26 14:51:04.878 [info] Open repository: /home/joshuacrotts/files/college/iu/fall-2023/p424/ljcrotts-P424-Fall2023
2023-08-26 14:51:04.890 [info] > git config --get commit.template [7ms]
2023-08-26 14:51:04.892 [info] > git rev-parse --show-toplevel [3ms]
2023-08-26 14:51:05.472 [info] > git for-each-ref --format=%(refname)%00%(upstream:short)%00%(objectname)%00%(upstream:track)%00%(upstream:remotename)%00%(upstream:remoteref) refs/heads/main refs/remotes/main [452ms]
2023-08-26 14:51:05.498 [info] > git status -z -uall [20ms]
2023-08-26 14:51:05.539 [info] > git config --get commit.template [10ms]
2023-08-26 14:51:05.539 [info] > git rev-parse --show-toplevel [15ms]
2023-08-26 14:51:05.543 [info] > git check-ignore -v -z --stdin [6ms]
2023-08-26 14:51:05.555 [info] > git for-each-ref --format=%(refname)%00%(upstream:short)%00%(objectname)%00%(upstream:track)%00%(upstream:remotename)%00%(upstream:remoteref) refs/heads/main refs/remotes/main [2ms]
2023-08-26 14:51:05.562 [info] > git status -z -uall [1ms]
2023-08-26 14:51:05.726 [info] > git show --textconv :A1/src/A1.hs [11ms]
2023-08-26 14:51:05.728 [info] > git ls-files --stage -- /home/joshuacrotts/files/college/iu/fall-2023/p424/ljcrotts-P424-Fall2023/A1/src/A1.hs [7ms]
2023-08-26 14:51:05.734 [info] > git cat-file -s 61a33d2d3749ae2eb265eeab69ea93b35e5452a1 [1ms]
2023-08-26 14:52:20.210 [info] > git config --get commit.template [1ms]
2023-08-26 14:52:20.221 [info] > git for-each-ref --format=%(refname)%00%(upstream:short)%00%(objectname)%00%(upstream:track)%00%(upstream:remotename)%00%(upstream:remoteref) refs/heads/main refs/remotes/main [2ms]
2023-08-26 14:52:20.232 [info] > git status -z -uall [2ms]
2023-08-26 14:55:47.061 [info] > git config --get commit.template [1ms]
2023-08-26 14:55:47.070 [info] > git for-each-ref --format=%(refname)%00%(upstream:short)%00%(objectname)%00%(upstream:track)%00%(upstream:remotename)%00%(upstream:remoteref) refs/heads/main refs/remotes/main [1ms]
2023-08-26 14:55:47.077 [info] > git status -z -uall [1ms]
2023-08-26 14:56:12.153 [info] > git config --get commit.template [1ms]
2023-08-26 14:56:12.166 [info] > git for-each-ref --format=%(refname)%00%(upstream:short)%00%(objectname)%00%(upstream:track)%00%(upstream:remotename)%00%(upstream:remoteref) refs/heads/main refs/remotes/main [2ms]
2023-08-26 14:56:12.177 [info] > git status -z -uall [2ms]
2023-08-26 14:56:32.975 [info] > git config --get commit.template [10ms]
2023-08-26 14:56:32.976 [info] > git for-each-ref --format=%(refname)%00%(upstream:short)%00%(objectname)%00%(upstream:track)%00%(upstream:remotename)%00%(upstream:remoteref) refs/heads/main refs/remotes/main [2ms]
2023-08-26 14:56:32.985 [info] > git status -z -uall [2ms]
2023-08-26 14:56:54.140 [info] > git config --get commit.template [3ms]
2023-08-26 14:56:54.148 [info] > git for-each-ref --format=%(refname)%00%(upstream:short)%00%(objectname)%00%(upstream:track)%00%(upstream:remotename)%00%(upstream:remoteref) refs/heads/main refs/remotes/main [0ms]
2023-08-26 14:56:54.155 [info] > git status -z -uall [1ms]
2023-08-26 14:56:59.170 [info] > git config --get commit.template [0ms]
2023-08-26 14:56:59.180 [info] > git for-each-ref --format=%(refname)%00%(upstream:short)%00%(objectname)%00%(upstream:track)%00%(upstream:remotename)%00%(upstream:remoteref) refs/heads/main refs/remotes/main [2ms]
2023-08-26 14:56:59.188 [info] > git status -z -uall [2ms]
2023-08-26 15:01:18.895 [info] > git config --get commit.template [8ms]
2023-08-26 15:01:18.895 [info] > git for-each-ref --format=%(refname)%00%(upstream:short)%00%(objectname)%00%(upstream:track)%00%(upstream:remotename)%00%(upstream:remoteref) refs/heads/main refs/remotes/main [1ms]
2023-08-26 15:01:18.904 [info] > git status -z -uall [2ms]
2023-08-26 15:20:48.116 [info] > git config --get commit.template [8ms]
2023-08-26 15:20:48.116 [info] > git for-each-ref --format=%(refname)%00%(upstream:short)%00%(objectname)%00%(upstream:track)%00%(upstream:remotename)%00%(upstream:remoteref) refs/heads/main refs/remotes/main [1ms]
2023-08-26 15:20:48.125 [info] > git status -z -uall [1ms]
2023-08-26 15:21:03.269 [info] > git config --get commit.template [10ms]
2023-08-26 15:21:03.269 [info] > git for-each-ref --format=%(refname)%00%(upstream:short)%00%(objectname)%00%(upstream:track)%00%(upstream:remotename)%00%(upstream:remoteref) refs/heads/main refs/remotes/main [1ms]
2023-08-26 15:21:03.279 [info] > git status -z -uall [1ms]
2023-08-26 15:21:19.780 [info] > git config --get commit.template [11ms]
2023-08-26 15:21:19.780 [info] > git for-each-ref --format=%(refname)%00%(upstream:short)%00%(objectname)%00%(upstream:track)%00%(upstream:remotename)%00%(upstream:remoteref) refs/heads/main refs/remotes/main [1ms]
2023-08-26 15:21:19.788 [info] > git status -z -uall [2ms]
2023-08-26 15:21:26.766 [info] > git config --get commit.template [10ms]
2023-08-26 15:21:26.767 [info] > git for-each-ref --format=%(refname)%00%(upstream:short)%00%(objectname)%00%(upstream:track)%00%(upstream:remotename)%00%(upstream:remoteref) refs/heads/main refs/remotes/main [1ms]
2023-08-26 15:21:26.776 [info] > git status -z -uall [1ms]
2023-08-26 15:44:29.454 [info] > git config --get commit.template [1ms]
2023-08-26 15:44:29.462 [info] > git for-each-ref --format=%(refname)%00%(upstream:short)%00%(objectname)%00%(upstream:track)%00%(upstream:remotename)%00%(upstream:remoteref) refs/heads/main refs/remotes/main [1ms]
2023-08-26 15:44:29.471 [info] > git status -z -uall [1ms]
2023-08-26 15:44:34.851 [info] > git for-each-ref --format=%(refname)%00%(upstream:short)%00%(objectname)%00%(upstream:track)%00%(upstream:remotename)%00%(upstream:remoteref) refs/heads/main refs/remotes/main [1ms]
2023-08-26 15:44:34.851 [info] > git config --get commit.template [9ms]
2023-08-26 15:44:34.859 [info] > git status -z -uall [1ms]
2023-08-26 15:45:17.854 [info] > git config --get commit.template [8ms]
2023-08-26 15:45:17.854 [info] > git for-each-ref --format=%(refname)%00%(upstream:short)%00%(objectname)%00%(upstream:track)%00%(upstream:remotename)%00%(upstream:remoteref) refs/heads/main refs/remotes/main [1ms]
2023-08-26 15:45:17.863 [info] > git status -z -uall [1ms]
