2023-08-25 11:27:38.562 [info] Reading sessions from keychain...
2023-08-25 11:27:38.562 [info] Getting sessions for all scopes...
2023-08-25 11:27:38.562 [info] Getting sessions for user:email...
2023-08-25 11:27:38.562 [info] Got stored sessions!
2023-08-25 11:27:38.562 [info] Got 1 verified sessions.
2023-08-25 11:27:38.562 [info] Got 1 sessions for ...
2023-08-25 11:27:38.562 [info] Got 1 sessions for user:email...
2023-08-25 11:27:38.562 [info] Getting sessions for all scopes...
2023-08-25 11:27:38.562 [info] Got 1 sessions for ...
2023-08-25 11:27:38.586 [info] Getting sessions for all scopes...
2023-08-25 11:27:38.586 [info] Got 1 sessions for ...
2023-08-25 11:27:38.592 [info] Getting sessions for read:user...
2023-08-25 11:27:38.592 [info] Got 0 sessions for read:user...
2023-08-25 11:27:38.636 [info] Getting sessions for read:user,repo,user:email,workflow...
2023-08-25 11:27:38.636 [info] Got 0 sessions for read:user,repo,user:email,workflow...
2023-08-25 11:27:38.639 [info] Getting sessions for user:email...
2023-08-25 11:27:38.639 [info] Got 1 sessions for user:email...
2023-08-25 11:52:39.049 [info] Getting sessions for read:user...
2023-08-25 11:52:39.049 [info] Got 0 sessions for read:user...
2023-08-25 11:52:39.050 [info] Getting sessions for user:email...
2023-08-25 11:52:39.050 [info] Got 1 sessions for user:email...
2023-08-25 12:17:39.388 [info] Getting sessions for read:user...
2023-08-25 12:17:39.388 [info] Got 0 sessions for read:user...
2023-08-25 12:17:39.391 [info] Getting sessions for user:email...
2023-08-25 12:17:39.391 [info] Got 1 sessions for user:email...
2023-08-25 12:42:39.646 [info] Getting sessions for read:user...
2023-08-25 12:42:39.646 [info] Got 0 sessions for read:user...
2023-08-25 12:42:39.649 [info] Getting sessions for user:email...
2023-08-25 12:42:39.649 [info] Got 1 sessions for user:email...
