2023-08-25 20:07:58.191 [info] Added views:workbench.panel.markers.view in workbench.panel.markers
2023-08-25 20:07:58.191 [info] Added views:workbench.panel.output in workbench.panel.output
2023-08-25 20:07:58.191 [info] Added views:terminal in terminal
2023-08-25 20:07:58.191 [info] Added views:outline in workbench.view.explorer
2023-08-25 20:07:58.191 [info] Added views:workbench.scm in workbench.view.scm
2023-08-25 20:07:58.191 [info] Added views:workbench.view.search in workbench.view.search
2023-08-25 20:07:58.191 [info] Added views:timeline in workbench.view.explorer
2023-08-25 20:07:58.191 [info] Added views:workbench.explorer.fileView in workbench.view.explorer
2023-08-25 20:07:58.417 [info] Added views:workbench.debug.welcome in workbench.view.debug
2023-08-25 20:07:58.770 [info] Added views:workbench.panel.repl.view in workbench.panel.repl
2023-08-25 20:08:09.674 [info] Added views:workbench.panel.markers.view in workbench.panel.markers
2023-08-25 20:08:09.674 [info] Added views:workbench.panel.output in workbench.panel.output
2023-08-25 20:08:09.674 [info] Added views:terminal in terminal
2023-08-25 20:08:09.674 [info] Added views:outline in workbench.view.explorer
2023-08-25 20:08:09.674 [info] Added views:workbench.scm in workbench.view.scm
2023-08-25 20:08:09.674 [info] Added views:workbench.view.search in workbench.view.search
2023-08-25 20:08:09.674 [info] Added views:timeline in workbench.view.explorer
2023-08-25 20:08:09.674 [info] Added views:workbench.explorer.fileView in workbench.view.explorer
2023-08-25 20:08:09.975 [info] Added views:workbench.debug.variablesView,workbench.debug.watchExpressionsView,workbench.debug.callStackView,workbench.debug.breakPointsView in workbench.view.debug
2023-08-25 20:08:10.015 [info] Added views:workbench.panel.repl.view in workbench.panel.repl
2023-08-25 20:08:10.016 [info] Removed views:workbench.debug.breakPointsView,workbench.debug.callStackView,workbench.debug.watchExpressionsView,workbench.debug.variablesView from workbench.view.debug
2023-08-25 20:08:10.016 [info] Added views:workbench.debug.welcome in workbench.view.debug
2023-08-25 20:32:02.983 [info] Added views:workbench.views.extensions.installed,workbench.views.extensions.popular,extensions.recommendedList in workbench.view.extensions
2023-08-25 20:32:02.986 [info] Removed views:workbench.views.extensions.popular from workbench.view.extensions
2023-08-25 20:32:03.597 [info] Removed views:extensions.recommendedList,workbench.views.extensions.installed from workbench.view.extensions
2023-08-25 20:32:03.610 [info] Added views:workbench.views.extensions.marketplace in workbench.view.extensions
