[08/21/23, 10:53:45:658] info: 
╔══════════════════════════════════════════════════════╗
║      Slack 4.33.90, linux 6.4.11-arch2-1 on x64      ║
╚══════════════════════════════════════════════════════╝ 
[08/21/23, 10:53:45:659] info: Configured logger via 
{
  "shouldUseNewBackend": false,
  "loggerInstanceCount": 1
}
[08/21/23, 10:53:45:665] info: Predefined values for process 
{
  "NODE_ENV": "production",
  "platform": "linux",
  "type": "browser",
  "timeZone": "America/New_York",
  "PACKAGE_MANIFEST.productName": "Slack",
  "PACKAGE_MANIFEST.version": "4.33.90",
  "PACKAGE_MANIFEST.commit": "1087352",
  "PACKAGE_MANIFEST.branch": "HEAD"
}
[08/21/23, 10:53:45:715] info: Starting Sentry 
[08/21/23, 10:53:45:715] info: persistUuid:: Generated uuid 
{
  "uuid": "35c10f12-50b5-4d58-a300-2f5f0b138291"
}
[08/21/23, 10:53:45:716] info: persistUuid:: Uuid persisted successfully 
[08/21/23, 10:53:45:716] info: getSentryDSN: Setting sentry URL to slack.com 
[08/21/23, 10:53:45:725] info: Could not load previous electron version 
[08/21/23, 10:53:45:785] info: Breadcrumb: electron: app.will-finish-launching 
[08/21/23, 10:53:45:788] info: Breadcrumb: electron: app.ready 
[08/21/23, 10:53:45:792] info: Breadcrumb: electron: app.session-created 
[08/21/23, 10:53:45:807] info: Store: persist/PERSIST 
[08/21/23, 10:53:45:809] info: Store: UPDATE_SETTINGS 
{
  "locale": "en-US"
}
[08/21/23, 10:53:45:812] info: Migrating from redux-persist@v4 
[08/21/23, 10:53:45:812] info: Finished migrating state 
{
  "keys": [
    "_persist"
  ],
  "version": 1
}
[08/21/23, 10:53:45:812] info: Store: persist/REHYDRATE 
{
  "_persist": "Persistence version: 1"
}
[08/21/23, 10:53:45:813] info: Store: RECORD_PERFORMANCE_TIMING 
{
  "phase": 0,
  "interval": 8
}
[08/21/23, 10:53:45:814] info: Store: INITIALIZE 
{
  "resourcePath": "/usr/lib/slack/resources/app.asar",
  "silent": true,
  "tsaToken": "[REDACTED]",
  "bootFragments": []
}
[08/21/23, 10:53:45:822] info: Store: SET_SESSION_MODE 
[08/21/23, 10:53:45:823] info: Feature Check: requesting features from https://app.slack.com/api/ 
[08/21/23, 10:53:45:829] error: Failed to load calls-desktop-interop.WindowBorderPanel 
{
  "error": {
    "stack": "Error: Module did not self-register: '/usr/lib/slack/resources/app.asar.unpacked/node_modules/@tinyspeck/calls-desktop-interop/build/Release/CallsDesktopInterop.node'.\n    at process.func [as dlopen] (node:electron/js2c/asar_bundle:2:1822)\n    at Module._extensions..node (node:internal/modules/cjs/loader:1354:18)\n    at Object.func [as .node] (node:electron/js2c/asar_bundle:2:2049)\n    at Module.load (node:internal/modules/cjs/loader:1124:32)\n    at Module._load (node:internal/modules/cjs/loader:965:12)\n    at f._load (node:electron/js2c/asar_bundle:2:13330)\n    at Module.require (node:internal/modules/cjs/loader:1148:19)\n    at require (node:internal/modules/cjs/helpers:110:18)\n    at bindings (/usr/lib/slack/resources/app.asar/node_modules/bindings/bindings.js:112:48)\n    at Object.<anonymous> (/usr/lib/slack/resources/app.asar/node_modules/@tinyspeck/calls-desktop-interop/lib/index.js:1:34)",
    "message": "Module did not self-register: '/usr/lib/slack/resources/app.asar.unpacked/node_modules/@tinyspeck/calls-desktop-interop/build/Release/CallsDesktopInterop.node'.",
    "code": "ERR_DLOPEN_FAILED"
  },
  "stackFrameString": "[{\"columnNumber\":1822,\"lineNumber\":2,\"fileName\":\"node:electron/js2c/asar_bundle\",\"functionName\":\"process.func [as dlopen]\",\"source\":\"    at process.func [as dlopen] (node:electron/js2c/asar_bundle:2:1822)\"},{\"columnNumber\":18,\"lineNumber\":1354,\"fileName\":\"node:internal/modules/cjs/loader\",\"functionName\":\"Module._extensions..node\",\"source\":\"    at Module._extensions..node (node:internal/modules/cjs/loader:1354:18)\"},{\"columnNumber\":2049,\"lineNumber\":2,\"fileName\":\"node:electron/js2c/asar_bundle\",\"functionName\":\"Object.func [as .node]\",\"source\":\"    at Object.func [as .node] (node:electron/js2c/asar_bundle:2:2049)\"},{\"columnNumber\":32,\"lineNumber\":1124,\"fileName\":\"node:internal/modules/cjs/loader\",\"functionName\":\"Module.load\",\"source\":\"    at Module.load (node:internal/modules/cjs/loader:1124:32)\"},{\"columnNumber\":12,\"lineNumber\":965,\"fileName\":\"node:internal/modules/cjs/loader\",\"functionName\":\"Module._load\",\"source\":\"    at Module._load (node:internal/modules/cjs/loader:965:12)\"},{\"columnNumber\":13330,\"lineNumber\":2,\"fileName\":\"node:electron/js2c/asar_bundle\",\"functionName\":\"f._load\",\"source\":\"    at f._load (node:electron/js2c/asar_bundle:2:13330)\"},{\"columnNumber\":19,\"lineNumber\":1148,\"fileName\":\"node:internal/modules/cjs/loader\",\"functionName\":\"Module.require\",\"source\":\"    at Module.require (node:internal/modules/cjs/loader:1148:19)\"},{\"columnNumber\":18,\"lineNumber\":110,\"fileName\":\"node:internal/modules/cjs/helpers\",\"functionName\":\"require\",\"source\":\"    at require (node:internal/modules/cjs/helpers:110:18)\"},{\"columnNumber\":48,\"lineNumber\":112,\"fileName\":\"/usr/lib/slack/resources/app.asar/node_modules/bindings/bindings.js\",\"functionName\":\"bindings\",\"source\":\"    at bindings (/usr/lib/slack/resources/app.asar/node_modules/bindings/bindings.js:112:48)\"},{\"columnNumber\":34,\"lineNumber\":1,\"fileName\":\"/usr/lib/slack/resources/app.asar/node_modules/@tinyspeck/calls-desktop-interop/lib/index.js\",\"functionName\":\"Object.<anonymous>\",\"source\":\"    at Object.<anonymous> (/usr/lib/slack/resources/app.asar/node_modules/@tinyspeck/calls-desktop-interop/lib/index.js:1:34)\"}]"
}
[08/21/23, 10:53:45:849] warn: Failed to install protocol handler for slack:// links 
[08/21/23, 10:53:45:853] warn: Couldn't get Linux distro info from lsb_release, trying fallback to get Linux distro info 
{
  "error": {
    "stack": "Error: Command failed: lsb_release -a --short\n/bin/sh: line 1: lsb_release: command not found\n\n    at ChildProcess.exithandler (node:child_process:430:12)\n    at ChildProcess.emit (node:events:513:28)\n    at ChildProcess.emit (node:domain:489:12)\n    at maybeClose (node:internal/child_process:1091:16)\n    at Socket.<anonymous> (node:internal/child_process:449:11)\n    at Socket.emit (node:events:513:28)\n    at Socket.emit (node:domain:489:12)\n    at Pipe.<anonymous> (node:net:322:12)",
    "message": "Command failed: lsb_release -a --short\n/bin/sh: line 1: lsb_release: command not found\n",
    "code": 127,
    "killed": false,
    "signal": null,
    "cmd": "lsb_release -a --short",
    "stdout": "",
    "stderr": "/bin/sh: line 1: lsb_release: command not found\n"
  },
  "stackFrameString": "[{\"columnNumber\":12,\"lineNumber\":430,\"fileName\":\"node:child_process\",\"functionName\":\"ChildProcess.exithandler\",\"source\":\"    at ChildProcess.exithandler (node:child_process:430:12)\"},{\"columnNumber\":28,\"lineNumber\":513,\"fileName\":\"node:events\",\"functionName\":\"ChildProcess.emit\",\"source\":\"    at ChildProcess.emit (node:events:513:28)\"},{\"columnNumber\":12,\"lineNumber\":489,\"fileName\":\"node:domain\",\"functionName\":\"ChildProcess.emit\",\"source\":\"    at ChildProcess.emit (node:domain:489:12)\"},{\"columnNumber\":16,\"lineNumber\":1091,\"fileName\":\"node:internal/child_process\",\"functionName\":\"maybeClose\",\"source\":\"    at maybeClose (node:internal/child_process:1091:16)\"},{\"columnNumber\":11,\"lineNumber\":449,\"fileName\":\"node:internal/child_process\",\"functionName\":\"Socket.<anonymous>\",\"source\":\"    at Socket.<anonymous> (node:internal/child_process:449:11)\"},{\"columnNumber\":28,\"lineNumber\":513,\"fileName\":\"node:events\",\"functionName\":\"Socket.emit\",\"source\":\"    at Socket.emit (node:events:513:28)\"},{\"columnNumber\":12,\"lineNumber\":489,\"fileName\":\"node:domain\",\"functionName\":\"Socket.emit\",\"source\":\"    at Socket.emit (node:domain:489:12)\"},{\"columnNumber\":12,\"lineNumber\":322,\"fileName\":\"node:net\",\"functionName\":\"Pipe.<anonymous>\",\"source\":\"    at Pipe.<anonymous> (node:net:322:12)\"}]"
}
[08/21/23, 10:53:45:854] info: Breadcrumb: electron: app.gpu-info-update 
[08/21/23, 10:53:45:861] info: getLinuxDistro: getos 
{
  "res": {
    "os": "linux",
    "dist": "Arch Linux"
  }
}
[08/21/23, 10:53:45:861] info: Store: READY 
{
  "resourcePath": "/usr/lib/slack/resources/app.asar",
  "silent": true,
  "tsaToken": "[REDACTED]",
  "bootFragments": [],
  "appVersion": "4.33.90",
  "is64Bit": true,
  "isGpuCompositionAvailable": true,
  "isTitleBarHidden": false,
  "platform": "linux",
  "platformVersion": {
    "major": 6,
    "minor": 4,
    "build": 11
  },
  "developerMenuOverride": false,
  "uuid": "35c10f12-50b5-4d58-a300-2f5f0b138291",
  "applicationProcessSessionId": "MzVjMTBmMTItNTBiNS00ZDU4LWEzMDAtMmY1ZjBiMTM4MjkxXzE2OTI2Mjk2MjU4MTQ=",
  "distribution": "DDL",
  "clientEnvironment": 1000,
  "linux": {
    "os": "Arch Linux",
    "name": "Arch Linux ",
    "release": "",
    "codename": "",
    "desktopEnvironment": "i3"
  }
}
[08/21/23, 10:53:45:862] info: initializeApplicationEpic: trying to set ntlm credential domain for session 
{
  "sessionId": "PROD_DEFAULT_SESSION"
}
[08/21/23, 10:53:45:862] info: initializeApplicationEpic: Setting spellcheck dictionary URL 
{
  "dictionaryUrl": "https://spellcheck.slack-edge.com/dictionaries_v2/"
}
[08/21/23, 10:53:45:862] info: initializeApplicationEpic: Welcome to Slack 4.33.90 x64 
[08/21/23, 10:53:45:862] info: Breadcrumb: electron: powerMonitor.newListener 
[08/21/23, 10:53:45:864] info: AutoLoginEpic: Checking for autologin. 
[08/21/23, 10:53:45:864] info: getIsUpdateSupported: Updates are not supported 
{
  "version": "4.33.90",
  "reasons": [
    "using Linux"
  ],
  "distribution": "DDL",
  "executable": "/usr/lib/slack"
}
[08/21/23, 10:53:45:868] info: persistUuid:: Generated uuid 
{
  "uuid": "d55d02fe-c63f-44b1-992d-a1a76f54d6f7"
}
[08/21/23, 10:53:45:868] info: persistUuid:: Uuid persisted successfully 
[08/21/23, 10:53:45:876] info: Store: SET_ACCESSIBILITY_SUPPORT_ENABLED 
[08/21/23, 10:53:45:876] info: Store: CREATE_WINDOW 
{
  "type": "main"
}
[08/21/23, 10:53:45:877] info: Store: UPDATE_SETTINGS 
{
  "isSignedIntoSlackOrg": false
}
[08/21/23, 10:53:45:878] info: Breadcrumb: electron: powerMonitor.newListener 
[08/21/23, 10:53:45:880] info: initialSettingsPayload: trying to invalidate settings 
{
  "payload": {
    "launchOnStartup": false,
    "PrefSSBFileDownloadPath": "/home/[REDACTED]/Downloads",
    "PrefSSBFileDownloadPathDisplayName": "Downloads",
    "hasRunApp": true
  }
}
[08/21/23, 10:53:45:880] info: Store: UPDATE_SETTINGS 
{
  "launchOnStartup": false,
  "PrefSSBFileDownloadPath": "/home/[REDACTED]/Downloads",
  "PrefSSBFileDownloadPathDisplayName": "Downloads",
  "hasRunApp": true
}
[08/21/23, 10:53:45:881] info: Store: SET_UPDATE_SUPPORTED 
[08/21/23, 10:53:45:896] info: Store: TOKEN_FILE_PROCESSED 
[08/21/23, 10:53:45:897] info: AutoLoginEpic: Processing token file for autologin. 
[08/21/23, 10:53:45:897] info: AutoLoginEpic: Completed autologin processing — successfully logged in 0 workspaces. 
[08/21/23, 10:53:45:897] info: AutoLoginEpic: Setting default sign-in team to null 
[08/21/23, 10:53:45:897] info: Store: AUTOLOGIN_TEAMS_COMPLETE 
[08/21/23, 10:53:45:898] info: Store: UPDATE_SETTINGS 
{
  "defaultSigninTeam": null
}
[08/21/23, 10:53:45:905] info: Breadcrumb: electron: app.web-contents-created 
[08/21/23, 10:53:45:905] info: Breadcrumb: electron: app.browser-window-created 
[08/21/23, 10:53:45:906] info: MainWindowEpics: Setting main window ID 
{
  "id": 1
}
[08/21/23, 10:53:45:908] info: Store: WINDOW_CREATED 
{
  "type": "main",
  "id": 1,
  "frame": {
    "isHtmlFullScreen": false,
    "isFullScreen": false,
    "isMinimized": false,
    "isMaximized": false,
    "isVisible": false,
    "isFocused": false,
    "bounds": {
      "x": 320,
      "y": 150,
      "width": 800,
      "height": 600
    },
    "hasVibrancy": false
  }
}
[08/21/23, 10:53:45:915] info: Breadcrumb: electron: powerMonitor.newListener 
[08/21/23, 10:53:45:916] info: Breadcrumb: electron: powerMonitor.newListener 
[08/21/23, 10:53:45:916] info: Watching for keyboard layout changes 
[08/21/23, 10:53:45:918] info: Store: RECORD_PERFORMANCE_TIMING 
{
  "phase": 1,
  "interval": 97
}
[08/21/23, 10:53:45:919] info: Store: UPDATE_SETTINGS 
{
  "keyboardLayout": "us"
}
[08/21/23, 10:53:45:921] info: getSonicBaseURL: Booting into devEnv 
{
  "url": "https://app.slack.com"
}
[08/21/23, 10:53:45:928] info: registerLifeCycleEvents: Registering webContents:1 
[08/21/23, 10:53:45:928] info: Store: UPSERT_WEB_CONTENTS 
{
  "id": 1,
  "state": "unloaded"
}
[08/21/23, 10:53:45:941] info: System configuration information 
{
  "info": {
    "total_memory_in_gb": 15,
    "gpuFeatures": {
      "2d_canvas": "enabled",
      "canvas_oop_rasterization": "disabled_off",
      "direct_rendering_display_compositor": "disabled_off_ok",
      "gpu_compositing": "enabled",
      "multiple_raster_threads": "enabled_on",
      "opengl": "enabled_on",
      "rasterization": "enabled",
      "raw_draw": "disabled_off_ok",
      "video_decode": "enabled",
      "video_encode": "disabled_software",
      "vulkan": "disabled_off",
      "webgl": "enabled",
      "webgl2": "enabled",
      "webgpu": "disabled_off"
    },
    "cpu_model": "11th Gen Intel(R) Core(TM) i7-1160G7 @ 1.20GHz",
    "cpu_logical_core": 8,
    "cpu_clock_speed": 3141,
    "gpuDevice": [
      {
        "active": true,
        "cudaComputeCapabilityMajor": 0,
        "deviceId": 39488,
        "gpuPreference": 0,
        "vendorId": 32902
      }
    ],
    "machine_model_name": "unknown",
    "machine_model_version": "unknown",
    "crash_db_size_kb": 1
  }
}
[08/21/23, 10:53:46:024] info: Breadcrumb: electron.net: undefined 
{
  "url": "https://app.slack.com/api//desktop.features",
  "method": "GET",
  "status_code": 200
}
[08/21/23, 10:53:46:029] info: Feature Check: received experiments 
{
  "ok": true,
  "experiments": []
}
[08/21/23, 10:53:46:099] info: Finished download of spellcheck dictionary 
{
  "code": "en-US"
}
[08/21/23, 10:53:46:101] info: Spellcheck dictionary initialized 
{
  "code": "en-US"
}
[08/21/23, 10:53:46:584] info: Store: UPDATE_SETTINGS 
{
  "userTheme": "light"
}
[08/21/23, 10:53:46:586] info: Store: UPDATE_SETTINGS 
{
  "systemThemeSyncEnabled": false
}
[08/21/23, 10:53:46:696] info: Breadcrumb: electron: renderer.dom-ready 
{
  "id": 1,
  "url": "https://app.slack.com/ssb/first?redir=%2Fssb%2Fclient#/"
}
[08/21/23, 10:53:46:696] info: registerLifeCycleEvents: webContents:1 from 'unloaded' to 'loaded' took 768 ms 
[08/21/23, 10:53:46:696] info: Store: UPSERT_WEB_CONTENTS 
{
  "id": 1,
  "state": "loaded"
}
[08/21/23, 10:53:46:697] info: initializeMainWindowEpic: Showing main window 
{
  "maximized": false,
  "shouldHide": false,
  "fullScreen": false
}
[08/21/23, 10:53:46:699] info: Breadcrumb: electron: window.show 
{
  "id": 1,
  "url": "https://app.slack.com/ssb/first?redir=%2Fssb%2Fclient#/"
}
[08/21/23, 10:53:46:699] info: Store: RECORD_PERFORMANCE_TIMING 
{
  "phase": 2,
  "interval": 787
}
[08/21/23, 10:53:46:700] info: Store: SET_WINDOW_FRAME 
{
  "id": 1,
  "frame": {
    "isVisible": true
  },
  "fromEvent": true
}
[08/21/23, 10:53:46:700] info: Store: MAIN_WINDOW_SHOWN 
[08/21/23, 10:53:46:701] info: Store: UPDATE_SETTINGS 
{
  "mainWindowSettings": {
    "fullScreen": false,
    "maximized": false,
    "bounds": {
      "x": 208,
      "y": 66,
      "width": 1024,
      "height": 768
    }
  }
}
[08/21/23, 10:53:46:702] info: Store: CLEAR_NOTIFICATIONS 
[08/21/23, 10:53:46:705] info: waitAuthCookieChange: waiting for auth change for session 
{
  "sessionId": "PROD_DEFAULT_SESSION"
}
[08/21/23, 10:53:46:706] info: Breadcrumb: electron: window.focus 
{
  "id": 1,
  "url": "https://app.slack.com/ssb/first?redir=%2Fssb%2Fclient#/"
}
[08/21/23, 10:53:46:707] info: Breadcrumb: electron: app.browser-window-focus 
[08/21/23, 10:53:46:707] info: Store: SET_WINDOW_FRAME 
{
  "id": 1,
  "frame": {
    "isFocused": true
  },
  "fromEvent": true
}
[08/21/23, 10:53:46:735] info: Breadcrumb: electron: window.ready-to-show 
{
  "id": 1,
  "url": "https://app.slack.com/ssb/first?redir=%2Fssb%2Fclient#/"
}
[08/21/23, 10:53:46:743] info: registerLifeCycleEvents: webContents:1 is type 'app' 
[08/21/23, 10:53:46:743] info: Store: UPSERT_WEB_CONTENTS 
{
  "id": 1,
  "type": "app",
  "history": "[REDACTED]"
}
[08/21/23, 10:53:46:746] info: Store: SET_WINDOW_FRAME 
{
  "id": 1,
  "frame": {
    "isVisible": true,
    "isFocused": true
  },
  "fromEvent": true
}
[08/21/23, 10:53:46:823] info: Store: SET_NETWORK_STATUS online
[08/21/23, 10:53:47:707] info: Store: SET_WINDOW_FRAME 
{
  "id": 1,
  "frame": {
    "bounds": {
      "x": 726,
      "y": 49,
      "width": 693,
      "height": 830
    },
    "isMaximized": false
  },
  "fromEvent": true
}
[08/21/23, 10:53:47:708] info: Store: SET_WINDOW_FRAME 
{
  "id": 1,
  "frame": {
    "bounds": {
      "x": 726,
      "y": 49,
      "width": 693,
      "height": 830
    },
    "isMaximized": false
  },
  "fromEvent": true
}
[08/21/23, 10:53:47:774] info: Store: UPDATE_SETTINGS 
{
  "mainWindowSettings": {
    "fullScreen": false,
    "maximized": false,
    "bounds": {
      "x": 726,
      "y": 49,
      "width": 693,
      "height": 830
    }
  }
}
[08/21/23, 10:53:49:885] info: Breadcrumb: electron: window.blur 
{
  "id": 1,
  "url": "https://app.slack.com/ssb/first?redir=%2Fssb%2Fclient#/"
}
[08/21/23, 10:53:49:885] info: Breadcrumb: electron: app.browser-window-blur 
[08/21/23, 10:53:49:886] info: Store: SET_WINDOW_FRAME 
{
  "id": 1,
  "frame": {
    "isFocused": false
  },
  "fromEvent": true
}
[08/21/23, 10:53:50:808] info: Store: persist/FLUSH 
[08/21/23, 10:54:04:509] info: Breadcrumb: electron: window.focus 
{
  "id": 1,
  "url": "https://app.slack.com/ssb/first?redir=%2Fssb%2Fclient#/"
}
[08/21/23, 10:54:04:509] info: Breadcrumb: electron: app.browser-window-focus 
[08/21/23, 10:54:04:510] info: Store: SET_WINDOW_FRAME 
{
  "id": 1,
  "frame": {
    "isFocused": true
  },
  "fromEvent": true
}
[08/21/23, 10:54:07:982] info: Breadcrumb: electron: window.blur 
{
  "id": 1,
  "url": "https://app.slack.com/ssb/first?redir=%2Fssb%2Fclient#/"
}
[08/21/23, 10:54:07:982] info: Breadcrumb: electron: app.browser-window-blur 
[08/21/23, 10:54:07:982] info: Store: SET_WINDOW_FRAME 
{
  "id": 1,
  "frame": {
    "isFocused": false
  },
  "fromEvent": true
}
[08/21/23, 10:54:08:981] info: Store: SET_WINDOW_FRAME 
{
  "id": 1,
  "frame": {
    "bounds": {
      "x": 489,
      "y": 49,
      "width": 462,
      "height": 830
    },
    "isMaximized": false
  },
  "fromEvent": true
}
[08/21/23, 10:54:08:982] info: Store: SET_WINDOW_FRAME 
{
  "id": 1,
  "frame": {
    "bounds": {
      "x": 489,
      "y": 49,
      "width": 462,
      "height": 830
    },
    "isMaximized": false
  },
  "fromEvent": true
}
[08/21/23, 10:54:09:049] info: Store: UPDATE_SETTINGS 
{
  "mainWindowSettings": {
    "fullScreen": false,
    "maximized": false,
    "bounds": {
      "x": 489,
      "y": 49,
      "width": 462,
      "height": 830
    }
  }
}
[08/21/23, 10:54:12:115] info: Breadcrumb: electron: window.focus 
{
  "id": 1,
  "url": "https://app.slack.com/ssb/first?redir=%2Fssb%2Fclient#/"
}
[08/21/23, 10:54:12:115] info: Breadcrumb: electron: app.browser-window-focus 
[08/21/23, 10:54:12:116] info: Store: SET_WINDOW_FRAME 
{
  "id": 1,
  "frame": {
    "isFocused": true
  },
  "fromEvent": true
}
[08/21/23, 10:54:13:106] info: Store: SET_WINDOW_FRAME 
{
  "id": 1,
  "frame": {
    "bounds": {
      "x": 726,
      "y": 49,
      "width": 693,
      "height": 830
    },
    "isMaximized": false
  },
  "fromEvent": true
}
[08/21/23, 10:54:13:115] info: Store: SET_WINDOW_FRAME 
{
  "id": 1,
  "frame": {
    "bounds": {
      "x": 726,
      "y": 49,
      "width": 693,
      "height": 830
    },
    "isMaximized": false
  },
  "fromEvent": true
}
[08/21/23, 10:54:13:181] info: Store: UPDATE_SETTINGS 
{
  "mainWindowSettings": {
    "fullScreen": false,
    "maximized": false,
    "bounds": {
      "x": 726,
      "y": 49,
      "width": 693,
      "height": 830
    }
  }
}
[08/21/23, 10:54:13:383] info: Breadcrumb: electron: window.blur 
{
  "id": 1,
  "url": "https://app.slack.com/ssb/first?redir=%2Fssb%2Fclient#/"
}
[08/21/23, 10:54:13:383] info: Breadcrumb: electron: app.browser-window-blur 
[08/21/23, 10:54:13:384] info: Store: SET_WINDOW_FRAME 
{
  "id": 1,
  "frame": {
    "isFocused": false
  },
  "fromEvent": true
}
[08/21/23, 10:54:45:866] info: Store: UPDATE_SETTINGS 
{
  "lastClogForProxyInfo": 1692629685866
}
[08/21/23, 10:54:55:913] info: Breadcrumb: electron.net: undefined 
{
  "url": "https://app.slack.com/clog/track/",
  "method": "POST",
  "status_code": 200
}
[08/21/23, 10:54:55:961] info: Breadcrumb: electron.net: undefined 
{
  "url": "https://app.slack.com/clog/track/",
  "method": "POST",
  "status_code": 200
}
[08/21/23, 10:56:06:763] info: Store: SET_SYSTEM_IDLE idle
[08/21/23, 10:56:16:766] info: Store: SET_SYSTEM_IDLE active
[08/21/23, 10:58:48:950] info: Breadcrumb: electron: app.second-instance 
[08/21/23, 10:58:48:951] info: secondInstanceEpic: Otherwise signaled, foregrounding 
[08/21/23, 10:58:48:951] info: Store: FOREGROUND_APP 
[08/21/23, 10:59:03:445] info: Breadcrumb: electron: app.second-instance 
[08/21/23, 10:59:03:445] info: secondInstanceEpic: Otherwise signaled, foregrounding 
[08/21/23, 10:59:03:445] info: Store: FOREGROUND_APP 
[08/21/23, 10:59:07:738] info: Breadcrumb: electron: app.second-instance 
[08/21/23, 10:59:07:738] info: secondInstanceEpic: Otherwise signaled, foregrounding 
[08/21/23, 10:59:07:738] info: Store: FOREGROUND_APP 
[08/21/23, 10:59:10:970] info: Breadcrumb: electron: app.second-instance 
[08/21/23, 10:59:10:970] info: secondInstanceEpic: Otherwise signaled, foregrounding 
[08/21/23, 10:59:10:970] info: Store: FOREGROUND_APP 
[08/21/23, 11:01:16:599] info: 
╔══════════════════════════════════════════════════════╗
║      Slack 4.33.90, linux 6.4.11-arch2-1 on x64      ║
╚══════════════════════════════════════════════════════╝ 
[08/21/23, 11:01:16:600] info: Configured logger via 
{
  "shouldUseNewBackend": false,
  "loggerInstanceCount": 1
}
[08/21/23, 11:01:16:606] info: Predefined values for process 
{
  "NODE_ENV": "production",
  "platform": "linux",
  "type": "browser",
  "timeZone": "America/New_York",
  "PACKAGE_MANIFEST.productName": "Slack",
  "PACKAGE_MANIFEST.version": "4.33.90",
  "PACKAGE_MANIFEST.commit": "1087352",
  "PACKAGE_MANIFEST.branch": "HEAD"
}
[08/21/23, 11:01:16:656] info: Starting Sentry 
[08/21/23, 11:01:16:656] info: makeUuidFactory:: Read existing uuid for instance from persisted location:  
{
  "uuid": "35c10f12-50b5-4d58-a300-2f5f0b138291"
}
[08/21/23, 11:01:16:657] info: getSentryDSN: Setting sentry URL to slack.com 
[08/21/23, 11:01:16:705] info: Breadcrumb: electron: app.will-finish-launching 
[08/21/23, 11:01:16:709] info: Breadcrumb: electron: app.ready 
[08/21/23, 11:01:16:714] info: Breadcrumb: electron: app.session-created 
[08/21/23, 11:01:16:728] info: Store: persist/PERSIST 
[08/21/23, 11:01:16:731] info: Store: UPDATE_SETTINGS 
{
  "locale": "en-US"
}
[08/21/23, 11:01:16:737] info: Store: persist/REHYDRATE 
{
  "appTeams": "[DEPRECATED]",
  "bookmarks": "[REDACTED]",
  "downloads": "No downloads",
  "enterprise": "No Enterprise orgs",
  "settings": {
    "isSignedIntoSlackOrg": false,
    "locale": "en-US",
    "notificationMethod": null,
    "releaseChannelOverride": null
  },
  "teams": "[DEPRECATED]",
  "webapp": "[REDACTED]",
  "workspaces": "Not signed in to any workspaces",
  "workspacesMeta": "Selected workspace: null",
  "_persist": "Persistence version: 1"
}
[08/21/23, 11:01:16:740] info: Store: RECORD_PERFORMANCE_TIMING 
{
  "phase": 0,
  "interval": 15
}
[08/21/23, 11:01:16:741] info: Store: INITIALIZE 
{
  "0": {
    "tokens": [
      "z-app-T05M6AD64L8-5773606316035-b7550efbb7b63bb102fbb00de0bebe9c7255b415f6b2524f86ec11295b7474a0"
    ]
  },
  "resourcePath": "/usr/lib/slack/resources/app.asar",
  "silent": true,
  "tsaToken": "[REDACTED]",
  "bootFragments": [],
  "protoUrl": "[REDACTED]"
}
[08/21/23, 11:01:16:750] info: Store: SET_SESSION_MODE 
[08/21/23, 11:01:16:751] info: Feature Check: requesting features from https://app.slack.com/api/ 
[08/21/23, 11:01:16:757] error: Failed to load calls-desktop-interop.WindowBorderPanel 
{
  "error": {
    "stack": "Error: Module did not self-register: '/usr/lib/slack/resources/app.asar.unpacked/node_modules/@tinyspeck/calls-desktop-interop/build/Release/CallsDesktopInterop.node'.\n    at process.func [as dlopen] (node:electron/js2c/asar_bundle:2:1822)\n    at Module._extensions..node (node:internal/modules/cjs/loader:1354:18)\n    at Object.func [as .node] (node:electron/js2c/asar_bundle:2:2049)\n    at Module.load (node:internal/modules/cjs/loader:1124:32)\n    at Module._load (node:internal/modules/cjs/loader:965:12)\n    at f._load (node:electron/js2c/asar_bundle:2:13330)\n    at Module.require (node:internal/modules/cjs/loader:1148:19)\n    at require (node:internal/modules/cjs/helpers:110:18)\n    at bindings (/usr/lib/slack/resources/app.asar/node_modules/bindings/bindings.js:112:48)\n    at Object.<anonymous> (/usr/lib/slack/resources/app.asar/node_modules/@tinyspeck/calls-desktop-interop/lib/index.js:1:34)",
    "message": "Module did not self-register: '/usr/lib/slack/resources/app.asar.unpacked/node_modules/@tinyspeck/calls-desktop-interop/build/Release/CallsDesktopInterop.node'.",
    "code": "ERR_DLOPEN_FAILED"
  },
  "stackFrameString": "[{\"columnNumber\":1822,\"lineNumber\":2,\"fileName\":\"node:electron/js2c/asar_bundle\",\"functionName\":\"process.func [as dlopen]\",\"source\":\"    at process.func [as dlopen] (node:electron/js2c/asar_bundle:2:1822)\"},{\"columnNumber\":18,\"lineNumber\":1354,\"fileName\":\"node:internal/modules/cjs/loader\",\"functionName\":\"Module._extensions..node\",\"source\":\"    at Module._extensions..node (node:internal/modules/cjs/loader:1354:18)\"},{\"columnNumber\":2049,\"lineNumber\":2,\"fileName\":\"node:electron/js2c/asar_bundle\",\"functionName\":\"Object.func [as .node]\",\"source\":\"    at Object.func [as .node] (node:electron/js2c/asar_bundle:2:2049)\"},{\"columnNumber\":32,\"lineNumber\":1124,\"fileName\":\"node:internal/modules/cjs/loader\",\"functionName\":\"Module.load\",\"source\":\"    at Module.load (node:internal/modules/cjs/loader:1124:32)\"},{\"columnNumber\":12,\"lineNumber\":965,\"fileName\":\"node:internal/modules/cjs/loader\",\"functionName\":\"Module._load\",\"source\":\"    at Module._load (node:internal/modules/cjs/loader:965:12)\"},{\"columnNumber\":13330,\"lineNumber\":2,\"fileName\":\"node:electron/js2c/asar_bundle\",\"functionName\":\"f._load\",\"source\":\"    at f._load (node:electron/js2c/asar_bundle:2:13330)\"},{\"columnNumber\":19,\"lineNumber\":1148,\"fileName\":\"node:internal/modules/cjs/loader\",\"functionName\":\"Module.require\",\"source\":\"    at Module.require (node:internal/modules/cjs/loader:1148:19)\"},{\"columnNumber\":18,\"lineNumber\":110,\"fileName\":\"node:internal/modules/cjs/helpers\",\"functionName\":\"require\",\"source\":\"    at require (node:internal/modules/cjs/helpers:110:18)\"},{\"columnNumber\":48,\"lineNumber\":112,\"fileName\":\"/usr/lib/slack/resources/app.asar/node_modules/bindings/bindings.js\",\"functionName\":\"bindings\",\"source\":\"    at bindings (/usr/lib/slack/resources/app.asar/node_modules/bindings/bindings.js:112:48)\"},{\"columnNumber\":34,\"lineNumber\":1,\"fileName\":\"/usr/lib/slack/resources/app.asar/node_modules/@tinyspeck/calls-desktop-interop/lib/index.js\",\"functionName\":\"Object.<anonymous>\",\"source\":\"    at Object.<anonymous> (/usr/lib/slack/resources/app.asar/node_modules/@tinyspeck/calls-desktop-interop/lib/index.js:1:34)\"}]"
}
[08/21/23, 11:01:16:776] warn: Failed to install protocol handler for slack:// links 
[08/21/23, 11:01:16:782] warn: Couldn't get Linux distro info from lsb_release, trying fallback to get Linux distro info 
{
  "error": {
    "stack": "Error: Command failed: lsb_release -a --short\n/bin/sh: line 1: lsb_release: command not found\n\n    at ChildProcess.exithandler (node:child_process:430:12)\n    at ChildProcess.emit (node:events:513:28)\n    at ChildProcess.emit (node:domain:489:12)\n    at maybeClose (node:internal/child_process:1091:16)\n    at Socket.<anonymous> (node:internal/child_process:449:11)\n    at Socket.emit (node:events:513:28)\n    at Socket.emit (node:domain:489:12)\n    at Pipe.<anonymous> (node:net:322:12)",
    "message": "Command failed: lsb_release -a --short\n/bin/sh: line 1: lsb_release: command not found\n",
    "code": 127,
    "killed": false,
    "signal": null,
    "cmd": "lsb_release -a --short",
    "stdout": "",
    "stderr": "/bin/sh: line 1: lsb_release: command not found\n"
  },
  "stackFrameString": "[{\"columnNumber\":12,\"lineNumber\":430,\"fileName\":\"node:child_process\",\"functionName\":\"ChildProcess.exithandler\",\"source\":\"    at ChildProcess.exithandler (node:child_process:430:12)\"},{\"columnNumber\":28,\"lineNumber\":513,\"fileName\":\"node:events\",\"functionName\":\"ChildProcess.emit\",\"source\":\"    at ChildProcess.emit (node:events:513:28)\"},{\"columnNumber\":12,\"lineNumber\":489,\"fileName\":\"node:domain\",\"functionName\":\"ChildProcess.emit\",\"source\":\"    at ChildProcess.emit (node:domain:489:12)\"},{\"columnNumber\":16,\"lineNumber\":1091,\"fileName\":\"node:internal/child_process\",\"functionName\":\"maybeClose\",\"source\":\"    at maybeClose (node:internal/child_process:1091:16)\"},{\"columnNumber\":11,\"lineNumber\":449,\"fileName\":\"node:internal/child_process\",\"functionName\":\"Socket.<anonymous>\",\"source\":\"    at Socket.<anonymous> (node:internal/child_process:449:11)\"},{\"columnNumber\":28,\"lineNumber\":513,\"fileName\":\"node:events\",\"functionName\":\"Socket.emit\",\"source\":\"    at Socket.emit (node:events:513:28)\"},{\"columnNumber\":12,\"lineNumber\":489,\"fileName\":\"node:domain\",\"functionName\":\"Socket.emit\",\"source\":\"    at Socket.emit (node:domain:489:12)\"},{\"columnNumber\":12,\"lineNumber\":322,\"fileName\":\"node:net\",\"functionName\":\"Pipe.<anonymous>\",\"source\":\"    at Pipe.<anonymous> (node:net:322:12)\"}]"
}
[08/21/23, 11:01:16:784] info: Breadcrumb: electron: app.gpu-info-update 
[08/21/23, 11:01:16:790] info: getLinuxDistro: getos 
{
  "res": {
    "os": "linux",
    "dist": "Arch Linux"
  }
}
[08/21/23, 11:01:16:790] info: Store: READY 
{
  "0": {
    "tokens": [
      "z-app-T05M6AD64L8-5773606316035-b7550efbb7b63bb102fbb00de0bebe9c7255b415f6b2524f86ec11295b7474a0"
    ]
  },
  "resourcePath": "/usr/lib/slack/resources/app.asar",
  "silent": true,
  "tsaToken": "[REDACTED]",
  "bootFragments": [],
  "protoUrl": "[REDACTED]",
  "appVersion": "4.33.90",
  "is64Bit": true,
  "isGpuCompositionAvailable": true,
  "isTitleBarHidden": false,
  "platform": "linux",
  "platformVersion": {
    "major": 6,
    "minor": 4,
    "build": 11
  },
  "developerMenuOverride": false,
  "uuid": "35c10f12-50b5-4d58-a300-2f5f0b138291",
  "applicationProcessSessionId": "MzVjMTBmMTItNTBiNS00ZDU4LWEzMDAtMmY1ZjBiMTM4MjkxXzE2OTI2MzAwNzY3NDI=",
  "distribution": "DDL",
  "clientEnvironment": 1000,
  "linux": {
    "os": "Arch Linux",
    "name": "Arch Linux ",
    "release": "",
    "codename": "",
    "desktopEnvironment": "i3"
  }
}
[08/21/23, 11:01:16:791] info: initializeApplicationEpic: trying to set ntlm credential domain for session 
{
  "sessionId": "PROD_DEFAULT_SESSION"
}
[08/21/23, 11:01:16:791] info: initializeApplicationEpic: Setting spellcheck dictionary URL 
{
  "dictionaryUrl": "https://spellcheck.slack-edge.com/dictionaries_v2/"
}
[08/21/23, 11:01:16:791] info: initializeApplicationEpic: Welcome to Slack 4.33.90 x64 
[08/21/23, 11:01:16:791] info: Breadcrumb: electron: powerMonitor.newListener 
[08/21/23, 11:01:16:793] info: AutoLoginEpic: Checking for autologin. 
[08/21/23, 11:01:16:793] info: getIsUpdateSupported: Updates are not supported 
{
  "version": "4.33.90",
  "reasons": [
    "using Linux"
  ],
  "distribution": "DDL",
  "executable": "/usr/lib/slack"
}
[08/21/23, 11:01:16:797] info: makeUuidFactory:: Read existing uuid for tray from persisted location:  
{
  "uuid": "d55d02fe-c63f-44b1-992d-a1a76f54d6f7"
}
[08/21/23, 11:01:16:804] info: Store: SET_ACCESSIBILITY_SUPPORT_ENABLED 
[08/21/23, 11:01:16:804] info: Store: CREATE_WINDOW 
{
  "type": "main"
}
[08/21/23, 11:01:16:805] info: Store: HANDLE_DEEP_LINK 
{
  "url": "slack://T05M6AD64L8/magic-login/5773606316035-b7550efbb7b63bb102fbb00de0bebe9c7255b415f6b2524f86ec11295b7474a0?id=1"
}
[08/21/23, 11:01:16:805] info: Store: UPDATE_SETTINGS 
{
  "isSignedIntoSlackOrg": false
}
[08/21/23, 11:01:16:812] info: Breadcrumb: electron: app.web-contents-created 
[08/21/23, 11:01:16:817] info: Breadcrumb: electron: app.browser-window-created 
[08/21/23, 11:01:16:817] info: MagicLogin: Making magic login API request to https://app.slack.com/api/ 
[08/21/23, 11:01:16:820] info: Store: MAGIC_LOGIN_IN_PROGRESS true
[08/21/23, 11:01:16:820] info: Breadcrumb: electron: powerMonitor.newListener 
[08/21/23, 11:01:16:822] info: initialSettingsPayload: trying to invalidate settings 
{
  "payload": {}
}
[08/21/23, 11:01:16:822] info: Store: SET_UPDATE_SUPPORTED 
[08/21/23, 11:01:16:829] info: registerLifeCycleEvents: Registering webContents:1 
[08/21/23, 11:01:16:830] info: Store: UPSERT_WEB_CONTENTS 
{
  "id": 1,
  "state": "unloaded"
}
[08/21/23, 11:01:16:846] info: Store: TOKEN_FILE_PROCESSED 
[08/21/23, 11:01:16:846] info: AutoLoginEpic: Processing token file for autologin. 
[08/21/23, 11:01:16:847] info: AutoLoginEpic: Completed autologin processing — successfully logged in 0 workspaces. 
[08/21/23, 11:01:16:847] info: AutoLoginEpic: Setting default sign-in team to null 
[08/21/23, 11:01:16:847] info: Store: AUTOLOGIN_TEAMS_COMPLETE 
[08/21/23, 11:01:16:847] info: Store: UPDATE_SETTINGS 
{
  "defaultSigninTeam": null
}
[08/21/23, 11:01:16:852] info: Breadcrumb: electron: app.web-contents-created 
[08/21/23, 11:01:16:852] info: Breadcrumb: electron: app.browser-window-created 
[08/21/23, 11:01:16:853] info: MainWindowEpics: Setting main window ID 
{
  "id": 2
}
[08/21/23, 11:01:16:854] info: Store: WINDOW_CREATED 
{
  "type": "main",
  "id": 2,
  "frame": {
    "isHtmlFullScreen": false,
    "isFullScreen": false,
    "isMinimized": false,
    "isMaximized": false,
    "isVisible": false,
    "isFocused": false,
    "bounds": {
      "x": 726,
      "y": 48,
      "width": 694,
      "height": 832
    },
    "hasVibrancy": false
  }
}
[08/21/23, 11:01:16:857] info: Breadcrumb: electron: powerMonitor.newListener 
[08/21/23, 11:01:16:857] info: Breadcrumb: electron: powerMonitor.newListener 
[08/21/23, 11:01:16:858] info: Watching for keyboard layout changes 
[08/21/23, 11:01:16:859] info: Store: RECORD_PERFORMANCE_TIMING 
{
  "phase": 1,
  "interval": 116
}
[08/21/23, 11:01:16:860] info: getSonicBaseURL: Booting into devEnv 
{
  "url": "https://app.slack.com"
}
[08/21/23, 11:01:16:864] info: registerLifeCycleEvents: Registering webContents:2 
[08/21/23, 11:01:16:864] info: Store: UPSERT_WEB_CONTENTS 
{
  "id": 2,
  "state": "unloaded"
}
[08/21/23, 11:01:16:871] info: System configuration information 
{
  "info": {
    "total_memory_in_gb": 15,
    "gpuFeatures": {
      "2d_canvas": "enabled",
      "canvas_oop_rasterization": "disabled_off",
      "direct_rendering_display_compositor": "disabled_off_ok",
      "gpu_compositing": "enabled",
      "multiple_raster_threads": "enabled_on",
      "opengl": "enabled_on",
      "rasterization": "enabled",
      "raw_draw": "disabled_off_ok",
      "video_decode": "enabled",
      "video_encode": "disabled_software",
      "vulkan": "disabled_off",
      "webgl": "enabled",
      "webgl2": "enabled",
      "webgpu": "disabled_off"
    },
    "cpu_model": "11th Gen Intel(R) Core(TM) i7-1160G7 @ 1.20GHz",
    "cpu_logical_core": 8,
    "cpu_clock_speed": 3600,
    "gpuDevice": [
      {
        "active": true,
        "cudaComputeCapabilityMajor": 0,
        "deviceId": 39488,
        "gpuPreference": 0,
        "vendorId": 32902
      }
    ],
    "machine_model_name": "unknown",
    "machine_model_version": "unknown",
    "crash_db_size_kb": 1
  }
}
[08/21/23, 11:01:16:931] info: Breadcrumb: electron.net: undefined 
{
  "url": "https://app.slack.com/api//desktop.features",
  "method": "GET",
  "status_code": 200
}
[08/21/23, 11:01:16:936] info: Feature Check: received experiments 
{
  "ok": true,
  "experiments": []
}
[08/21/23, 11:01:17:053] info: authCookieBreadcrumb: change to auth cookie 
{
  "sessionId": "PROD_DEFAULT_SESSION",
  "cause": "explicit",
  "removed": false,
  "cookie_name": "d",
  "domain": ".slack.com",
  "expiration": 1727190077.051723
}
[08/21/23, 11:01:17:071] info: Breadcrumb: electron: renderer.dom-ready 
{
  "id": 1,
  "url": "https://app.slack.com/api/auth.loginMagicBulk?magic_tokens=z-app-T05M6AD64L8-5773606316035-b7550efbb7b63bb102fbb00de0bebe9c7255b415f6b2524f86ec11295b7474a0&ssb=1"
}
[08/21/23, 11:01:17:071] info: registerLifeCycleEvents: webContents:1 from 'unloaded' to 'loaded' took 242 ms 
[08/21/23, 11:01:17:071] info: Store: UPSERT_WEB_CONTENTS 
{
  "id": 1,
  "state": "loaded"
}
[08/21/23, 11:01:17:072] info: Store: RECORD_PERFORMANCE_TIMING 
{
  "phase": 2,
  "interval": 216
}
[08/21/23, 11:01:17:075] info: registerLifeCycleEvents: webContents:1 is type 'auth' 
[08/21/23, 11:01:17:075] info: Store: UPSERT_WEB_CONTENTS 
{
  "id": 1,
  "type": "auth",
  "history": "[REDACTED]"
}
[08/21/23, 11:01:17:080] info: Breadcrumb: electron: window.close 
{
  "id": 1,
  "url": "https://app.slack.com/api/auth.loginMagicBulk?magic_tokens=z-app-T05M6AD64L8-5773606316035-b7550efbb7b63bb102fbb00de0bebe9c7255b415f6b2524f86ec11295b7474a0&ssb=1"
}
[08/21/23, 11:01:17:080] info: registerLifeCycleEvents: webContents:1 from 'loaded' to 'page-closed' took 5 ms 
[08/21/23, 11:01:17:080] info: Store: UPSERT_WEB_CONTENTS 
{
  "id": 1,
  "state": "page-closed"
}
[08/21/23, 11:01:17:081] info: Store: MAGIC_LOGIN_IN_PROGRESS 
[08/21/23, 11:01:17:082] info: Breadcrumb: electron: renderer.destroyed 
{
  "id": 1,
  "url": "https://app.slack.com/api/auth.loginMagicBulk?magic_tokens=z-app-T05M6AD64L8-5773606316035-b7550efbb7b63bb102fbb00de0bebe9c7255b415f6b2524f86ec11295b7474a0&ssb=1"
}
[08/21/23, 11:01:17:083] info: Store: REMOVE_WEB_CONTENTS 
{
  "id": 1
}
[08/21/23, 11:01:17:099] info: Breadcrumb: electron: window.closed 
{
  "id": 1,
  "url": "https://app.slack.com/api/auth.loginMagicBulk?magic_tokens=z-app-T05M6AD64L8-5773606316035-b7550efbb7b63bb102fbb00de0bebe9c7255b415f6b2524f86ec11295b7474a0&ssb=1"
}
[08/21/23, 11:01:17:486] info: Store: UPDATE_SETTINGS 
{
  "userTheme": "light"
}
[08/21/23, 11:01:17:488] info: Store: UPDATE_SETTINGS 
{
  "systemThemeSyncEnabled": false
}
[08/21/23, 11:01:17:644] info: Breadcrumb: electron: renderer.dom-ready 
{
  "id": 2,
  "url": "https://app.slack.com/ssb/first?redir=%2Fssb%2Fclient#/"
}
[08/21/23, 11:01:17:645] info: registerLifeCycleEvents: webContents:2 from 'unloaded' to 'loaded' took 780 ms 
[08/21/23, 11:01:17:645] info: Store: UPSERT_WEB_CONTENTS 
{
  "id": 2,
  "state": "loaded"
}
[08/21/23, 11:01:17:646] info: initializeMainWindowEpic: Showing main window 
{
  "maximized": false,
  "shouldHide": false,
  "fullScreen": false
}
[08/21/23, 11:01:17:647] info: Breadcrumb: electron: window.show 
{
  "id": 2,
  "url": "https://app.slack.com/ssb/first?redir=%2Fssb%2Fclient#/"
}
[08/21/23, 11:01:17:648] info: Store: SET_WINDOW_FRAME 
{
  "id": 2,
  "frame": {
    "isVisible": true
  },
  "fromEvent": true
}
[08/21/23, 11:01:17:648] info: Store: MAIN_WINDOW_SHOWN 
[08/21/23, 11:01:17:650] info: Store: UPDATE_SETTINGS 
{
  "mainWindowSettings": {
    "fullScreen": false,
    "maximized": false,
    "bounds": {
      "x": 726,
      "y": 48,
      "width": 694,
      "height": 830
    }
  }
}
[08/21/23, 11:01:17:652] info: Store: CLEAR_NOTIFICATIONS 
[08/21/23, 11:01:17:655] info: waitAuthCookieChange: waiting for auth change for session 
{
  "sessionId": "PROD_DEFAULT_SESSION"
}
[08/21/23, 11:01:17:658] info: Breadcrumb: electron: window.focus 
{
  "id": 2,
  "url": "https://app.slack.com/ssb/first?redir=%2Fssb%2Fclient#/"
}
[08/21/23, 11:01:17:658] info: Breadcrumb: electron: app.browser-window-focus 
[08/21/23, 11:01:17:658] info: Store: SET_WINDOW_FRAME 
{
  "id": 2,
  "frame": {
    "isFocused": true
  },
  "fromEvent": true
}
[08/21/23, 11:01:17:693] info: Breadcrumb: electron: window.ready-to-show 
{
  "id": 2,
  "url": "https://app.slack.com/ssb/first?redir=%2Fssb%2Fclient#/"
}
[08/21/23, 11:01:17:697] info: registerLifeCycleEvents: webContents:2 is type 'app' 
[08/21/23, 11:01:17:697] info: Store: UPSERT_WEB_CONTENTS 
{
  "id": 2,
  "type": "app",
  "history": "[REDACTED]"
}
[08/21/23, 11:01:17:700] info: Store: SET_WINDOW_FRAME 
{
  "id": 2,
  "frame": {
    "isVisible": true,
    "isFocused": true
  },
  "fromEvent": true
}
[08/21/23, 11:01:17:791] info: Store: SET_NETWORK_STATUS online
[08/21/23, 11:01:18:659] info: Store: SET_WINDOW_FRAME 
{
  "id": 2,
  "frame": {
    "bounds": {
      "x": 726,
      "y": 49,
      "width": 693,
      "height": 830
    },
    "isMaximized": false
  },
  "fromEvent": true
}
[08/21/23, 11:01:18:661] info: Store: SET_WINDOW_FRAME 
{
  "id": 2,
  "frame": {
    "bounds": {
      "x": 726,
      "y": 49,
      "width": 693,
      "height": 830
    },
    "isMaximized": false
  },
  "fromEvent": true
}
[08/21/23, 11:01:18:726] info: Store: UPDATE_SETTINGS 
{
  "mainWindowSettings": {
    "fullScreen": false,
    "maximized": false,
    "bounds": {
      "x": 726,
      "y": 49,
      "width": 693,
      "height": 830
    }
  }
}
[08/21/23, 11:01:20:391] info: actionForExternalWindowURL: Opening external window 
[08/21/23, 11:01:20:394] info: openExternal: Successfully opened external URL 
{
  "protocol": "https:",
  "trigger": 0
}
[08/21/23, 11:01:20:926] info: Breadcrumb: electron: window.blur 
{
  "id": 2,
  "url": "https://app.slack.com/ssb/first?redir=%2Fssb%2Fclient#/"
}
[08/21/23, 11:01:20:927] info: Breadcrumb: electron: app.browser-window-blur 
[08/21/23, 11:01:20:927] info: Store: SET_WINDOW_FRAME 
{
  "id": 2,
  "frame": {
    "isFocused": false
  },
  "fromEvent": true
}
[08/21/23, 11:01:21:740] info: Store: persist/FLUSH 
[08/21/23, 11:01:21:926] info: Store: SET_WINDOW_FRAME 
{
  "id": 2,
  "frame": {
    "bounds": {
      "x": 489,
      "y": 49,
      "width": 462,
      "height": 830
    },
    "isMaximized": false
  },
  "fromEvent": true
}
[08/21/23, 11:01:21:928] info: Store: SET_WINDOW_FRAME 
{
  "id": 2,
  "frame": {
    "bounds": {
      "x": 489,
      "y": 49,
      "width": 462,
      "height": 830
    },
    "isMaximized": false
  },
  "fromEvent": true
}
[08/21/23, 11:01:21:993] info: Store: UPDATE_SETTINGS 
{
  "mainWindowSettings": {
    "fullScreen": false,
    "maximized": false,
    "bounds": {
      "x": 489,
      "y": 49,
      "width": 462,
      "height": 830
    }
  }
}
[08/21/23, 11:02:17:602] info: Breadcrumb: electron: window.focus 
{
  "id": 2,
  "url": "https://app.slack.com/ssb/first?redir=%2Fssb%2Fclient#/"
}
[08/21/23, 11:02:17:603] info: Breadcrumb: electron: app.browser-window-focus 
[08/21/23, 11:02:17:603] info: Store: SET_WINDOW_FRAME 
{
  "id": 2,
  "frame": {
    "isFocused": true
  },
  "fromEvent": true
}
[08/21/23, 11:02:18:362] info: Breadcrumb: electron: window.blur 
{
  "id": 2,
  "url": "https://app.slack.com/ssb/first?redir=%2Fssb%2Fclient#/"
}
[08/21/23, 11:02:18:363] info: Breadcrumb: electron: app.browser-window-blur 
[08/21/23, 11:02:18:363] info: Store: SET_WINDOW_FRAME 
{
  "id": 2,
  "frame": {
    "isFocused": false
  },
  "fromEvent": true
}
[08/21/23, 11:02:20:376] info: Breadcrumb: electron: window.focus 
{
  "id": 2,
  "url": "https://app.slack.com/ssb/first?redir=%2Fssb%2Fclient#/"
}
[08/21/23, 11:02:20:376] info: Breadcrumb: electron: app.browser-window-focus 
[08/21/23, 11:02:20:377] info: Store: SET_WINDOW_FRAME 
{
  "id": 2,
  "frame": {
    "isFocused": true
  },
  "fromEvent": true
}
[08/21/23, 11:02:22:096] info: Store: QUIT_APP 
[08/21/23, 11:02:22:097] info: Breadcrumb: electron: window.hide 
{
  "id": 2,
  "url": "https://app.slack.com/ssb/first?redir=%2Fssb%2Fclient#/"
}
[08/21/23, 11:02:22:097] info: EpicHelpers: Flushing cookie store for session 
{
  "sessionId": "PROD_DEFAULT_SESSION"
}
[08/21/23, 11:02:22:098] info: Disposing ZM… 
[08/21/23, 11:02:22:098] info: Disposing a3… 
[08/21/23, 11:02:22:098] info: Disposing Rv… 
[08/21/23, 11:02:22:098] info: Store: DOWNLOADS_CLEANED_UP 
[08/21/23, 11:02:22:099] info: Store: SET_WINDOW_FRAME 
{
  "id": 2,
  "frame": {
    "isVisible": false
  },
  "fromEvent": true
}
[08/21/23, 11:02:22:105] info: Breadcrumb: electron: window.blur 
{
  "id": 2,
  "url": "https://app.slack.com/ssb/first?redir=%2Fssb%2Fclient#/"
}
[08/21/23, 11:02:22:105] info: Breadcrumb: electron: app.browser-window-blur 
[08/21/23, 11:02:22:105] info: Store: SET_WINDOW_FRAME 
{
  "id": 2,
  "frame": {
    "isFocused": false
  },
  "fromEvent": true
}
[08/21/23, 11:02:22:108] info: flushLocalSettings: Flushing local-settings.json 
{
  "keys": [
    "useHwAcceleration",
    "rxLogging",
    "useTsLogBackend"
  ]
}
[08/21/23, 11:02:22:109] info: LocalSettings: updating values 
{
  "key": "useHwAcceleration",
  "value": true
}
[08/21/23, 11:02:22:121] info: LocalSettings: updating values 
{
  "key": "useTsLogBackend",
  "value": false
}
[08/21/23, 11:02:22:122] info: Store: persist/FLUSH 
[08/21/23, 11:02:22:162] info: Breadcrumb: electron.net: undefined 
{
  "url": "https://app.slack.com/clog/track/",
  "method": "POST",
  "status_code": 200
}
[08/21/23, 11:02:22:884] info: Breadcrumb: electron.net: undefined 
{
  "url": "https://app.slack.com/clog/track/",
  "method": "POST",
  "status_code": 200
}
[08/21/23, 11:02:22:886] info: Closing main window 
{
  "id": 2
}
[08/21/23, 11:02:22:886] info: closeWindow: attempt to close window 
{
  "id": 2
}
[08/21/23, 11:02:22:886] info: Breadcrumb: electron: window.close 
{
  "id": 2,
  "url": "https://app.slack.com/ssb/first?redir=%2Fssb%2Fclient#/"
}
[08/21/23, 11:02:22:891] info: registerLifeCycleEvents: webContents:2 from 'loaded' to 'page-closed' took 65193 ms 
[08/21/23, 11:02:22:891] info: Store: UPSERT_WEB_CONTENTS 
{
  "id": 2,
  "state": "page-closed"
}
[08/21/23, 11:02:22:893] info: Breadcrumb: electron: renderer.destroyed 
{
  "id": 2,
  "url": "https://app.slack.com/ssb/first?redir=%2Fssb%2Fclient#/"
}
[08/21/23, 11:02:22:893] info: Store: REMOVE_WEB_CONTENTS 
{
  "id": 2
}
[08/21/23, 11:02:22:897] info: Breadcrumb: electron: window.closed 
{
  "id": 2,
  "url": "https://app.slack.com/ssb/first?redir=%2Fssb%2Fclient#/"
}
[08/21/23, 11:02:22:897] info: Store: REMOVE_WINDOW 2
[08/21/23, 11:02:22:899] info: 
+-------------------+--------------+
| FLUSH_COOKIES     | 10.868349ms  |
|-------------------+--------------+
| FLUSH_STORE       | 0.646793ms   |
|-------------------+--------------+
| REMOVE_DICT       | 0.85737ms    |
|-------------------+--------------+
| FLUSH_TELEMETRY   | 761.212606ms |
|-------------------+--------------+
| CLOSE_MAIN_WINDOW | 12.857969ms  |
|-------------------+--------------+
| TOTAL             | 801.525305ms |
+-------------------+--------------+ 
[08/21/23, 11:02:22:899] info: quitApplicationEpic: Finished, calling app.quit 
[08/21/23, 11:02:22:900] info: Breadcrumb: electron: app.before-quit 
[08/21/23, 11:02:22:900] info: Telling native-keymap to ignore all future events as we are quitting 
[08/21/23, 11:02:22:901] info: Breadcrumb: electron: app.will-quit 
[08/21/23, 11:02:22:955] info: Breadcrumb: electron: app.quit 
[08/22/23, 22:15:51:424] info: 
╔══════════════════════════════════════════════════════╗
║      Slack 4.33.90, linux 6.4.11-arch2-1 on x64      ║
╚══════════════════════════════════════════════════════╝ 
[08/22/23, 22:15:51:425] info: Configured logger via 
{
  "shouldUseNewBackend": false,
  "loggerInstanceCount": 1
}
[08/22/23, 22:15:51:438] info: Predefined values for process 
{
  "NODE_ENV": "production",
  "platform": "linux",
  "type": "browser",
  "timeZone": "America/New_York",
  "PACKAGE_MANIFEST.productName": "Slack",
  "PACKAGE_MANIFEST.version": "4.33.90",
  "PACKAGE_MANIFEST.commit": "1087352",
  "PACKAGE_MANIFEST.branch": "HEAD"
}
[08/22/23, 22:15:51:501] info: Starting Sentry 
[08/22/23, 22:15:51:501] info: makeUuidFactory:: Read existing uuid for instance from persisted location:  
{
  "uuid": "35c10f12-50b5-4d58-a300-2f5f0b138291"
}
[08/22/23, 22:15:51:501] info: getSentryDSN: Setting sentry URL to slack.com 
[08/22/23, 22:15:51:604] info: Breadcrumb: electron: app.will-finish-launching 
[08/22/23, 22:15:51:608] info: Breadcrumb: electron: app.ready 
[08/22/23, 22:15:51:624] info: Breadcrumb: electron: app.session-created 
[08/22/23, 22:15:51:637] info: Store: persist/PERSIST 
[08/22/23, 22:15:51:640] info: Store: UPDATE_SETTINGS 
{
  "locale": "en-US"
}
[08/22/23, 22:15:51:644] info: Store: persist/REHYDRATE 
{
  "appTeams": "[DEPRECATED]",
  "bookmarks": "[REDACTED]",
  "downloads": "No downloads",
  "enterprise": "No Enterprise orgs",
  "settings": {
    "isSignedIntoSlackOrg": false,
    "locale": "en-US",
    "notificationMethod": null,
    "releaseChannelOverride": null
  },
  "teams": "[DEPRECATED]",
  "webapp": "[REDACTED]",
  "workspaces": "Not signed in to any workspaces",
  "workspacesMeta": "Selected workspace: null",
  "_persist": "Persistence version: 1"
}
[08/22/23, 22:15:51:645] info: Store: RECORD_PERFORMANCE_TIMING 
{
  "phase": 0,
  "interval": 10
}
[08/22/23, 22:15:51:646] info: Store: INITIALIZE 
{
  "resourcePath": "/usr/lib/slack/resources/app.asar",
  "silent": true,
  "tsaToken": "[REDACTED]",
  "bootFragments": []
}
[08/22/23, 22:15:51:654] info: Store: SET_SESSION_MODE 
[08/22/23, 22:15:51:655] info: Feature Check: requesting features from https://app.slack.com/api/ 
[08/22/23, 22:15:51:662] error: Failed to load calls-desktop-interop.WindowBorderPanel 
{
  "error": {
    "stack": "Error: Module did not self-register: '/usr/lib/slack/resources/app.asar.unpacked/node_modules/@tinyspeck/calls-desktop-interop/build/Release/CallsDesktopInterop.node'.\n    at process.func [as dlopen] (node:electron/js2c/asar_bundle:2:1822)\n    at Module._extensions..node (node:internal/modules/cjs/loader:1354:18)\n    at Object.func [as .node] (node:electron/js2c/asar_bundle:2:2049)\n    at Module.load (node:internal/modules/cjs/loader:1124:32)\n    at Module._load (node:internal/modules/cjs/loader:965:12)\n    at f._load (node:electron/js2c/asar_bundle:2:13330)\n    at Module.require (node:internal/modules/cjs/loader:1148:19)\n    at require (node:internal/modules/cjs/helpers:110:18)\n    at bindings (/usr/lib/slack/resources/app.asar/node_modules/bindings/bindings.js:112:48)\n    at Object.<anonymous> (/usr/lib/slack/resources/app.asar/node_modules/@tinyspeck/calls-desktop-interop/lib/index.js:1:34)",
    "message": "Module did not self-register: '/usr/lib/slack/resources/app.asar.unpacked/node_modules/@tinyspeck/calls-desktop-interop/build/Release/CallsDesktopInterop.node'.",
    "code": "ERR_DLOPEN_FAILED"
  },
  "stackFrameString": "[{\"columnNumber\":1822,\"lineNumber\":2,\"fileName\":\"node:electron/js2c/asar_bundle\",\"functionName\":\"process.func [as dlopen]\",\"source\":\"    at process.func [as dlopen] (node:electron/js2c/asar_bundle:2:1822)\"},{\"columnNumber\":18,\"lineNumber\":1354,\"fileName\":\"node:internal/modules/cjs/loader\",\"functionName\":\"Module._extensions..node\",\"source\":\"    at Module._extensions..node (node:internal/modules/cjs/loader:1354:18)\"},{\"columnNumber\":2049,\"lineNumber\":2,\"fileName\":\"node:electron/js2c/asar_bundle\",\"functionName\":\"Object.func [as .node]\",\"source\":\"    at Object.func [as .node] (node:electron/js2c/asar_bundle:2:2049)\"},{\"columnNumber\":32,\"lineNumber\":1124,\"fileName\":\"node:internal/modules/cjs/loader\",\"functionName\":\"Module.load\",\"source\":\"    at Module.load (node:internal/modules/cjs/loader:1124:32)\"},{\"columnNumber\":12,\"lineNumber\":965,\"fileName\":\"node:internal/modules/cjs/loader\",\"functionName\":\"Module._load\",\"source\":\"    at Module._load (node:internal/modules/cjs/loader:965:12)\"},{\"columnNumber\":13330,\"lineNumber\":2,\"fileName\":\"node:electron/js2c/asar_bundle\",\"functionName\":\"f._load\",\"source\":\"    at f._load (node:electron/js2c/asar_bundle:2:13330)\"},{\"columnNumber\":19,\"lineNumber\":1148,\"fileName\":\"node:internal/modules/cjs/loader\",\"functionName\":\"Module.require\",\"source\":\"    at Module.require (node:internal/modules/cjs/loader:1148:19)\"},{\"columnNumber\":18,\"lineNumber\":110,\"fileName\":\"node:internal/modules/cjs/helpers\",\"functionName\":\"require\",\"source\":\"    at require (node:internal/modules/cjs/helpers:110:18)\"},{\"columnNumber\":48,\"lineNumber\":112,\"fileName\":\"/usr/lib/slack/resources/app.asar/node_modules/bindings/bindings.js\",\"functionName\":\"bindings\",\"source\":\"    at bindings (/usr/lib/slack/resources/app.asar/node_modules/bindings/bindings.js:112:48)\"},{\"columnNumber\":34,\"lineNumber\":1,\"fileName\":\"/usr/lib/slack/resources/app.asar/node_modules/@tinyspeck/calls-desktop-interop/lib/index.js\",\"functionName\":\"Object.<anonymous>\",\"source\":\"    at Object.<anonymous> (/usr/lib/slack/resources/app.asar/node_modules/@tinyspeck/calls-desktop-interop/lib/index.js:1:34)\"}]"
}
[08/22/23, 22:15:51:681] warn: Failed to install protocol handler for slack:// links 
[08/22/23, 22:15:51:685] warn: Couldn't get Linux distro info from lsb_release, trying fallback to get Linux distro info 
{
  "error": {
    "stack": "Error: Command failed: lsb_release -a --short\n/bin/sh: line 1: lsb_release: command not found\n\n    at ChildProcess.exithandler (node:child_process:430:12)\n    at ChildProcess.emit (node:events:513:28)\n    at ChildProcess.emit (node:domain:489:12)\n    at maybeClose (node:internal/child_process:1091:16)\n    at Socket.<anonymous> (node:internal/child_process:449:11)\n    at Socket.emit (node:events:513:28)\n    at Socket.emit (node:domain:489:12)\n    at Pipe.<anonymous> (node:net:322:12)",
    "message": "Command failed: lsb_release -a --short\n/bin/sh: line 1: lsb_release: command not found\n",
    "code": 127,
    "killed": false,
    "signal": null,
    "cmd": "lsb_release -a --short",
    "stdout": "",
    "stderr": "/bin/sh: line 1: lsb_release: command not found\n"
  },
  "stackFrameString": "[{\"columnNumber\":12,\"lineNumber\":430,\"fileName\":\"node:child_process\",\"functionName\":\"ChildProcess.exithandler\",\"source\":\"    at ChildProcess.exithandler (node:child_process:430:12)\"},{\"columnNumber\":28,\"lineNumber\":513,\"fileName\":\"node:events\",\"functionName\":\"ChildProcess.emit\",\"source\":\"    at ChildProcess.emit (node:events:513:28)\"},{\"columnNumber\":12,\"lineNumber\":489,\"fileName\":\"node:domain\",\"functionName\":\"ChildProcess.emit\",\"source\":\"    at ChildProcess.emit (node:domain:489:12)\"},{\"columnNumber\":16,\"lineNumber\":1091,\"fileName\":\"node:internal/child_process\",\"functionName\":\"maybeClose\",\"source\":\"    at maybeClose (node:internal/child_process:1091:16)\"},{\"columnNumber\":11,\"lineNumber\":449,\"fileName\":\"node:internal/child_process\",\"functionName\":\"Socket.<anonymous>\",\"source\":\"    at Socket.<anonymous> (node:internal/child_process:449:11)\"},{\"columnNumber\":28,\"lineNumber\":513,\"fileName\":\"node:events\",\"functionName\":\"Socket.emit\",\"source\":\"    at Socket.emit (node:events:513:28)\"},{\"columnNumber\":12,\"lineNumber\":489,\"fileName\":\"node:domain\",\"functionName\":\"Socket.emit\",\"source\":\"    at Socket.emit (node:domain:489:12)\"},{\"columnNumber\":12,\"lineNumber\":322,\"fileName\":\"node:net\",\"functionName\":\"Pipe.<anonymous>\",\"source\":\"    at Pipe.<anonymous> (node:net:322:12)\"}]"
}
[08/22/23, 22:15:51:688] info: Breadcrumb: electron: app.gpu-info-update 
[08/22/23, 22:15:51:695] info: getLinuxDistro: getos 
{
  "res": {
    "os": "linux",
    "dist": "Arch Linux"
  }
}
[08/22/23, 22:15:51:696] info: Store: READY 
{
  "resourcePath": "/usr/lib/slack/resources/app.asar",
  "silent": true,
  "tsaToken": "[REDACTED]",
  "bootFragments": [],
  "appVersion": "4.33.90",
  "is64Bit": true,
  "isGpuCompositionAvailable": true,
  "isTitleBarHidden": false,
  "platform": "linux",
  "platformVersion": {
    "major": 6,
    "minor": 4,
    "build": 11
  },
  "developerMenuOverride": false,
  "uuid": "35c10f12-50b5-4d58-a300-2f5f0b138291",
  "applicationProcessSessionId": "MzVjMTBmMTItNTBiNS00ZDU4LWEzMDAtMmY1ZjBiMTM4MjkxXzE2OTI3NTY5NTE2NDY=",
  "distribution": "DDL",
  "clientEnvironment": 1000,
  "linux": {
    "os": "Arch Linux",
    "name": "Arch Linux ",
    "release": "",
    "codename": "",
    "desktopEnvironment": "i3"
  }
}
[08/22/23, 22:15:51:697] info: initializeApplicationEpic: trying to set ntlm credential domain for session 
{
  "sessionId": "PROD_DEFAULT_SESSION"
}
[08/22/23, 22:15:51:697] info: initializeApplicationEpic: Setting spellcheck dictionary URL 
{
  "dictionaryUrl": "https://spellcheck.slack-edge.com/dictionaries_v2/"
}
[08/22/23, 22:15:51:697] info: initializeApplicationEpic: Welcome to Slack 4.33.90 x64 
[08/22/23, 22:15:51:697] info: Breadcrumb: electron: powerMonitor.newListener 
[08/22/23, 22:15:51:699] info: AutoLoginEpic: Checking for autologin. 
[08/22/23, 22:15:51:699] info: getIsUpdateSupported: Updates are not supported 
{
  "version": "4.33.90",
  "reasons": [
    "using Linux"
  ],
  "distribution": "DDL",
  "executable": "/usr/lib/slack"
}
[08/22/23, 22:15:51:704] info: makeUuidFactory:: Read existing uuid for tray from persisted location:  
{
  "uuid": "d55d02fe-c63f-44b1-992d-a1a76f54d6f7"
}
[08/22/23, 22:15:51:713] info: Store: SET_ACCESSIBILITY_SUPPORT_ENABLED 
[08/22/23, 22:15:51:713] info: Store: CREATE_WINDOW 
{
  "type": "main"
}
[08/22/23, 22:15:51:714] info: Store: UPDATE_SETTINGS 
{
  "isSignedIntoSlackOrg": false
}
[08/22/23, 22:15:51:716] info: Breadcrumb: electron: powerMonitor.newListener 
[08/22/23, 22:15:51:718] info: initialSettingsPayload: trying to invalidate settings 
{
  "payload": {}
}
[08/22/23, 22:15:51:718] info: Store: SET_UPDATE_SUPPORTED 
[08/22/23, 22:15:51:731] info: Store: TOKEN_FILE_PROCESSED 
[08/22/23, 22:15:51:731] info: AutoLoginEpic: Processing token file for autologin. 
[08/22/23, 22:15:51:731] info: AutoLoginEpic: Completed autologin processing — successfully logged in 0 workspaces. 
[08/22/23, 22:15:51:732] info: AutoLoginEpic: Setting default sign-in team to null 
[08/22/23, 22:15:51:732] info: Store: AUTOLOGIN_TEAMS_COMPLETE 
[08/22/23, 22:15:51:732] info: Store: UPDATE_SETTINGS 
{
  "defaultSigninTeam": null
}
[08/22/23, 22:15:51:746] info: Breadcrumb: electron: app.web-contents-created 
[08/22/23, 22:15:51:746] info: Breadcrumb: electron: app.browser-window-created 
[08/22/23, 22:15:51:747] info: MainWindowEpics: Setting main window ID 
{
  "id": 1
}
[08/22/23, 22:15:51:749] info: Store: WINDOW_CREATED 
{
  "type": "main",
  "id": 1,
  "frame": {
    "isHtmlFullScreen": false,
    "isFullScreen": false,
    "isMinimized": false,
    "isMaximized": false,
    "isVisible": false,
    "isFocused": false,
    "bounds": {
      "x": 488,
      "y": 48,
      "width": 464,
      "height": 832
    },
    "hasVibrancy": false
  }
}
[08/22/23, 22:15:51:751] info: Breadcrumb: electron: powerMonitor.newListener 
[08/22/23, 22:15:51:752] info: Breadcrumb: electron: powerMonitor.newListener 
[08/22/23, 22:15:51:754] info: Watching for keyboard layout changes 
[08/22/23, 22:15:51:756] info: Store: RECORD_PERFORMANCE_TIMING 
{
  "phase": 1,
  "interval": 106
}
[08/22/23, 22:15:51:757] info: getSonicBaseURL: Booting into devEnv 
{
  "url": "https://app.slack.com"
}
[08/22/23, 22:15:51:763] info: registerLifeCycleEvents: Registering webContents:1 
[08/22/23, 22:15:51:764] info: Store: UPSERT_WEB_CONTENTS 
{
  "id": 1,
  "state": "unloaded"
}
[08/22/23, 22:15:51:776] info: System configuration information 
{
  "info": {
    "total_memory_in_gb": 15,
    "gpuFeatures": {
      "2d_canvas": "enabled",
      "canvas_oop_rasterization": "disabled_off",
      "direct_rendering_display_compositor": "disabled_off_ok",
      "gpu_compositing": "enabled",
      "multiple_raster_threads": "enabled_on",
      "opengl": "enabled_on",
      "rasterization": "enabled",
      "raw_draw": "disabled_off_ok",
      "video_decode": "enabled",
      "video_encode": "disabled_software",
      "vulkan": "disabled_off",
      "webgl": "enabled",
      "webgl2": "enabled",
      "webgpu": "disabled_off"
    },
    "cpu_model": "11th Gen Intel(R) Core(TM) i7-1160G7 @ 1.20GHz",
    "cpu_logical_core": 8,
    "cpu_clock_speed": 3600,
    "gpuDevice": [
      {
        "active": true,
        "cudaComputeCapabilityMajor": 0,
        "deviceId": 39488,
        "gpuPreference": 0,
        "vendorId": 32902
      }
    ],
    "machine_model_name": "unknown",
    "machine_model_version": "unknown",
    "crash_db_size_kb": 1
  }
}
[08/22/23, 22:15:51:883] info: Breadcrumb: electron.net: undefined 
{
  "url": "https://app.slack.com/api//desktop.features",
  "method": "GET",
  "status_code": 200
}
[08/22/23, 22:15:51:887] info: Feature Check: received experiments 
{
  "ok": true,
  "experiments": []
}
[08/22/23, 22:15:52:502] info: Store: UPDATE_SETTINGS 
{
  "userTheme": "light"
}
[08/22/23, 22:15:52:504] info: Store: UPDATE_SETTINGS 
{
  "systemThemeSyncEnabled": false
}
[08/22/23, 22:15:52:612] info: Breadcrumb: electron: renderer.dom-ready 
{
  "id": 1,
  "url": "https://app.slack.com/ssb/first?redir=%2Fssb%2Fclient#/"
}
[08/22/23, 22:15:52:612] info: registerLifeCycleEvents: webContents:1 from 'unloaded' to 'loaded' took 849 ms 
[08/22/23, 22:15:52:612] info: Store: UPSERT_WEB_CONTENTS 
{
  "id": 1,
  "state": "loaded"
}
[08/22/23, 22:15:52:613] info: initializeMainWindowEpic: Showing main window 
{
  "maximized": false,
  "shouldHide": false,
  "fullScreen": false
}
[08/22/23, 22:15:52:614] info: Breadcrumb: electron: window.show 
{
  "id": 1,
  "url": "https://app.slack.com/ssb/first?redir=%2Fssb%2Fclient#/"
}
[08/22/23, 22:15:52:614] info: Store: RECORD_PERFORMANCE_TIMING 
{
  "phase": 2,
  "interval": 862
}
[08/22/23, 22:15:52:615] info: Store: SET_WINDOW_FRAME 
{
  "id": 1,
  "frame": {
    "isVisible": true
  },
  "fromEvent": true
}
[08/22/23, 22:15:52:615] info: Store: MAIN_WINDOW_SHOWN 
[08/22/23, 22:15:52:616] info: Store: UPDATE_SETTINGS 
{
  "mainWindowSettings": {
    "fullScreen": false,
    "maximized": false,
    "bounds": {
      "x": 488,
      "y": 48,
      "width": 462,
      "height": 830
    }
  }
}
[08/22/23, 22:15:52:617] info: Store: CLEAR_NOTIFICATIONS 
[08/22/23, 22:15:52:620] info: waitAuthCookieChange: waiting for auth change for session 
{
  "sessionId": "PROD_DEFAULT_SESSION"
}
[08/22/23, 22:15:52:621] info: Breadcrumb: electron: window.focus 
{
  "id": 1,
  "url": "https://app.slack.com/ssb/first?redir=%2Fssb%2Fclient#/"
}
[08/22/23, 22:15:52:622] info: Breadcrumb: electron: app.browser-window-focus 
[08/22/23, 22:15:52:622] info: Store: SET_WINDOW_FRAME 
{
  "id": 1,
  "frame": {
    "isFocused": true
  },
  "fromEvent": true
}
[08/22/23, 22:15:52:653] info: Breadcrumb: electron: window.ready-to-show 
{
  "id": 1,
  "url": "https://app.slack.com/ssb/first?redir=%2Fssb%2Fclient#/"
}
[08/22/23, 22:15:52:659] info: registerLifeCycleEvents: webContents:1 is type 'app' 
[08/22/23, 22:15:52:659] info: Store: UPSERT_WEB_CONTENTS 
{
  "id": 1,
  "type": "app",
  "history": "[REDACTED]"
}
[08/22/23, 22:15:52:663] info: Store: SET_WINDOW_FRAME 
{
  "id": 1,
  "frame": {
    "isVisible": true,
    "isFocused": true
  },
  "fromEvent": true
}
[08/22/23, 22:15:52:791] info: Store: SET_NETWORK_STATUS online
[08/22/23, 22:15:53:623] info: Store: SET_WINDOW_FRAME 
{
  "id": 1,
  "frame": {
    "bounds": {
      "x": 726,
      "y": 49,
      "width": 693,
      "height": 830
    },
    "isMaximized": false
  },
  "fromEvent": true
}
[08/22/23, 22:15:53:625] info: Store: SET_WINDOW_FRAME 
{
  "id": 1,
  "frame": {
    "bounds": {
      "x": 726,
      "y": 49,
      "width": 693,
      "height": 830
    },
    "isMaximized": false
  },
  "fromEvent": true
}
[08/22/23, 22:15:53:690] info: Store: UPDATE_SETTINGS 
{
  "mainWindowSettings": {
    "fullScreen": false,
    "maximized": false,
    "bounds": {
      "x": 726,
      "y": 49,
      "width": 693,
      "height": 830
    }
  }
}
[08/22/23, 22:15:55:942] info: actionForExternalWindowURL: Opening external window 
[08/22/23, 22:15:55:945] info: openExternal: Successfully opened external URL 
{
  "protocol": "https:",
  "trigger": 0
}
[08/22/23, 22:15:56:481] info: Breadcrumb: electron: window.blur 
{
  "id": 1,
  "url": "https://app.slack.com/ssb/first?redir=%2Fssb%2Fclient#/"
}
[08/22/23, 22:15:56:482] info: Breadcrumb: electron: app.browser-window-blur 
[08/22/23, 22:15:56:482] info: Store: SET_WINDOW_FRAME 
{
  "id": 1,
  "frame": {
    "isFocused": false
  },
  "fromEvent": true
}
[08/22/23, 22:15:56:646] info: Store: persist/FLUSH 
[08/22/23, 22:15:57:481] info: Store: SET_WINDOW_FRAME 
{
  "id": 1,
  "frame": {
    "bounds": {
      "x": 489,
      "y": 49,
      "width": 462,
      "height": 830
    },
    "isMaximized": false
  },
  "fromEvent": true
}
[08/22/23, 22:15:57:482] info: Store: SET_WINDOW_FRAME 
{
  "id": 1,
  "frame": {
    "bounds": {
      "x": 489,
      "y": 49,
      "width": 462,
      "height": 830
    },
    "isMaximized": false
  },
  "fromEvent": true
}
[08/22/23, 22:15:57:548] info: Store: UPDATE_SETTINGS 
{
  "mainWindowSettings": {
    "fullScreen": false,
    "maximized": false,
    "bounds": {
      "x": 489,
      "y": 49,
      "width": 462,
      "height": 830
    }
  }
}
[08/22/23, 22:15:58:505] info: Breadcrumb: electron: window.focus 
{
  "id": 1,
  "url": "https://app.slack.com/ssb/first?redir=%2Fssb%2Fclient#/"
}
[08/22/23, 22:15:58:506] info: Breadcrumb: electron: app.browser-window-focus 
[08/22/23, 22:15:58:506] info: Store: SET_WINDOW_FRAME 
{
  "id": 1,
  "frame": {
    "isFocused": true
  },
  "fromEvent": true
}
[08/22/23, 22:15:58:822] info: Breadcrumb: electron: window.blur 
{
  "id": 1,
  "url": "https://app.slack.com/ssb/first?redir=%2Fssb%2Fclient#/"
}
[08/22/23, 22:15:58:822] info: Breadcrumb: electron: app.browser-window-blur 
[08/22/23, 22:15:58:823] info: Store: SET_WINDOW_FRAME 
{
  "id": 1,
  "frame": {
    "isFocused": false
  },
  "fromEvent": true
}
[08/22/23, 22:15:59:852] info: Breadcrumb: electron: window.focus 
{
  "id": 1,
  "url": "https://app.slack.com/ssb/first?redir=%2Fssb%2Fclient#/"
}
[08/22/23, 22:15:59:853] info: Breadcrumb: electron: app.browser-window-focus 
[08/22/23, 22:15:59:853] info: Store: SET_WINDOW_FRAME 
{
  "id": 1,
  "frame": {
    "isFocused": true
  },
  "fromEvent": true
}
[08/22/23, 22:15:59:858] info: Breadcrumb: electron: window.blur 
{
  "id": 1,
  "url": "https://app.slack.com/ssb/first?redir=%2Fssb%2Fclient#/"
}
[08/22/23, 22:15:59:859] info: Breadcrumb: electron: app.browser-window-blur 
[08/22/23, 22:15:59:859] info: Store: SET_WINDOW_FRAME 
{
  "id": 1,
  "frame": {
    "isFocused": false
  },
  "fromEvent": true
}
[08/22/23, 22:15:59:862] info: Breadcrumb: electron: window.focus 
{
  "id": 1,
  "url": "https://app.slack.com/ssb/first?redir=%2Fssb%2Fclient#/"
}
[08/22/23, 22:15:59:862] info: Breadcrumb: electron: app.browser-window-focus 
[08/22/23, 22:15:59:862] info: Store: SET_WINDOW_FRAME 
{
  "id": 1,
  "frame": {
    "isFocused": true
  },
  "fromEvent": true
}
[08/22/23, 22:15:59:865] info: Breadcrumb: electron: window.blur 
{
  "id": 1,
  "url": "https://app.slack.com/ssb/first?redir=%2Fssb%2Fclient#/"
}
[08/22/23, 22:15:59:865] info: Breadcrumb: electron: app.browser-window-blur 
[08/22/23, 22:15:59:865] info: Store: SET_WINDOW_FRAME 
{
  "id": 1,
  "frame": {
    "isFocused": false
  },
  "fromEvent": true
}
[08/22/23, 22:15:59:867] info: Breadcrumb: electron: window.focus 
{
  "id": 1,
  "url": "https://app.slack.com/ssb/first?redir=%2Fssb%2Fclient#/"
}
[08/22/23, 22:15:59:867] info: Breadcrumb: electron: app.browser-window-focus 
[08/22/23, 22:15:59:867] info: Store: SET_WINDOW_FRAME 
{
  "id": 1,
  "frame": {
    "isFocused": true
  },
  "fromEvent": true
}
[08/22/23, 22:16:00:480] info: Breadcrumb: electron: window.close 
{
  "id": 1,
  "url": "https://app.slack.com/ssb/first?redir=%2Fssb%2Fclient#/"
}
[08/22/23, 22:16:00:480] info: Main window closed, consider it a quit action 
{
  "runFromTray": true,
  "keepAppInTaskbar": false
}
[08/22/23, 22:16:00:481] info: Store: QUIT_APP 
[08/22/23, 22:16:00:483] info: Breadcrumb: electron: window.hide 
{
  "id": 1,
  "url": "https://app.slack.com/ssb/first?redir=%2Fssb%2Fclient#/"
}
[08/22/23, 22:16:00:484] info: EpicHelpers: Flushing cookie store for session 
{
  "sessionId": "PROD_DEFAULT_SESSION"
}
[08/22/23, 22:16:00:485] info: Disposing ZM… 
[08/22/23, 22:16:00:485] info: Disposing a3… 
[08/22/23, 22:16:00:486] info: Disposing Rv… 
[08/22/23, 22:16:00:487] info: Store: DOWNLOADS_CLEANED_UP 
[08/22/23, 22:16:00:487] info: Store: SET_WINDOW_FRAME 
{
  "id": 1,
  "frame": {
    "isVisible": false
  },
  "fromEvent": true
}
[08/22/23, 22:16:00:512] info: Breadcrumb: electron: window.blur 
{
  "id": 1,
  "url": "https://app.slack.com/ssb/first?redir=%2Fssb%2Fclient#/"
}
[08/22/23, 22:16:00:512] info: Breadcrumb: electron: app.browser-window-blur 
[08/22/23, 22:16:00:513] info: Store: SET_WINDOW_FRAME 
{
  "id": 1,
  "frame": {
    "isFocused": false
  },
  "fromEvent": true
}
[08/22/23, 22:16:00:515] info: flushLocalSettings: Flushing local-settings.json 
{
  "keys": [
    "useHwAcceleration",
    "rxLogging",
    "useTsLogBackend"
  ]
}
[08/22/23, 22:16:00:515] info: Store: persist/FLUSH 
[08/22/23, 22:16:00:517] info: registerLifeCycleEvents: webContents:1 from 'loaded' to 'page-closed' took 7858 ms 
[08/22/23, 22:16:00:517] info: Store: UPSERT_WEB_CONTENTS 
{
  "id": 1,
  "state": "page-closed"
}
[08/22/23, 22:16:00:519] info: Breadcrumb: electron: renderer.destroyed 
{
  "id": 1,
  "url": "https://app.slack.com/ssb/first?redir=%2Fssb%2Fclient#/"
}
[08/22/23, 22:16:00:519] info: Store: REMOVE_WEB_CONTENTS 
{
  "id": 1
}
[08/22/23, 22:16:00:527] info: Breadcrumb: electron: window.closed 
{
  "id": 1,
  "url": "https://app.slack.com/ssb/first?redir=%2Fssb%2Fclient#/"
}
[08/22/23, 22:16:00:527] info: Store: REMOVE_WINDOW 1
[08/22/23, 22:16:00:528] info: Breadcrumb: electron: app.window-all-closed 
[08/22/23, 22:16:00:528] info: Breadcrumb: electron: app.before-quit 
[08/22/23, 22:16:00:528] info: Telling native-keymap to ignore all future events as we are quitting 
[08/22/23, 22:16:00:529] info: Breadcrumb: electron: app.will-quit 
[08/22/23, 22:16:00:568] info: Breadcrumb: electron.net: undefined 
{
  "url": "https://app.slack.com/clog/track/",
  "method": "POST",
  "status_code": 200
}
[08/22/23, 22:16:00:569] error: Tried to close the main window but it does not exist 
[08/22/23, 22:16:00:570] info: 
+-------------------+-------------+
| FLUSH_COOKIES     | 31.168066ms |
|-------------------+-------------+
| FLUSH_STORE       | 0.307943ms  |
|-------------------+-------------+
| REMOVE_DICT       | 0.368622ms  |
|-------------------+-------------+
| FLUSH_TELEMETRY   | 53.100237ms |
|-------------------+-------------+
| CLOSE_MAIN_WINDOW | 0.16084ms   |
|-------------------+-------------+
| TOTAL             | 87.064822ms |
+-------------------+-------------+ 
[08/22/23, 22:16:00:570] info: quitApplicationEpic: Finished, calling app.quit 
[08/22/23, 22:16:00:571] info: Breadcrumb: electron: app.before-quit 
[08/22/23, 22:16:00:571] info: Telling native-keymap to ignore all future events as we are quitting 
[08/22/23, 22:16:00:571] info: Breadcrumb: electron: app.will-quit 
[08/22/23, 22:16:00:644] info: Breadcrumb: electron: app.quit 
