[08/21/23, 11:01:17:077] info: 
╔══════════════════════════════════════════════════════╗
║      Slack 4.33.90, linux 6.4.11-arch2-1 on x64      ║
╚══════════════════════════════════════════════════════╝ 
[08/21/23, 11:01:17:077] info: Configured logger via 
{
  "enableConsoleTransport": true,
  "identifierOverride": "webapp-auth-console",
  "shouldUseNewBackend": false,
  "loggerInstanceCount": 3
}
[08/21/23, 11:01:17:078] info: Predefined values for process 
{
  "NODE_ENV": "production",
  "platform": "linux",
  "type": "browser",
  "timeZone": "America/New_York",
  "PACKAGE_MANIFEST.productName": "Slack",
  "PACKAGE_MANIFEST.version": "4.33.90",
  "PACKAGE_MANIFEST.commit": "1087352",
  "PACKAGE_MANIFEST.branch": "HEAD"
}
