2023-08-26 19:35:10.660 [info] Log level: Info
2023-08-26 19:35:10.660 [info] Validating found git in: "git"
2023-08-26 19:35:10.660 [info] Using git "2.42.0" from "git"
2023-08-26 19:35:10.660 [info] > git rev-parse --show-toplevel [7ms]
2023-08-26 19:35:10.660 [info] > git rev-parse --git-dir --git-common-dir [1ms]
2023-08-26 19:35:10.669 [info] Open repository: /home/joshuacrotts/files/programming/pocs
2023-08-26 19:35:10.679 [info] > git config --get commit.template [5ms]
2023-08-26 19:35:10.682 [info] > git for-each-ref --format=%(refname)%00%(upstream:short)%00%(objectname)%00%(upstream:track)%00%(upstream:remotename)%00%(upstream:remoteref) refs/heads/main refs/remotes/main [5ms]
2023-08-26 19:35:10.690 [info] > git status -z -uall [5ms]
2023-08-26 19:35:10.696 [info] > git rev-parse --show-toplevel [15ms]
2023-08-26 19:35:10.700 [info] > git config --get commit.template [0ms]
2023-08-26 19:35:10.711 [info] > git for-each-ref --format=%(refname)%00%(upstream:short)%00%(objectname)%00%(upstream:track)%00%(upstream:remotename)%00%(upstream:remoteref) refs/heads/main refs/remotes/main [5ms]
2023-08-26 19:35:10.721 [info] > git status -z -uall [4ms]
2023-08-26 19:35:10.723 [info] > git rev-parse --show-toplevel [12ms]
2023-08-26 19:35:10.731 [info] > git rev-parse --show-toplevel [4ms]
2023-08-26 19:35:10.738 [info] > git rev-parse --show-toplevel [0ms]
2023-08-26 19:35:11.435 [info] > git check-ignore -v -z --stdin [32ms]
2023-08-26 19:35:11.436 [info] > git rev-parse --show-toplevel [28ms]
2023-08-26 19:35:11.445 [info] > git rev-parse --show-toplevel [2ms]
2023-08-26 19:35:11.451 [info] > git rev-parse --show-toplevel [0ms]
2023-08-26 19:35:11.455 [info] > git rev-parse --show-toplevel [1ms]
2023-08-26 19:35:11.460 [info] > git rev-parse --show-toplevel [1ms]
2023-08-26 19:35:11.466 [info] > git rev-parse --show-toplevel [2ms]
2023-08-26 19:35:11.472 [info] > git rev-parse --show-toplevel [1ms]
2023-08-26 19:35:11.478 [info] > git rev-parse --show-toplevel [1ms]
2023-08-26 19:35:11.483 [info] > git rev-parse --show-toplevel [1ms]
2023-08-26 19:35:11.497 [info] > git rev-parse --show-toplevel [10ms]
2023-08-26 19:35:11.506 [info] > git rev-parse --show-toplevel [1ms]
2023-08-26 19:35:11.511 [info] > git rev-parse --show-toplevel [0ms]
2023-08-26 19:35:11.516 [info] > git rev-parse --show-toplevel [1ms]
2023-08-26 19:35:11.521 [info] > git rev-parse --show-toplevel [1ms]
2023-08-26 19:35:19.451 [info] > git check-ignore -v -z --stdin [2ms]
2023-08-26 19:35:29.399 [info] > git show --textconv :chapter-functional/chapter-functional-5-constructive-recursion.tex [7ms]
2023-08-26 19:35:29.400 [info] > git ls-files --stage -- /home/joshuacrotts/files/programming/pocs/chapter-functional/chapter-functional-5-constructive-recursion.tex [1ms]
2023-08-26 19:35:29.407 [info] > git cat-file -s 8a441d61911c3f9b1ffc6a0a2a46f7e4e5dd89c1 [2ms]
2023-08-26 19:36:01.221 [info] > git config --get commit.template [11ms]
2023-08-26 19:36:01.221 [info] > git for-each-ref --format=%(refname)%00%(upstream:short)%00%(objectname)%00%(upstream:track)%00%(upstream:remotename)%00%(upstream:remoteref) refs/heads/main refs/remotes/main [2ms]
2023-08-26 19:36:01.231 [info] > git status -z -uall [3ms]
2023-08-26 19:36:04.650 [info] > git show --textconv :chapter-nonfunctional/chapter-nonfunctional-19-coroutines.tex [12ms]
2023-08-26 19:36:04.652 [info] > git ls-files --stage -- /home/joshuacrotts/files/programming/pocs/chapter-nonfunctional/chapter-nonfunctional-19-coroutines.tex [1ms]
2023-08-26 19:36:04.659 [info] > git cat-file -s 0562077f9d6333f535857946702b670860248089 [1ms]
2023-08-26 19:36:15.545 [info] > git check-ignore -v -z --stdin [2ms]
2023-08-26 19:36:17.620 [info] > git check-ignore -v -z --stdin [2ms]
2023-08-26 19:36:35.969 [info] > git config --get commit.template [0ms]
2023-08-26 19:36:35.974 [info] > git for-each-ref --format=%(refname)%00%(upstream:short)%00%(objectname)%00%(upstream:track)%00%(upstream:remotename)%00%(upstream:remoteref) refs/heads/main refs/remotes/main [1ms]
2023-08-26 19:36:35.981 [info] > git status -z -uall [3ms]
2023-08-26 19:36:41.652 [info] > git config --get commit.template [13ms]
2023-08-26 19:36:41.653 [info] > git for-each-ref --format=%(refname)%00%(upstream:short)%00%(objectname)%00%(upstream:track)%00%(upstream:remotename)%00%(upstream:remoteref) refs/heads/main refs/remotes/main [2ms]
2023-08-26 19:36:41.664 [info] > git status -z -uall [3ms]
2023-08-26 19:38:34.939 [info] > git show --textconv :chapter-functional/chapter-functional-6-nested.tex [7ms]
2023-08-26 19:38:34.940 [info] > git ls-files --stage -- /home/joshuacrotts/files/programming/pocs/chapter-functional/chapter-functional-6-nested.tex [2ms]
2023-08-26 19:38:34.947 [info] > git cat-file -s 7c6a666b6c972c2196d7f2a1827eb759f1b744b2 [2ms]
2023-08-26 19:38:52.319 [info] > git show --textconv :chapter-memory/chapter-memory-1-1-stack.tex [12ms]
2023-08-26 19:38:52.321 [info] > git ls-files --stage -- /home/joshuacrotts/files/programming/pocs/chapter-memory/chapter-memory-1-1-stack.tex [2ms]
2023-08-26 19:38:52.330 [info] > git cat-file -s f124386ccd44faeb9e93610ea9f3a4f13dffe83b [1ms]
2023-08-26 19:39:00.850 [info] > git show --textconv :chapter-compilation/chapter-compilation-1-7-proc.tex [12ms]
2023-08-26 19:39:00.851 [info] > git ls-files --stage -- /home/joshuacrotts/files/programming/pocs/chapter-compilation/chapter-compilation-1-7-proc.tex [2ms]
2023-08-26 19:39:00.857 [info] > git cat-file -s 69b40fd303d18751658648d54e5efa3287c4b7ce [1ms]
2023-08-26 20:24:36.172 [info] > git config --get commit.template [1ms]
2023-08-26 20:24:36.199 [info] > git ls-files --stage -- /home/joshuacrotts/files/programming/pocs/chapter-memory/chapter-memory-1-1-stack.tex [7ms]
2023-08-26 20:24:36.205 [info] > git ls-files --stage -- /home/joshuacrotts/files/programming/pocs/chapter-functional/chapter-functional-6-nested.tex [20ms]
2023-08-26 20:24:36.212 [info] > git ls-files --stage -- /home/joshuacrotts/files/programming/pocs/chapter-functional/chapter-functional-5-constructive-recursion.tex [33ms]
2023-08-26 20:24:36.224 [info] > git cat-file -s 7c6a666b6c972c2196d7f2a1827eb759f1b744b2 [13ms]
2023-08-26 20:24:36.225 [info] > git cat-file -s 3505c9f9fd388befb9b1ccf33f155d229c8cff4e [21ms]
2023-08-26 20:24:36.225 [info] > git ls-files --stage -- /home/joshuacrotts/files/programming/pocs/chapter-compilation/chapter-compilation-1-7-proc.tex [27ms]
2023-08-26 20:24:36.245 [info] > git cat-file -s 081c346f812280d76eeab26be752cf17588bde94 [14ms]
2023-08-26 20:24:36.245 [info] > git for-each-ref --format=%(refname)%00%(upstream:short)%00%(objectname)%00%(upstream:track)%00%(upstream:remotename)%00%(upstream:remoteref) refs/heads/main refs/remotes/main [22ms]
2023-08-26 20:24:36.251 [info] > git cat-file -s 135f683981411a05dd10bd81b3c1e7fb4b23c5e4 [34ms]
2023-08-26 20:24:36.252 [info] > git show --textconv :chapter-functional/chapter-functional-6-nested.tex [15ms]
2023-08-26 20:24:36.252 [info] > git show --textconv :chapter-memory/chapter-memory-1-1-stack.tex [8ms]
2023-08-26 20:24:36.262 [info] > git status -z -uall [11ms]
2023-08-26 20:24:36.273 [info] > git show --textconv :chapter-compilation/chapter-compilation-1-7-proc.tex [13ms]
2023-08-26 20:24:36.273 [info] > git show --textconv :chapter-functional/chapter-functional-5-constructive-recursion.tex [1ms]
2023-08-26 20:24:52.552 [info] > git config --get commit.template [6ms]
2023-08-26 20:24:52.553 [info] > git for-each-ref --format=%(refname)%00%(upstream:short)%00%(objectname)%00%(upstream:track)%00%(upstream:remotename)%00%(upstream:remoteref) refs/heads/main refs/remotes/main [1ms]
2023-08-26 20:24:52.561 [info] > git status -z -uall [3ms]
2023-08-26 20:25:06.521 [info] > git config --get commit.template [3ms]
2023-08-26 20:25:06.530 [info] > git for-each-ref --format=%(refname)%00%(upstream:short)%00%(objectname)%00%(upstream:track)%00%(upstream:remotename)%00%(upstream:remoteref) refs/heads/main refs/remotes/main [1ms]
2023-08-26 20:25:06.540 [info] > git status -z -uall [3ms]
2023-08-26 20:25:18.192 [info] > git config --get commit.template [13ms]
2023-08-26 20:25:18.193 [info] > git for-each-ref --format=%(refname)%00%(upstream:short)%00%(objectname)%00%(upstream:track)%00%(upstream:remotename)%00%(upstream:remoteref) refs/heads/main refs/remotes/main [2ms]
2023-08-26 20:25:18.203 [info] > git status -z -uall [3ms]
2023-08-26 20:25:25.032 [info] > git config --get commit.template [13ms]
2023-08-26 20:25:25.032 [info] > git for-each-ref --format=%(refname)%00%(upstream:short)%00%(objectname)%00%(upstream:track)%00%(upstream:remotename)%00%(upstream:remoteref) refs/heads/main refs/remotes/main [1ms]
2023-08-26 20:25:25.042 [info] > git status -z -uall [4ms]
2023-08-26 20:25:30.073 [info] > git config --get commit.template [13ms]
2023-08-26 20:25:30.073 [info] > git for-each-ref --format=%(refname)%00%(upstream:short)%00%(objectname)%00%(upstream:track)%00%(upstream:remotename)%00%(upstream:remoteref) refs/heads/main refs/remotes/main [2ms]
2023-08-26 20:25:30.086 [info] > git status -z -uall [4ms]
2023-08-26 20:25:38.359 [info] > git config --get commit.template [14ms]
2023-08-26 20:25:38.360 [info] > git for-each-ref --format=%(refname)%00%(upstream:short)%00%(objectname)%00%(upstream:track)%00%(upstream:remotename)%00%(upstream:remoteref) refs/heads/main refs/remotes/main [3ms]
2023-08-26 20:25:38.374 [info] > git status -z -uall [5ms]
2023-08-26 20:25:45.061 [info] > git config --get commit.template [1ms]
2023-08-26 20:25:45.068 [info] > git for-each-ref --format=%(refname)%00%(upstream:short)%00%(objectname)%00%(upstream:track)%00%(upstream:remotename)%00%(upstream:remoteref) refs/heads/main refs/remotes/main [1ms]
2023-08-26 20:25:45.075 [info] > git status -z -uall [2ms]
2023-08-26 20:53:17.162 [info] > git show --textconv :pkgs.tex [7ms]
2023-08-26 20:53:17.163 [info] > git ls-files --stage -- /home/joshuacrotts/files/programming/pocs/pkgs.tex [2ms]
2023-08-26 20:53:17.169 [info] > git cat-file -s c23e7b7156e4cd77870c3d7984a7771a0628259e [1ms]
2023-08-26 20:53:20.970 [info] > git config --get commit.template [11ms]
2023-08-26 20:53:20.971 [info] > git for-each-ref --format=%(refname)%00%(upstream:short)%00%(objectname)%00%(upstream:track)%00%(upstream:remotename)%00%(upstream:remoteref) refs/heads/main refs/remotes/main [2ms]
2023-08-26 20:53:20.981 [info] > git status -z -uall [3ms]
2023-08-26 20:53:21.877 [info] > git show --textconv :preamble.tex [13ms]
2023-08-26 20:53:21.879 [info] > git ls-files --stage -- /home/joshuacrotts/files/programming/pocs/preamble.tex [2ms]
2023-08-26 20:53:21.887 [info] > git cat-file -s 112e8349fc15d0536458ce4ffb7549d565dd5325 [1ms]
2023-08-26 20:53:26.171 [info] > git config --get commit.template [7ms]
2023-08-26 20:53:26.172 [info] > git for-each-ref --format=%(refname)%00%(upstream:short)%00%(objectname)%00%(upstream:track)%00%(upstream:remotename)%00%(upstream:remoteref) refs/heads/main refs/remotes/main [1ms]
2023-08-26 20:53:26.181 [info] > git status -z -uall [2ms]
2023-08-26 20:53:28.438 [info] > git check-ignore -v -z --stdin [2ms]
2023-08-26 20:53:29.023 [info] > git check-ignore -v -z --stdin [2ms]
2023-08-26 20:53:29.622 [info] > git check-ignore -v -z --stdin [1ms]
2023-08-26 20:54:22.328 [info] > git check-ignore -v -z --stdin [1ms]
2023-08-26 20:54:23.264 [info] > git check-ignore -v -z --stdin [0ms]
2023-08-26 21:00:08.541 [info] > git config --get commit.template [7ms]
2023-08-26 21:00:08.541 [info] > git for-each-ref --format=%(refname)%00%(upstream:short)%00%(objectname)%00%(upstream:track)%00%(upstream:remotename)%00%(upstream:remoteref) refs/heads/main refs/remotes/main [1ms]
2023-08-26 21:00:08.549 [info] > git status -z -uall [2ms]
2023-08-26 21:00:48.220 [info] > git config --get commit.template [1ms]
2023-08-26 21:00:48.229 [info] > git for-each-ref --format=%(refname)%00%(upstream:short)%00%(objectname)%00%(upstream:track)%00%(upstream:remotename)%00%(upstream:remoteref) refs/heads/main refs/remotes/main [1ms]
2023-08-26 21:00:48.237 [info] > git status -z -uall [3ms]
2023-08-26 21:01:08.460 [info] > git show --textconv :pocs.pdf [16ms]
2023-08-26 21:01:08.461 [info] > git ls-files --stage -- /home/joshuacrotts/files/programming/pocs/pocs.pdf [9ms]
2023-08-26 21:04:55.108 [info] > git show --textconv :main.tex [10ms]
2023-08-26 21:04:55.109 [info] > git ls-files --stage -- /home/joshuacrotts/files/programming/pocs/main.tex [2ms]
2023-08-26 21:04:55.116 [info] > git cat-file -s 53d916562ce559e3181a0ee852923fe8d0a439a8 [1ms]
2023-08-26 21:05:10.011 [info] > git config --get commit.template [15ms]
2023-08-26 21:05:10.012 [info] > git for-each-ref --format=%(refname)%00%(upstream:short)%00%(objectname)%00%(upstream:track)%00%(upstream:remotename)%00%(upstream:remoteref) refs/heads/main refs/remotes/main [2ms]
2023-08-26 21:05:10.023 [info] > git status -z -uall [3ms]
2023-08-26 21:05:15.036 [info] > git config --get commit.template [2ms]
2023-08-26 21:05:15.042 [info] > git for-each-ref --format=%(refname)%00%(upstream:short)%00%(objectname)%00%(upstream:track)%00%(upstream:remotename)%00%(upstream:remoteref) refs/heads/main refs/remotes/main [1ms]
2023-08-26 21:05:15.050 [info] > git status -z -uall [2ms]
2023-08-26 21:40:07.635 [info] > git config --get commit.template [10ms]
2023-08-26 21:40:07.635 [info] > git for-each-ref --format=%(refname)%00%(upstream:short)%00%(objectname)%00%(upstream:track)%00%(upstream:remotename)%00%(upstream:remoteref) refs/heads/main refs/remotes/main [1ms]
2023-08-26 21:40:07.645 [info] > git status -z -uall [4ms]
2023-08-26 21:40:19.208 [info] > git config --get commit.template [7ms]
2023-08-26 21:40:19.208 [info] > git for-each-ref --format=%(refname)%00%(upstream:short)%00%(objectname)%00%(upstream:track)%00%(upstream:remotename)%00%(upstream:remoteref) refs/heads/main refs/remotes/main [1ms]
2023-08-26 21:40:19.216 [info] > git status -z -uall [2ms]
2023-08-26 21:40:30.240 [info] > git config --get commit.template [10ms]
2023-08-26 21:40:30.240 [info] > git for-each-ref --format=%(refname)%00%(upstream:short)%00%(objectname)%00%(upstream:track)%00%(upstream:remotename)%00%(upstream:remoteref) refs/heads/main refs/remotes/main [1ms]
2023-08-26 21:40:30.249 [info] > git status -z -uall [3ms]
2023-08-26 21:41:00.197 [info] > git config --get commit.template [1ms]
2023-08-26 21:41:00.206 [info] > git for-each-ref --format=%(refname)%00%(upstream:short)%00%(objectname)%00%(upstream:track)%00%(upstream:remotename)%00%(upstream:remoteref) refs/heads/main refs/remotes/main [1ms]
2023-08-26 21:41:00.215 [info] > git status -z -uall [2ms]
2023-08-26 21:42:18.639 [info] > git config --get commit.template [8ms]
2023-08-26 21:42:18.648 [info] > git for-each-ref --format=%(refname)%00%(upstream:short)%00%(objectname)%00%(upstream:track)%00%(upstream:remotename)%00%(upstream:remoteref) refs/heads/main refs/remotes/main [1ms]
2023-08-26 21:42:18.657 [info] > git status -z -uall [3ms]
2023-08-26 21:42:50.093 [info] > git config --get commit.template [9ms]
2023-08-26 21:42:50.093 [info] > git for-each-ref --format=%(refname)%00%(upstream:short)%00%(objectname)%00%(upstream:track)%00%(upstream:remotename)%00%(upstream:remoteref) refs/heads/main refs/remotes/main [1ms]
2023-08-26 21:42:50.102 [info] > git status -z -uall [3ms]
2023-08-26 21:42:55.126 [info] > git config --get commit.template [10ms]
2023-08-26 21:42:55.126 [info] > git for-each-ref --format=%(refname)%00%(upstream:short)%00%(objectname)%00%(upstream:track)%00%(upstream:remotename)%00%(upstream:remoteref) refs/heads/main refs/remotes/main [1ms]
2023-08-26 21:42:55.137 [info] > git status -z -uall [4ms]
2023-08-26 21:43:00.911 [info] > git config --get commit.template [2ms]
2023-08-26 21:43:00.927 [info] > git for-each-ref --format=%(refname)%00%(upstream:short)%00%(objectname)%00%(upstream:track)%00%(upstream:remotename)%00%(upstream:remoteref) refs/heads/main refs/remotes/main [3ms]
2023-08-26 21:43:00.945 [info] > git status -z -uall [6ms]
2023-08-26 21:43:09.028 [info] > git config --get commit.template [7ms]
2023-08-26 21:43:09.028 [info] > git for-each-ref --format=%(refname)%00%(upstream:short)%00%(objectname)%00%(upstream:track)%00%(upstream:remotename)%00%(upstream:remoteref) refs/heads/main refs/remotes/main [1ms]
2023-08-26 21:43:09.036 [info] > git status -z -uall [2ms]
2023-08-26 21:44:14.070 [info] > git check-ignore -v -z --stdin [1ms]
2023-08-26 21:45:35.852 [info] > git config --get commit.template [1ms]
2023-08-26 21:45:35.867 [info] > git for-each-ref --format=%(refname)%00%(upstream:short)%00%(objectname)%00%(upstream:track)%00%(upstream:remotename)%00%(upstream:remoteref) refs/heads/main refs/remotes/main [2ms]
2023-08-26 21:45:35.888 [info] > git status -z -uall [8ms]
2023-08-26 21:49:46.820 [info] > git config --get commit.template [8ms]
2023-08-26 21:49:46.820 [info] > git for-each-ref --format=%(refname)%00%(upstream:short)%00%(objectname)%00%(upstream:track)%00%(upstream:remotename)%00%(upstream:remoteref) refs/heads/main refs/remotes/main [1ms]
2023-08-26 21:49:46.830 [info] > git status -z -uall [2ms]
2023-08-26 21:50:00.317 [info] > git config --get commit.template [12ms]
2023-08-26 21:50:00.319 [info] > git for-each-ref --format=%(refname)%00%(upstream:short)%00%(objectname)%00%(upstream:track)%00%(upstream:remotename)%00%(upstream:remoteref) refs/heads/main refs/remotes/main [2ms]
2023-08-26 21:50:00.334 [info] > git status -z -uall [5ms]
2023-08-26 21:50:05.344 [info] > git config --get commit.template [1ms]
2023-08-26 21:50:05.351 [info] > git for-each-ref --format=%(refname)%00%(upstream:short)%00%(objectname)%00%(upstream:track)%00%(upstream:remotename)%00%(upstream:remoteref) refs/heads/main refs/remotes/main [1ms]
2023-08-26 21:50:05.360 [info] > git status -z -uall [3ms]
2023-08-26 21:50:11.297 [info] > git config --get commit.template [9ms]
2023-08-26 21:50:11.297 [info] > git for-each-ref --format=%(refname)%00%(upstream:short)%00%(objectname)%00%(upstream:track)%00%(upstream:remotename)%00%(upstream:remoteref) refs/heads/main refs/remotes/main [0ms]
2023-08-26 21:50:11.306 [info] > git status -z -uall [2ms]
2023-08-26 21:52:15.051 [info] > git config --get commit.template [11ms]
2023-08-26 21:52:15.051 [info] > git for-each-ref --format=%(refname)%00%(upstream:short)%00%(objectname)%00%(upstream:track)%00%(upstream:remotename)%00%(upstream:remoteref) refs/heads/main refs/remotes/main [1ms]
2023-08-26 21:52:15.064 [info] > git status -z -uall [4ms]
2023-08-26 21:52:54.172 [info] > git config --get commit.template [1ms]
2023-08-26 21:52:54.184 [info] > git for-each-ref --format=%(refname)%00%(upstream:short)%00%(objectname)%00%(upstream:track)%00%(upstream:remotename)%00%(upstream:remoteref) refs/heads/main refs/remotes/main [1ms]
2023-08-26 21:52:54.195 [info] > git status -z -uall [3ms]
2023-08-26 21:54:32.335 [info] > git config --get commit.template [11ms]
2023-08-26 21:54:32.337 [info] > git for-each-ref --format=%(refname)%00%(upstream:short)%00%(objectname)%00%(upstream:track)%00%(upstream:remotename)%00%(upstream:remoteref) refs/heads/main refs/remotes/main [3ms]
2023-08-26 21:54:32.351 [info] > git status -z -uall [5ms]
2023-08-26 21:54:44.129 [info] > git config --get commit.template [7ms]
2023-08-26 21:54:44.129 [info] > git for-each-ref --format=%(refname)%00%(upstream:short)%00%(objectname)%00%(upstream:track)%00%(upstream:remotename)%00%(upstream:remoteref) refs/heads/main refs/remotes/main [1ms]
2023-08-26 21:54:44.137 [info] > git status -z -uall [3ms]
2023-08-26 21:54:49.153 [info] > git config --get commit.template [7ms]
2023-08-26 21:54:49.153 [info] > git for-each-ref --format=%(refname)%00%(upstream:short)%00%(objectname)%00%(upstream:track)%00%(upstream:remotename)%00%(upstream:remoteref) refs/heads/main refs/remotes/main [0ms]
2023-08-26 21:54:49.164 [info] > git status -z -uall [3ms]
2023-08-26 21:56:48.183 [info] > git config --get commit.template [10ms]
2023-08-26 21:56:48.183 [info] > git for-each-ref --format=%(refname)%00%(upstream:short)%00%(objectname)%00%(upstream:track)%00%(upstream:remotename)%00%(upstream:remoteref) refs/heads/main refs/remotes/main [1ms]
2023-08-26 21:56:48.194 [info] > git status -z -uall [3ms]
2023-08-26 21:59:09.098 [info] > git config --get commit.template [10ms]
2023-08-26 21:59:09.098 [info] > git for-each-ref --format=%(refname)%00%(upstream:short)%00%(objectname)%00%(upstream:track)%00%(upstream:remotename)%00%(upstream:remoteref) refs/heads/main refs/remotes/main [1ms]
2023-08-26 21:59:09.107 [info] > git status -z -uall [3ms]
2023-08-26 21:59:14.929 [info] > git config --get commit.template [17ms]
2023-08-26 21:59:14.929 [info] > git for-each-ref --format=%(refname)%00%(upstream:short)%00%(objectname)%00%(upstream:track)%00%(upstream:remotename)%00%(upstream:remoteref) refs/heads/main refs/remotes/main [3ms]
2023-08-26 21:59:14.952 [info] > git status -z -uall [6ms]
2023-08-26 21:59:23.610 [info] > git config --get commit.template [16ms]
2023-08-26 21:59:23.611 [info] > git for-each-ref --format=%(refname)%00%(upstream:short)%00%(objectname)%00%(upstream:track)%00%(upstream:remotename)%00%(upstream:remoteref) refs/heads/main refs/remotes/main [3ms]
2023-08-26 21:59:23.626 [info] > git status -z -uall [4ms]
2023-08-26 22:00:25.912 [info] > git config --get commit.template [12ms]
2023-08-26 22:00:25.913 [info] > git for-each-ref --format=%(refname)%00%(upstream:short)%00%(objectname)%00%(upstream:track)%00%(upstream:remotename)%00%(upstream:remoteref) refs/heads/main refs/remotes/main [2ms]
2023-08-26 22:00:25.925 [info] > git status -z -uall [4ms]
2023-08-26 22:01:13.768 [info] > git config --get commit.template [1ms]
2023-08-26 22:01:13.780 [info] > git for-each-ref --format=%(refname)%00%(upstream:short)%00%(objectname)%00%(upstream:track)%00%(upstream:remotename)%00%(upstream:remoteref) refs/heads/main refs/remotes/main [2ms]
2023-08-26 22:01:13.793 [info] > git status -z -uall [4ms]
2023-08-26 22:01:21.566 [info] > git config --get commit.template [10ms]
2023-08-26 22:01:21.566 [info] > git for-each-ref --format=%(refname)%00%(upstream:short)%00%(objectname)%00%(upstream:track)%00%(upstream:remotename)%00%(upstream:remoteref) refs/heads/main refs/remotes/main [1ms]
2023-08-26 22:01:21.575 [info] > git status -z -uall [3ms]
2023-08-26 22:01:36.716 [info] > git config --get commit.template [11ms]
2023-08-26 22:01:36.717 [info] > git for-each-ref --format=%(refname)%00%(upstream:short)%00%(objectname)%00%(upstream:track)%00%(upstream:remotename)%00%(upstream:remoteref) refs/heads/main refs/remotes/main [1ms]
2023-08-26 22:01:36.726 [info] > git status -z -uall [3ms]
2023-08-26 22:01:42.740 [info] > git config --get commit.template [11ms]
2023-08-26 22:01:42.740 [info] > git for-each-ref --format=%(refname)%00%(upstream:short)%00%(objectname)%00%(upstream:track)%00%(upstream:remotename)%00%(upstream:remoteref) refs/heads/main refs/remotes/main [1ms]
2023-08-26 22:01:42.758 [info] > git status -z -uall [6ms]
2023-08-26 22:02:54.293 [info] > git config --get commit.template [8ms]
2023-08-26 22:02:54.294 [info] > git for-each-ref --format=%(refname)%00%(upstream:short)%00%(objectname)%00%(upstream:track)%00%(upstream:remotename)%00%(upstream:remoteref) refs/heads/main refs/remotes/main [1ms]
2023-08-26 22:02:54.305 [info] > git status -z -uall [3ms]
2023-08-26 22:03:02.446 [info] > git config --get commit.template [7ms]
2023-08-26 22:03:02.446 [info] > git for-each-ref --format=%(refname)%00%(upstream:short)%00%(objectname)%00%(upstream:track)%00%(upstream:remotename)%00%(upstream:remoteref) refs/heads/main refs/remotes/main [0ms]
2023-08-26 22:03:02.455 [info] > git status -z -uall [2ms]
2023-08-26 22:04:20.231 [info] > git config --get commit.template [9ms]
2023-08-26 22:04:20.232 [info] > git for-each-ref --format=%(refname)%00%(upstream:short)%00%(objectname)%00%(upstream:track)%00%(upstream:remotename)%00%(upstream:remoteref) refs/heads/main refs/remotes/main [2ms]
2023-08-26 22:04:20.245 [info] > git status -z -uall [3ms]
2023-08-26 22:05:16.909 [info] > git config --get commit.template [1ms]
2023-08-26 22:05:16.936 [info] > git for-each-ref --format=%(refname)%00%(upstream:short)%00%(objectname)%00%(upstream:track)%00%(upstream:remotename)%00%(upstream:remoteref) refs/heads/main refs/remotes/main [4ms]
2023-08-26 22:05:16.965 [info] > git status -z -uall [8ms]
2023-08-26 22:05:38.021 [info] > git for-each-ref --format=%(refname)%00%(upstream:short)%00%(objectname)%00%(upstream:track)%00%(upstream:remotename)%00%(upstream:remoteref) refs/heads/main refs/remotes/main [3ms]
2023-08-26 22:05:38.021 [info] > git config --get commit.template [21ms]
2023-08-26 22:05:38.043 [info] > git status -z -uall [7ms]
2023-08-26 22:06:19.466 [info] > git config --get commit.template [3ms]
2023-08-26 22:06:19.476 [info] > git for-each-ref --format=%(refname)%00%(upstream:short)%00%(objectname)%00%(upstream:track)%00%(upstream:remotename)%00%(upstream:remoteref) refs/heads/main refs/remotes/main [1ms]
2023-08-26 22:06:19.487 [info] > git status -z -uall [3ms]
2023-08-26 22:06:35.630 [info] > git config --get commit.template [9ms]
2023-08-26 22:06:35.630 [info] > git for-each-ref --format=%(refname)%00%(upstream:short)%00%(objectname)%00%(upstream:track)%00%(upstream:remotename)%00%(upstream:remoteref) refs/heads/main refs/remotes/main [1ms]
2023-08-26 22:06:35.640 [info] > git status -z -uall [3ms]
2023-08-26 22:07:12.907 [info] > git config --get commit.template [14ms]
2023-08-26 22:07:12.908 [info] > git for-each-ref --format=%(refname)%00%(upstream:short)%00%(objectname)%00%(upstream:track)%00%(upstream:remotename)%00%(upstream:remoteref) refs/heads/main refs/remotes/main [2ms]
2023-08-26 22:07:12.921 [info] > git status -z -uall [3ms]
2023-08-26 22:08:55.769 [info] > git config --get commit.template [8ms]
2023-08-26 22:08:55.770 [info] > git for-each-ref --format=%(refname)%00%(upstream:short)%00%(objectname)%00%(upstream:track)%00%(upstream:remotename)%00%(upstream:remoteref) refs/heads/main refs/remotes/main [1ms]
2023-08-26 22:08:55.782 [info] > git status -z -uall [4ms]
2023-08-26 22:09:00.817 [info] > git config --get commit.template [15ms]
2023-08-26 22:09:00.817 [info] > git for-each-ref --format=%(refname)%00%(upstream:short)%00%(objectname)%00%(upstream:track)%00%(upstream:remotename)%00%(upstream:remoteref) refs/heads/main refs/remotes/main [1ms]
2023-08-26 22:09:00.841 [info] > git status -z -uall [8ms]
2023-08-26 22:09:38.957 [info] > git config --get commit.template [1ms]
2023-08-26 22:09:38.964 [info] > git for-each-ref --format=%(refname)%00%(upstream:short)%00%(objectname)%00%(upstream:track)%00%(upstream:remotename)%00%(upstream:remoteref) refs/heads/main refs/remotes/main [1ms]
2023-08-26 22:09:38.973 [info] > git status -z -uall [4ms]
2023-08-26 22:10:13.675 [info] > git config --get commit.template [10ms]
2023-08-26 22:10:13.675 [info] > git for-each-ref --format=%(refname)%00%(upstream:short)%00%(objectname)%00%(upstream:track)%00%(upstream:remotename)%00%(upstream:remoteref) refs/heads/main refs/remotes/main [1ms]
2023-08-26 22:10:13.690 [info] > git status -z -uall [4ms]
2023-08-26 22:10:36.284 [info] > git config --get commit.template [8ms]
2023-08-26 22:10:36.285 [info] > git for-each-ref --format=%(refname)%00%(upstream:short)%00%(objectname)%00%(upstream:track)%00%(upstream:remotename)%00%(upstream:remoteref) refs/heads/main refs/remotes/main [2ms]
2023-08-26 22:10:36.292 [info] > git status -z -uall [2ms]
2023-08-26 22:10:42.198 [info] > git config --get commit.template [1ms]
2023-08-26 22:10:42.205 [info] > git for-each-ref --format=%(refname)%00%(upstream:short)%00%(objectname)%00%(upstream:track)%00%(upstream:remotename)%00%(upstream:remoteref) refs/heads/main refs/remotes/main [1ms]
2023-08-26 22:10:42.213 [info] > git status -z -uall [2ms]
2023-08-26 22:10:48.980 [info] > git config --get commit.template [14ms]
2023-08-26 22:10:48.981 [info] > git for-each-ref --format=%(refname)%00%(upstream:short)%00%(objectname)%00%(upstream:track)%00%(upstream:remotename)%00%(upstream:remoteref) refs/heads/main refs/remotes/main [1ms]
2023-08-26 22:10:48.993 [info] > git status -z -uall [4ms]
2023-08-26 22:12:05.098 [info] > git config --get commit.template [14ms]
2023-08-26 22:12:05.098 [info] > git for-each-ref --format=%(refname)%00%(upstream:short)%00%(objectname)%00%(upstream:track)%00%(upstream:remotename)%00%(upstream:remoteref) refs/heads/main refs/remotes/main [1ms]
2023-08-26 22:12:05.111 [info] > git status -z -uall [4ms]
2023-08-26 22:12:44.626 [info] > git config --get commit.template [1ms]
2023-08-26 22:12:44.636 [info] > git for-each-ref --format=%(refname)%00%(upstream:short)%00%(objectname)%00%(upstream:track)%00%(upstream:remotename)%00%(upstream:remoteref) refs/heads/main refs/remotes/main [1ms]
2023-08-26 22:12:44.648 [info] > git status -z -uall [3ms]
2023-08-26 22:13:05.014 [info] > git config --get commit.template [10ms]
2023-08-26 22:13:05.014 [info] > git for-each-ref --format=%(refname)%00%(upstream:short)%00%(objectname)%00%(upstream:track)%00%(upstream:remotename)%00%(upstream:remoteref) refs/heads/main refs/remotes/main [1ms]
2023-08-26 22:13:05.025 [info] > git status -z -uall [3ms]
2023-08-26 22:13:11.677 [info] > git config --get commit.template [11ms]
2023-08-26 22:13:11.677 [info] > git for-each-ref --format=%(refname)%00%(upstream:short)%00%(objectname)%00%(upstream:track)%00%(upstream:remotename)%00%(upstream:remoteref) refs/heads/main refs/remotes/main [1ms]
2023-08-26 22:13:11.689 [info] > git status -z -uall [4ms]
2023-08-26 22:13:56.442 [info] > git config --get commit.template [7ms]
2023-08-26 22:13:56.442 [info] > git for-each-ref --format=%(refname)%00%(upstream:short)%00%(objectname)%00%(upstream:track)%00%(upstream:remotename)%00%(upstream:remoteref) refs/heads/main refs/remotes/main [1ms]
2023-08-26 22:13:56.451 [info] > git status -z -uall [3ms]
2023-08-26 22:14:25.929 [info] > git config --get commit.template [6ms]
2023-08-26 22:14:25.930 [info] > git for-each-ref --format=%(refname)%00%(upstream:short)%00%(objectname)%00%(upstream:track)%00%(upstream:remotename)%00%(upstream:remoteref) refs/heads/main refs/remotes/main [1ms]
2023-08-26 22:14:25.940 [info] > git status -z -uall [3ms]
2023-08-26 22:15:27.115 [info] > git config --get commit.template [2ms]
2023-08-26 22:15:27.127 [info] > git for-each-ref --format=%(refname)%00%(upstream:short)%00%(objectname)%00%(upstream:track)%00%(upstream:remotename)%00%(upstream:remoteref) refs/heads/main refs/remotes/main [2ms]
2023-08-26 22:15:27.141 [info] > git status -z -uall [3ms]
2023-08-26 22:16:31.815 [info] > git config --get commit.template [12ms]
2023-08-26 22:16:31.816 [info] > git for-each-ref --format=%(refname)%00%(upstream:short)%00%(objectname)%00%(upstream:track)%00%(upstream:remotename)%00%(upstream:remoteref) refs/heads/main refs/remotes/main [1ms]
2023-08-26 22:16:31.831 [info] > git status -z -uall [4ms]
2023-08-26 22:16:51.744 [info] > git config --get commit.template [12ms]
2023-08-26 22:16:51.745 [info] > git for-each-ref --format=%(refname)%00%(upstream:short)%00%(objectname)%00%(upstream:track)%00%(upstream:remotename)%00%(upstream:remoteref) refs/heads/main refs/remotes/main [2ms]
2023-08-26 22:16:51.759 [info] > git status -z -uall [4ms]
2023-08-26 22:16:58.652 [info] > git config --get commit.template [13ms]
2023-08-26 22:16:58.654 [info] > git for-each-ref --format=%(refname)%00%(upstream:short)%00%(objectname)%00%(upstream:track)%00%(upstream:remotename)%00%(upstream:remoteref) refs/heads/main refs/remotes/main [3ms]
2023-08-26 22:16:58.669 [info] > git status -z -uall [5ms]
2023-08-26 22:17:50.513 [info] > git config --get commit.template [1ms]
2023-08-26 22:17:50.524 [info] > git for-each-ref --format=%(refname)%00%(upstream:short)%00%(objectname)%00%(upstream:track)%00%(upstream:remotename)%00%(upstream:remoteref) refs/heads/main refs/remotes/main [1ms]
2023-08-26 22:17:50.534 [info] > git status -z -uall [3ms]
2023-08-26 22:17:58.419 [info] > git config --get commit.template [1ms]
2023-08-26 22:17:58.425 [info] > git for-each-ref --format=%(refname)%00%(upstream:short)%00%(objectname)%00%(upstream:track)%00%(upstream:remotename)%00%(upstream:remoteref) refs/heads/main refs/remotes/main [1ms]
2023-08-26 22:17:58.434 [info] > git status -z -uall [3ms]
2023-08-26 22:19:07.474 [info] > git config --get commit.template [1ms]
2023-08-26 22:19:07.483 [info] > git for-each-ref --format=%(refname)%00%(upstream:short)%00%(objectname)%00%(upstream:track)%00%(upstream:remotename)%00%(upstream:remoteref) refs/heads/main refs/remotes/main [2ms]
2023-08-26 22:19:07.497 [info] > git status -z -uall [4ms]
2023-08-26 22:19:12.514 [info] > git config --get commit.template [8ms]
2023-08-26 22:19:12.514 [info] > git for-each-ref --format=%(refname)%00%(upstream:short)%00%(objectname)%00%(upstream:track)%00%(upstream:remotename)%00%(upstream:remoteref) refs/heads/main refs/remotes/main [1ms]
2023-08-26 22:19:12.523 [info] > git status -z -uall [3ms]
2023-08-26 22:19:46.932 [info] > git config --get commit.template [9ms]
2023-08-26 22:19:46.933 [info] > git for-each-ref --format=%(refname)%00%(upstream:short)%00%(objectname)%00%(upstream:track)%00%(upstream:remotename)%00%(upstream:remoteref) refs/heads/main refs/remotes/main [1ms]
2023-08-26 22:19:46.944 [info] > git status -z -uall [4ms]
2023-08-26 22:20:13.258 [info] > git config --get commit.template [11ms]
2023-08-26 22:20:13.259 [info] > git for-each-ref --format=%(refname)%00%(upstream:short)%00%(objectname)%00%(upstream:track)%00%(upstream:remotename)%00%(upstream:remoteref) refs/heads/main refs/remotes/main [1ms]
2023-08-26 22:20:13.272 [info] > git status -z -uall [3ms]
2023-08-26 22:20:18.891 [info] > git config --get commit.template [18ms]
2023-08-26 22:20:18.893 [info] > git for-each-ref --format=%(refname)%00%(upstream:short)%00%(objectname)%00%(upstream:track)%00%(upstream:remotename)%00%(upstream:remoteref) refs/heads/main refs/remotes/main [3ms]
2023-08-26 22:20:18.917 [info] > git status -z -uall [10ms]
2023-08-26 22:21:19.764 [info] > git config --get commit.template [17ms]
2023-08-26 22:21:19.765 [info] > git for-each-ref --format=%(refname)%00%(upstream:short)%00%(objectname)%00%(upstream:track)%00%(upstream:remotename)%00%(upstream:remoteref) refs/heads/main refs/remotes/main [3ms]
2023-08-26 22:21:19.781 [info] > git status -z -uall [5ms]
2023-08-26 22:22:21.754 [info] > git config --get commit.template [9ms]
2023-08-26 22:22:21.754 [info] > git for-each-ref --format=%(refname)%00%(upstream:short)%00%(objectname)%00%(upstream:track)%00%(upstream:remotename)%00%(upstream:remoteref) refs/heads/main refs/remotes/main [1ms]
2023-08-26 22:22:21.764 [info] > git status -z -uall [3ms]
2023-08-26 22:22:30.814 [info] > git config --get commit.template [7ms]
2023-08-26 22:22:30.815 [info] > git for-each-ref --format=%(refname)%00%(upstream:short)%00%(objectname)%00%(upstream:track)%00%(upstream:remotename)%00%(upstream:remoteref) refs/heads/main refs/remotes/main [1ms]
2023-08-26 22:22:30.825 [info] > git status -z -uall [3ms]
2023-08-26 22:22:41.986 [info] > git check-ignore -v -z --stdin [2ms]
2023-08-26 22:22:43.413 [info] > git config --get commit.template [8ms]
2023-08-26 22:22:43.413 [info] > git for-each-ref --format=%(refname)%00%(upstream:short)%00%(objectname)%00%(upstream:track)%00%(upstream:remotename)%00%(upstream:remoteref) refs/heads/main refs/remotes/main [1ms]
2023-08-26 22:22:43.424 [info] > git status -z -uall [3ms]
2023-08-26 22:22:48.451 [info] > git config --get commit.template [13ms]
2023-08-26 22:22:48.452 [info] > git for-each-ref --format=%(refname)%00%(upstream:short)%00%(objectname)%00%(upstream:track)%00%(upstream:remotename)%00%(upstream:remoteref) refs/heads/main refs/remotes/main [2ms]
2023-08-26 22:22:48.469 [info] > git status -z -uall [5ms]
2023-08-26 22:23:01.996 [info] > git config --get commit.template [9ms]
2023-08-26 22:23:01.997 [info] > git for-each-ref --format=%(refname)%00%(upstream:short)%00%(objectname)%00%(upstream:track)%00%(upstream:remotename)%00%(upstream:remoteref) refs/heads/main refs/remotes/main [1ms]
2023-08-26 22:23:02.011 [info] > git status -z -uall [5ms]
2023-08-26 22:23:07.044 [info] > git config --get commit.template [16ms]
2023-08-26 22:23:07.045 [info] > git for-each-ref --format=%(refname)%00%(upstream:short)%00%(objectname)%00%(upstream:track)%00%(upstream:remotename)%00%(upstream:remoteref) refs/heads/main refs/remotes/main [2ms]
2023-08-26 22:23:07.061 [info] > git status -z -uall [6ms]
2023-08-26 22:23:20.477 [info] > git config --get commit.template [10ms]
2023-08-26 22:23:20.477 [info] > git for-each-ref --format=%(refname)%00%(upstream:short)%00%(objectname)%00%(upstream:track)%00%(upstream:remotename)%00%(upstream:remoteref) refs/heads/main refs/remotes/main [1ms]
2023-08-26 22:23:20.489 [info] > git status -z -uall [3ms]
2023-08-26 22:23:40.784 [info] > git config --get commit.template [13ms]
2023-08-26 22:23:40.785 [info] > git for-each-ref --format=%(refname)%00%(upstream:short)%00%(objectname)%00%(upstream:track)%00%(upstream:remotename)%00%(upstream:remoteref) refs/heads/main refs/remotes/main [2ms]
2023-08-26 22:23:40.799 [info] > git status -z -uall [4ms]
2023-08-26 22:23:45.825 [info] > git config --get commit.template [10ms]
2023-08-26 22:23:45.826 [info] > git for-each-ref --format=%(refname)%00%(upstream:short)%00%(objectname)%00%(upstream:track)%00%(upstream:remotename)%00%(upstream:remoteref) refs/heads/main refs/remotes/main [1ms]
2023-08-26 22:23:45.841 [info] > git status -z -uall [5ms]
2023-08-26 22:24:56.407 [info] > git config --get commit.template [12ms]
2023-08-26 22:24:56.407 [info] > git for-each-ref --format=%(refname)%00%(upstream:short)%00%(objectname)%00%(upstream:track)%00%(upstream:remotename)%00%(upstream:remoteref) refs/heads/main refs/remotes/main [1ms]
2023-08-26 22:24:56.423 [info] > git status -z -uall [5ms]
2023-08-26 22:25:26.030 [info] > git config --get commit.template [18ms]
2023-08-26 22:25:26.030 [info] > git for-each-ref --format=%(refname)%00%(upstream:short)%00%(objectname)%00%(upstream:track)%00%(upstream:remotename)%00%(upstream:remoteref) refs/heads/main refs/remotes/main [2ms]
2023-08-26 22:25:26.047 [info] > git status -z -uall [6ms]
2023-08-26 22:25:38.462 [info] > git config --get commit.template [13ms]
2023-08-26 22:25:38.463 [info] > git for-each-ref --format=%(refname)%00%(upstream:short)%00%(objectname)%00%(upstream:track)%00%(upstream:remotename)%00%(upstream:remoteref) refs/heads/main refs/remotes/main [2ms]
2023-08-26 22:25:38.481 [info] > git status -z -uall [6ms]
2023-08-26 22:25:43.762 [info] > git config --get commit.template [13ms]
2023-08-26 22:25:43.763 [info] > git for-each-ref --format=%(refname)%00%(upstream:short)%00%(objectname)%00%(upstream:track)%00%(upstream:remotename)%00%(upstream:remoteref) refs/heads/main refs/remotes/main [2ms]
2023-08-26 22:25:43.781 [info] > git status -z -uall [5ms]
2023-08-26 22:25:58.434 [info] > git config --get commit.template [15ms]
2023-08-26 22:25:58.435 [info] > git for-each-ref --format=%(refname)%00%(upstream:short)%00%(objectname)%00%(upstream:track)%00%(upstream:remotename)%00%(upstream:remoteref) refs/heads/main refs/remotes/main [2ms]
2023-08-26 22:25:58.451 [info] > git status -z -uall [5ms]
2023-08-26 22:26:18.179 [info] > git config --get commit.template [9ms]
2023-08-26 22:26:18.180 [info] > git for-each-ref --format=%(refname)%00%(upstream:short)%00%(objectname)%00%(upstream:track)%00%(upstream:remotename)%00%(upstream:remoteref) refs/heads/main refs/remotes/main [1ms]
2023-08-26 22:26:18.191 [info] > git status -z -uall [3ms]
2023-08-26 22:27:11.950 [info] > git config --get commit.template [12ms]
2023-08-26 22:27:11.952 [info] > git for-each-ref --format=%(refname)%00%(upstream:short)%00%(objectname)%00%(upstream:track)%00%(upstream:remotename)%00%(upstream:remoteref) refs/heads/main refs/remotes/main [2ms]
2023-08-26 22:27:11.970 [info] > git status -z -uall [5ms]
2023-08-26 22:27:31.438 [info] > git config --get commit.template [11ms]
2023-08-26 22:27:31.439 [info] > git for-each-ref --format=%(refname)%00%(upstream:short)%00%(objectname)%00%(upstream:track)%00%(upstream:remotename)%00%(upstream:remoteref) refs/heads/main refs/remotes/main [2ms]
2023-08-26 22:27:31.453 [info] > git status -z -uall [5ms]
2023-08-26 22:27:42.592 [info] > git config --get commit.template [1ms]
2023-08-26 22:27:42.602 [info] > git for-each-ref --format=%(refname)%00%(upstream:short)%00%(objectname)%00%(upstream:track)%00%(upstream:remotename)%00%(upstream:remoteref) refs/heads/main refs/remotes/main [1ms]
2023-08-26 22:27:42.615 [info] > git status -z -uall [3ms]
2023-08-26 22:27:54.954 [info] > git config --get commit.template [1ms]
2023-08-26 22:27:54.963 [info] > git for-each-ref --format=%(refname)%00%(upstream:short)%00%(objectname)%00%(upstream:track)%00%(upstream:remotename)%00%(upstream:remoteref) refs/heads/main refs/remotes/main [1ms]
2023-08-26 22:27:54.972 [info] > git status -z -uall [2ms]
2023-08-26 22:28:51.787 [info] > git config --get commit.template [7ms]
2023-08-26 22:28:51.787 [info] > git for-each-ref --format=%(refname)%00%(upstream:short)%00%(objectname)%00%(upstream:track)%00%(upstream:remotename)%00%(upstream:remoteref) refs/heads/main refs/remotes/main [1ms]
2023-08-26 22:28:51.798 [info] > git status -z -uall [3ms]
2023-08-26 22:28:58.099 [info] > git config --get commit.template [1ms]
2023-08-26 22:28:58.106 [info] > git for-each-ref --format=%(refname)%00%(upstream:short)%00%(objectname)%00%(upstream:track)%00%(upstream:remotename)%00%(upstream:remoteref) refs/heads/main refs/remotes/main [1ms]
2023-08-26 22:28:58.117 [info] > git status -z -uall [3ms]
2023-08-26 22:29:13.248 [info] > git config --get commit.template [9ms]
2023-08-26 22:29:13.249 [info] > git for-each-ref --format=%(refname)%00%(upstream:short)%00%(objectname)%00%(upstream:track)%00%(upstream:remotename)%00%(upstream:remoteref) refs/heads/main refs/remotes/main [1ms]
2023-08-26 22:29:13.258 [info] > git status -z -uall [3ms]
2023-08-26 22:29:48.812 [info] > git config --get commit.template [11ms]
2023-08-26 22:29:48.813 [info] > git for-each-ref --format=%(refname)%00%(upstream:short)%00%(objectname)%00%(upstream:track)%00%(upstream:remotename)%00%(upstream:remoteref) refs/heads/main refs/remotes/main [2ms]
2023-08-26 22:29:48.830 [info] > git status -z -uall [5ms]
2023-08-26 22:30:25.630 [info] > git config --get commit.template [9ms]
2023-08-26 22:30:25.630 [info] > git for-each-ref --format=%(refname)%00%(upstream:short)%00%(objectname)%00%(upstream:track)%00%(upstream:remotename)%00%(upstream:remoteref) refs/heads/main refs/remotes/main [0ms]
2023-08-26 22:30:25.643 [info] > git status -z -uall [3ms]
2023-08-26 22:30:40.676 [info] > git config --get commit.template [2ms]
2023-08-26 22:30:40.691 [info] > git for-each-ref --format=%(refname)%00%(upstream:short)%00%(objectname)%00%(upstream:track)%00%(upstream:remotename)%00%(upstream:remoteref) refs/heads/main refs/remotes/main [2ms]
2023-08-26 22:30:40.704 [info] > git status -z -uall [5ms]
2023-08-26 22:30:59.268 [info] > git config --get commit.template [10ms]
2023-08-26 22:30:59.269 [info] > git for-each-ref --format=%(refname)%00%(upstream:short)%00%(objectname)%00%(upstream:track)%00%(upstream:remotename)%00%(upstream:remoteref) refs/heads/main refs/remotes/main [1ms]
2023-08-26 22:30:59.282 [info] > git status -z -uall [4ms]
2023-08-26 22:31:42.973 [info] > git config --get commit.template [10ms]
2023-08-26 22:31:42.973 [info] > git for-each-ref --format=%(refname)%00%(upstream:short)%00%(objectname)%00%(upstream:track)%00%(upstream:remotename)%00%(upstream:remoteref) refs/heads/main refs/remotes/main [1ms]
2023-08-26 22:31:42.984 [info] > git status -z -uall [4ms]
2023-08-26 22:32:11.357 [info] > git config --get commit.template [1ms]
2023-08-26 22:32:11.369 [info] > git for-each-ref --format=%(refname)%00%(upstream:short)%00%(objectname)%00%(upstream:track)%00%(upstream:remotename)%00%(upstream:remoteref) refs/heads/main refs/remotes/main [2ms]
2023-08-26 22:32:11.380 [info] > git status -z -uall [3ms]
2023-08-26 22:32:34.133 [info] > git config --get commit.template [13ms]
2023-08-26 22:32:34.134 [info] > git for-each-ref --format=%(refname)%00%(upstream:short)%00%(objectname)%00%(upstream:track)%00%(upstream:remotename)%00%(upstream:remoteref) refs/heads/main refs/remotes/main [2ms]
2023-08-26 22:32:34.150 [info] > git status -z -uall [6ms]
2023-08-26 22:32:59.184 [info] > git config --get commit.template [13ms]
2023-08-26 22:32:59.185 [info] > git for-each-ref --format=%(refname)%00%(upstream:short)%00%(objectname)%00%(upstream:track)%00%(upstream:remotename)%00%(upstream:remoteref) refs/heads/main refs/remotes/main [2ms]
2023-08-26 22:32:59.199 [info] > git status -z -uall [5ms]
2023-08-26 22:33:11.520 [info] > git config --get commit.template [10ms]
2023-08-26 22:33:11.521 [info] > git for-each-ref --format=%(refname)%00%(upstream:short)%00%(objectname)%00%(upstream:track)%00%(upstream:remotename)%00%(upstream:remoteref) refs/heads/main refs/remotes/main [1ms]
2023-08-26 22:33:11.535 [info] > git status -z -uall [4ms]
2023-08-26 22:33:51.684 [info] > git config --get commit.template [8ms]
2023-08-26 22:33:51.685 [info] > git for-each-ref --format=%(refname)%00%(upstream:short)%00%(objectname)%00%(upstream:track)%00%(upstream:remotename)%00%(upstream:remoteref) refs/heads/main refs/remotes/main [1ms]
2023-08-26 22:33:51.695 [info] > git status -z -uall [3ms]
2023-08-26 22:34:13.251 [info] > git config --get commit.template [10ms]
2023-08-26 22:34:13.252 [info] > git for-each-ref --format=%(refname)%00%(upstream:short)%00%(objectname)%00%(upstream:track)%00%(upstream:remotename)%00%(upstream:remoteref) refs/heads/main refs/remotes/main [2ms]
2023-08-26 22:34:13.265 [info] > git status -z -uall [3ms]
2023-08-26 22:34:25.301 [info] > git config --get commit.template [13ms]
2023-08-26 22:34:25.302 [info] > git for-each-ref --format=%(refname)%00%(upstream:short)%00%(objectname)%00%(upstream:track)%00%(upstream:remotename)%00%(upstream:remoteref) refs/heads/main refs/remotes/main [1ms]
2023-08-26 22:34:25.316 [info] > git status -z -uall [3ms]
2023-08-26 22:35:08.837 [info] > git config --get commit.template [8ms]
2023-08-26 22:35:08.837 [info] > git for-each-ref --format=%(refname)%00%(upstream:short)%00%(objectname)%00%(upstream:track)%00%(upstream:remotename)%00%(upstream:remoteref) refs/heads/main refs/remotes/main [1ms]
2023-08-26 22:35:08.846 [info] > git status -z -uall [2ms]
2023-08-26 22:35:13.856 [info] > git config --get commit.template [1ms]
2023-08-26 22:35:13.863 [info] > git for-each-ref --format=%(refname)%00%(upstream:short)%00%(objectname)%00%(upstream:track)%00%(upstream:remotename)%00%(upstream:remoteref) refs/heads/main refs/remotes/main [1ms]
2023-08-26 22:35:13.873 [info] > git status -z -uall [2ms]
2023-08-26 22:37:53.104 [info] > git config --get commit.template [7ms]
2023-08-26 22:37:53.104 [info] > git for-each-ref --format=%(refname)%00%(upstream:short)%00%(objectname)%00%(upstream:track)%00%(upstream:remotename)%00%(upstream:remoteref) refs/heads/main refs/remotes/main [1ms]
2023-08-26 22:37:53.113 [info] > git status -z -uall [2ms]
2023-08-26 22:38:15.910 [info] > git config --get commit.template [1ms]
2023-08-26 22:38:15.916 [info] > git for-each-ref --format=%(refname)%00%(upstream:short)%00%(objectname)%00%(upstream:track)%00%(upstream:remotename)%00%(upstream:remoteref) refs/heads/main refs/remotes/main [0ms]
2023-08-26 22:38:15.925 [info] > git status -z -uall [3ms]
2023-08-26 22:38:58.810 [info] > git config --get commit.template [14ms]
2023-08-26 22:38:58.811 [info] > git for-each-ref --format=%(refname)%00%(upstream:short)%00%(objectname)%00%(upstream:track)%00%(upstream:remotename)%00%(upstream:remoteref) refs/heads/main refs/remotes/main [2ms]
2023-08-26 22:38:58.825 [info] > git status -z -uall [5ms]
2023-08-26 22:39:13.076 [info] > git config --get commit.template [13ms]
2023-08-26 22:39:13.077 [info] > git for-each-ref --format=%(refname)%00%(upstream:short)%00%(objectname)%00%(upstream:track)%00%(upstream:remotename)%00%(upstream:remoteref) refs/heads/main refs/remotes/main [2ms]
2023-08-26 22:39:13.090 [info] > git status -z -uall [4ms]
2023-08-26 22:39:13.183 [info] > git ls-files --stage -- /home/joshuacrotts/files/programming/pocs/preamble.tex [12ms]
2023-08-26 22:39:13.190 [info] > git ls-files --stage -- /home/joshuacrotts/files/programming/pocs/pkgs.tex [31ms]
2023-08-26 22:39:13.198 [info] > git cat-file -s 04b0c92aa9b74f20c7b14f524d2605934d810bf6 [2ms]
2023-08-26 22:39:13.199 [info] > git cat-file -s f423e8d467f116b8ea2fcf872e039ff336c113bf [9ms]
2023-08-26 22:39:13.199 [info] > git ls-files --stage -- /home/joshuacrotts/files/programming/pocs/main.tex [17ms]
2023-08-26 22:39:13.217 [info] > git show --textconv :pkgs.tex [6ms]
2023-08-26 22:39:13.218 [info] > git cat-file -s b646458b2d102124de6322c98f48e7af5945d46b [13ms]
2023-08-26 22:39:13.218 [info] > git show --textconv :preamble.tex [1ms]
2023-08-26 22:39:13.226 [info] > git show --textconv :main.tex [1ms]
2023-08-26 22:39:20.391 [info] > git config --get commit.template [9ms]
2023-08-26 22:39:20.393 [info] > git for-each-ref --format=%(refname)%00%(upstream:short)%00%(objectname)%00%(upstream:track)%00%(upstream:remotename)%00%(upstream:remoteref) refs/heads/main refs/remotes/main [3ms]
2023-08-26 22:39:20.406 [info] > git status -z -uall [4ms]
2023-08-26 22:39:20.510 [info] > git ls-files --stage -- /home/joshuacrotts/files/programming/pocs/main.tex [3ms]
2023-08-26 22:39:20.517 [info] > git ls-files --stage -- /home/joshuacrotts/files/programming/pocs/preamble.tex [21ms]
2023-08-26 22:39:20.524 [info] > git ls-files --stage -- /home/joshuacrotts/files/programming/pocs/pkgs.tex [41ms]
2023-08-26 22:39:20.530 [info] > git cat-file -s f423e8d467f116b8ea2fcf872e039ff336c113bf [7ms]
2023-08-26 22:39:20.531 [info] > git cat-file -s b646458b2d102124de6322c98f48e7af5945d46b [14ms]
2023-08-26 22:39:20.531 [info] > git cat-file -s 04b0c92aa9b74f20c7b14f524d2605934d810bf6 [1ms]
2023-08-26 22:39:20.548 [info] > git show --textconv :preamble.tex [11ms]
2023-08-26 22:39:20.548 [info] > git show --textconv :main.tex [6ms]
2023-08-26 22:39:20.549 [info] > git show --textconv :pkgs.tex [1ms]
2023-08-26 22:40:12.845 [warning] ENOENT: no such file or directory, open '/home/joshuacrotts/files/programming/pocs/.git/HEAD'
2023-08-26 22:40:12.860 [warning] getRemotes() - ENOENT: no such file or directory, open '/home/joshuacrotts/files/programming/pocs/.git/config'
2023-08-26 22:40:12.875 [warning] ENOENT: no such file or directory, open '/home/joshuacrotts/files/programming/pocs/.git/HEAD'
2023-08-26 22:40:12.888 [warning] getRemotes() - ENOENT: no such file or directory, open '/home/joshuacrotts/files/programming/pocs/.git/config'
