2023-08-27 14:11:22.055 [info] Reading sessions from keychain...
2023-08-27 14:11:22.055 [info] Getting sessions for all scopes...
2023-08-27 14:11:22.055 [info] Getting sessions for user:email...
2023-08-27 14:11:22.172 [info] Got stored sessions!
2023-08-27 14:11:22.172 [info] Got 1 verified sessions.
2023-08-27 14:11:22.172 [info] Got 1 sessions for ...
2023-08-27 14:11:22.172 [info] Got 1 sessions for user:email...
2023-08-27 14:11:22.660 [info] Getting sessions for all scopes...
2023-08-27 14:11:22.660 [info] Got 1 sessions for ...
2023-08-27 14:11:22.734 [info] Getting sessions for all scopes...
2023-08-27 14:11:22.734 [info] Got 1 sessions for ...
2023-08-27 14:11:22.735 [info] Getting sessions for read:user...
2023-08-27 14:11:22.735 [info] Got 0 sessions for read:user...
2023-08-27 14:11:22.746 [info] Getting sessions for user:email...
2023-08-27 14:11:22.746 [info] Got 1 sessions for user:email...
2023-08-27 14:11:23.103 [info] Getting sessions for read:user,repo,user:email,workflow...
2023-08-27 14:11:23.103 [info] Got 0 sessions for read:user,repo,user:email,workflow...
2023-08-27 14:11:44.550 [info] Reading sessions from keychain...
2023-08-27 14:11:44.550 [info] Getting sessions for all scopes...
2023-08-27 14:11:44.550 [info] Getting sessions for user:email...
2023-08-27 14:11:44.639 [info] Got stored sessions!
2023-08-27 14:11:44.639 [info] Got 1 verified sessions.
2023-08-27 14:11:44.639 [info] Got 1 sessions for ...
2023-08-27 14:11:44.639 [info] Got 1 sessions for user:email...
2023-08-27 14:11:44.688 [info] Getting sessions for all scopes...
2023-08-27 14:11:44.688 [info] Got 1 sessions for ...
2023-08-27 14:11:44.699 [info] Getting sessions for read:user...
2023-08-27 14:11:44.699 [info] Got 0 sessions for read:user...
2023-08-27 14:11:44.721 [info] Getting sessions for user:email...
2023-08-27 14:11:44.721 [info] Got 1 sessions for user:email...
2023-08-27 14:11:44.810 [info] Getting sessions for all scopes...
2023-08-27 14:11:44.810 [info] Got 1 sessions for ...
2023-08-27 14:32:27.247 [info] Reading sessions from keychain...
2023-08-27 14:32:27.247 [info] Getting sessions for all scopes...
2023-08-27 14:32:27.247 [info] Got stored sessions!
2023-08-27 14:32:27.247 [info] Got 1 verified sessions.
2023-08-27 14:32:27.247 [info] Got 1 sessions for ...
2023-08-27 14:32:27.247 [info] Getting sessions for user:email...
2023-08-27 14:32:27.247 [info] Got 1 sessions for user:email...
2023-08-27 14:32:27.470 [info] Getting sessions for all scopes...
2023-08-27 14:32:27.470 [info] Got 1 sessions for ...
2023-08-27 14:32:30.464 [info] Getting sessions for read:user...
2023-08-27 14:32:30.464 [info] Got 0 sessions for read:user...
2023-08-27 14:32:30.498 [info] Getting sessions for user:email...
2023-08-27 14:32:30.498 [info] Got 1 sessions for user:email...
2023-08-27 14:32:30.506 [info] Getting sessions for read:user,repo,user:email,workflow...
2023-08-27 14:32:30.506 [info] Got 0 sessions for read:user,repo,user:email,workflow...
