2023-08-25 20:32:03.314 [info] Getting Manifest... ms-vscode.cpptools-extension-pack
2023-08-25 20:32:03.339 [info] Installing extension: ms-vscode.cpptools-extension-pack
2023-08-25 20:32:03.588 [info] Getting Manifest... ms-vscode.cpptools
2023-08-25 20:32:03.594 [info] Getting Manifest... ms-vscode.cmake-tools
2023-08-25 20:32:03.721 [info] Getting Manifest... twxs.cmake
2023-08-25 20:32:03.769 [info] Getting Manifest... ms-vscode.cpptools-themes
2023-08-25 20:32:03.839 [info] Installing extension: ms-vscode.cmake-tools ms-vscode.cpptools-extension-pack
2023-08-25 20:32:03.839 [info] Installing extension: twxs.cmake ms-vscode.cpptools-extension-pack
2023-08-25 20:32:03.839 [info] Installing extension: ms-vscode.cpptools-themes ms-vscode.cpptools-extension-pack
2023-08-25 20:32:04.679 [warning] Extension signature verification failed with error 'UnknownError': ms-vscode.cpptools-themes
2023-08-25 20:32:04.698 [info] Extracted extension to file:///home/joshuacrotts/.vscode/extensions/ms-vscode.cpptools-themes-2.0.0: ms-vscode.cpptools-themes
2023-08-25 20:32:04.700 [info] Renamed to /home/joshuacrotts/.vscode/extensions/ms-vscode.cpptools-themes-2.0.0
2023-08-25 20:32:04.701 [info] Extracting extension completed. ms-vscode.cpptools-themes
2023-08-25 20:32:08.107 [warning] Extension signature verification failed with error 'UnknownError': ms-vscode.cmake-tools
2023-08-25 20:32:08.234 [info] Extracted extension to file:///home/joshuacrotts/.vscode/extensions/ms-vscode.cmake-tools-1.15.31: ms-vscode.cmake-tools
2023-08-25 20:32:08.248 [info] Renamed to /home/joshuacrotts/.vscode/extensions/ms-vscode.cmake-tools-1.15.31
2023-08-25 20:32:08.253 [info] Extracting extension completed. ms-vscode.cmake-tools
2023-08-25 20:32:13.106 [warning] Extension signature verification failed with error 'UnknownError': twxs.cmake
2023-08-25 20:32:13.231 [info] Extracted extension to file:///home/joshuacrotts/.vscode/extensions/twxs.cmake-0.0.17: twxs.cmake
2023-08-25 20:32:13.244 [info] Renamed to /home/joshuacrotts/.vscode/extensions/twxs.cmake-0.0.17
2023-08-25 20:32:13.244 [info] Extracting extension completed. twxs.cmake
2023-08-25 20:32:13.386 [warning] Extension signature verification failed with error 'UnknownError': ms-vscode.cpptools-extension-pack
2023-08-25 20:32:13.390 [info] Extracted extension to file:///home/joshuacrotts/.vscode/extensions/ms-vscode.cpptools-extension-pack-1.3.0: ms-vscode.cpptools-extension-pack
2023-08-25 20:32:13.392 [info] Renamed to /home/joshuacrotts/.vscode/extensions/ms-vscode.cpptools-extension-pack-1.3.0
2023-08-25 20:32:13.393 [info] Extracting extension completed. ms-vscode.cpptools-extension-pack
2023-08-25 20:32:13.397 [info] Extension installed successfully: ms-vscode.cpptools-themes
2023-08-25 20:32:13.397 [info] Extension installed successfully: ms-vscode.cmake-tools
2023-08-25 20:32:13.397 [info] Extension installed successfully: twxs.cmake
2023-08-25 20:32:13.397 [info] Extension installed successfully: ms-vscode.cpptools-extension-pack
