2023-08-26 14:51:05.565 [info] Reading sessions from keychain...
2023-08-26 14:51:05.565 [info] Getting sessions for all scopes...
2023-08-26 14:51:05.565 [info] Getting sessions for user:email...
2023-08-26 14:51:05.565 [info] Got stored sessions!
2023-08-26 14:51:05.565 [info] Got 1 verified sessions.
2023-08-26 14:51:05.565 [info] Got 1 sessions for ...
2023-08-26 14:51:05.565 [info] Got 1 sessions for user:email...
2023-08-26 14:51:05.565 [info] Getting sessions for read:user,repo,user:email,workflow...
2023-08-26 14:51:05.565 [info] Got 0 sessions for read:user,repo,user:email,workflow...
2023-08-26 14:51:05.565 [info] Getting sessions for read:user...
2023-08-26 14:51:05.565 [info] Got 0 sessions for read:user...
2023-08-26 14:51:05.578 [info] Getting sessions for all scopes...
2023-08-26 14:51:05.578 [info] Got 1 sessions for ...
2023-08-26 14:51:05.578 [info] Getting sessions for user:email...
2023-08-26 14:51:05.578 [info] Got 1 sessions for user:email...
2023-08-26 14:51:05.624 [info] Getting sessions for all scopes...
2023-08-26 14:51:05.624 [info] Got 1 sessions for ...
2023-08-26 15:16:05.952 [info] Getting sessions for read:user...
2023-08-26 15:16:05.952 [info] Got 0 sessions for read:user...
2023-08-26 15:16:05.953 [info] Getting sessions for user:email...
2023-08-26 15:16:05.953 [info] Got 1 sessions for user:email...
2023-08-26 15:41:06.391 [info] Getting sessions for read:user...
2023-08-26 15:41:06.391 [info] Got 0 sessions for read:user...
2023-08-26 15:41:06.392 [info] Getting sessions for user:email...
2023-08-26 15:41:06.392 [info] Got 1 sessions for user:email...
