2023-08-26 11:42:14.905 [info] Reading sessions from keychain...
2023-08-26 11:42:14.905 [info] Getting sessions for all scopes...
2023-08-26 11:42:14.905 [info] Getting sessions for user:email...
2023-08-26 11:42:14.905 [info] Got stored sessions!
2023-08-26 11:42:14.905 [info] Got 1 verified sessions.
2023-08-26 11:42:14.905 [info] Got 1 sessions for ...
2023-08-26 11:42:14.905 [info] Got 1 sessions for user:email...
2023-08-26 11:42:14.905 [info] Getting sessions for all scopes...
2023-08-26 11:42:14.905 [info] Got 1 sessions for ...
2023-08-26 11:42:14.915 [info] Getting sessions for read:user...
2023-08-26 11:42:14.915 [info] Got 0 sessions for read:user...
2023-08-26 11:42:14.916 [info] Getting sessions for user:email...
2023-08-26 11:42:14.916 [info] Got 1 sessions for user:email...
2023-08-26 11:42:14.984 [info] Getting sessions for all scopes...
2023-08-26 11:42:14.984 [info] Got 1 sessions for ...
2023-08-26 11:42:29.094 [info] Reading sessions from keychain...
2023-08-26 11:42:29.094 [info] Getting sessions for all scopes...
2023-08-26 11:42:29.094 [info] Getting sessions for user:email...
2023-08-26 11:42:29.094 [info] Got stored sessions!
2023-08-26 11:42:29.094 [info] Got 1 verified sessions.
2023-08-26 11:42:29.094 [info] Got 1 sessions for ...
2023-08-26 11:42:29.094 [info] Got 1 sessions for user:email...
2023-08-26 11:42:29.094 [info] Getting sessions for all scopes...
2023-08-26 11:42:29.094 [info] Got 1 sessions for ...
2023-08-26 11:42:29.169 [info] Getting sessions for read:user,repo,user:email,workflow...
2023-08-26 11:42:29.169 [info] Got 0 sessions for read:user,repo,user:email,workflow...
2023-08-26 11:42:29.197 [info] Getting sessions for read:user...
2023-08-26 11:42:29.197 [info] Got 0 sessions for read:user...
2023-08-26 11:42:29.200 [info] Getting sessions for user:email...
2023-08-26 11:42:29.200 [info] Got 1 sessions for user:email...
2023-08-26 11:42:29.206 [info] Getting sessions for all scopes...
2023-08-26 11:42:29.206 [info] Got 1 sessions for ...
2023-08-26 12:07:29.560 [info] Getting sessions for read:user...
2023-08-26 12:07:29.561 [info] Got 0 sessions for read:user...
2023-08-26 12:07:29.564 [info] Getting sessions for user:email...
2023-08-26 12:07:29.564 [info] Got 1 sessions for user:email...
2023-08-26 12:32:29.876 [info] Getting sessions for read:user...
2023-08-26 12:32:29.876 [info] Got 0 sessions for read:user...
2023-08-26 12:32:29.878 [info] Getting sessions for user:email...
2023-08-26 12:32:29.878 [info] Got 1 sessions for user:email...
2023-08-26 13:02:52.368 [info] Getting sessions for read:user...
2023-08-26 13:02:52.368 [info] Got 0 sessions for read:user...
2023-08-26 13:02:52.371 [info] Getting sessions for user:email...
2023-08-26 13:02:52.371 [info] Got 1 sessions for user:email...
2023-08-26 13:27:52.684 [info] Getting sessions for read:user...
2023-08-26 13:27:52.684 [info] Got 0 sessions for read:user...
2023-08-26 13:27:52.685 [info] Getting sessions for user:email...
2023-08-26 13:27:52.685 [info] Got 1 sessions for user:email...
2023-08-26 13:52:53.092 [info] Getting sessions for read:user...
2023-08-26 13:52:53.093 [info] Got 0 sessions for read:user...
2023-08-26 13:52:53.095 [info] Getting sessions for user:email...
2023-08-26 13:52:53.095 [info] Got 1 sessions for user:email...
2023-08-26 14:17:53.428 [info] Getting sessions for read:user...
2023-08-26 14:17:53.428 [info] Got 0 sessions for read:user...
2023-08-26 14:17:53.431 [info] Getting sessions for user:email...
2023-08-26 14:17:53.432 [info] Got 1 sessions for user:email...
